ARM GAS  /tmp/ccZeMwW6.s 			page 1


   1              		.syntax unified
   2              		.cpu cortex-m4
   3              		.fpu softvfp
   4              		.eabi_attribute 20, 1
   5              		.eabi_attribute 21, 1
   6              		.eabi_attribute 23, 3
   7              		.eabi_attribute 24, 1
   8              		.eabi_attribute 25, 1
   9              		.eabi_attribute 26, 1
  10              		.eabi_attribute 30, 2
  11              		.eabi_attribute 34, 1
  12              		.eabi_attribute 18, 4
  13              		.thumb
  14              		.file	"chcore_v7m.c"
  15              		.text
  16              	.Ltext0:
  17              		.cfi_sections	.debug_frame
  18              		.section	.text._port_switch_from_isr,"ax",%progbits
  19              		.align	2
  20              		.p2align 4,,15
  21              		.global	_port_switch_from_isr
  22              		.thumb
  23              		.thumb_func
  24              		.type	_port_switch_from_isr, %function
  25              	_port_switch_from_isr:
  26              	.LFB11:
  27              		.file 1 "../../ChibiOS_2.6.5/os/ports/GCC/ARMCMx/chcore_v7m.c"
  28              		.loc 1 197 0
  29              		.cfi_startproc
  30              		@ Naked Function: prologue and epilogue provided by programmer.
  31              		@ args = 0, pretend = 0, frame = 0
  32              		@ frame_needed = 0, uses_anonymous_args = 0
  33              		.loc 1 199 0
  34 0000 FFF7FEFF 		bl	dbg_check_lock
  35              	.LVL0:
  36              		.loc 1 200 0
  37 0004 FFF7FEFF 		bl	chSchDoReschedule
  38              	.LVL1:
  39              		.loc 1 201 0
  40 0008 FFF7FEFF 		bl	dbg_check_unlock
  41              	.LVL2:
  42              		.loc 1 202 0
  43              	@ 202 "../../ChibiOS_2.6.5/os/ports/GCC/ARMCMx/chcore_v7m.c" 1
  44              		_port_exit_from_isr:
  45              	@ 0 "" 2
  46              		.loc 1 204 0
  47              	@ 204 "../../ChibiOS_2.6.5/os/ports/GCC/ARMCMx/chcore_v7m.c" 1
  48 000c 00DF     		svc     #0
  49              	@ 0 "" 2
  50              		.loc 1 211 0
  51              		.thumb
  52              		.cfi_endproc
  53              	.LFE11:
  54              		.size	_port_switch_from_isr, .-_port_switch_from_isr
  55 000e 00BF     		.section	.text.SVCallVector,"ax",%progbits
  56              		.align	2
  57              		.p2align 4,,15
ARM GAS  /tmp/ccZeMwW6.s 			page 2


  58              		.global	SVCallVector
  59              		.thumb
  60              		.thumb_func
  61              		.type	SVCallVector, %function
  62              	SVCallVector:
  63              	.LFB8:
  64              		.loc 1 65 0
  65              		.cfi_startproc
  66              		@ args = 0, pretend = 0, frame = 0
  67              		@ frame_needed = 0, uses_anonymous_args = 0
  68              		@ link register save eliminated.
  69              		.loc 1 74 0
  70              	@ 74 "../../ChibiOS_2.6.5/os/ports/GCC/ARMCMx/chcore_v7m.c" 1
  71 0000 EFF30983 		mrs     r3, PSP
  72              	@ 0 "" 2
  73              	.LVL3:
  74              		.loc 1 78 0
  75              		.thumb
  76 0004 2033     		adds	r3, r3, #32
  77              	.LVL4:
  78              		.loc 1 81 0
  79              	@ 81 "../../ChibiOS_2.6.5/os/ports/GCC/ARMCMx/chcore_v7m.c" 1
  80 0006 83F30988 		msr     PSP, r3
  81              	@ 0 "" 2
  82              		.thumb
  83              	.LBB5:
  84              		.loc 1 82 0
  85 000a 0023     		movs	r3, #0
  86              	.LVL5:
  87              	@ 82 "../../ChibiOS_2.6.5/os/ports/GCC/ARMCMx/chcore_v7m.c" 1
  88 000c 83F31188 		msr     BASEPRI, r3
  89              	@ 0 "" 2
  90              		.thumb
  91 0010 7047     		bx	lr
  92              	.LBE5:
  93              		.cfi_endproc
  94              	.LFE8:
  95              		.size	SVCallVector, .-SVCallVector
  96 0012 00BF     		.section	.text._port_init,"ax",%progbits
  97              		.align	2
  98              		.p2align 4,,15
  99              		.global	_port_init
 100              		.thumb
 101              		.thumb_func
 102              		.type	_port_init, %function
 103              	_port_init:
 104              	.LFB9:
 105              		.loc 1 120 0
 106              		.cfi_startproc
 107              		@ args = 0, pretend = 0, frame = 0
 108              		@ frame_needed = 0, uses_anonymous_args = 0
 109 0000 08B5     		push	{r3, lr}
 110              		.cfi_def_cfa_offset 8
 111              		.cfi_offset 3, -8
 112              		.cfi_offset 14, -4
 113              		.loc 1 123 0
 114 0002 094B     		ldr	r3, .L5
ARM GAS  /tmp/ccZeMwW6.s 			page 3


 115              		.loc 1 124 0
 116 0004 094A     		ldr	r2, .L5+4
 117              		.loc 1 123 0
 118 0006 0021     		movs	r1, #0
 119 0008 9960     		str	r1, [r3, #8]
 120              		.loc 1 127 0
 121 000a 0720     		movs	r0, #7
 122              		.loc 1 124 0
 123 000c DA60     		str	r2, [r3, #12]
 124              		.loc 1 127 0
 125 000e 1021     		movs	r1, #16
 126 0010 FFF7FEFF 		bl	nvicSetSystemHandlerPriority
 127              	.LVL6:
 128              		.loc 1 129 0
 129 0014 0A20     		movs	r0, #10
 130 0016 2021     		movs	r1, #32
 131 0018 FFF7FEFF 		bl	nvicSetSystemHandlerPriority
 132              	.LVL7:
 133              		.loc 1 131 0
 134 001c 0B20     		movs	r0, #11
 135 001e 8021     		movs	r1, #128
 136              		.loc 1 133 0
 137 0020 BDE80840 		pop	{r3, lr}
 138              		.cfi_restore 14
 139              		.cfi_restore 3
 140              		.cfi_def_cfa_offset 0
 141              		.loc 1 131 0
 142 0024 FFF7FEBF 		b	nvicSetSystemHandlerPriority
 143              	.LVL8:
 144              	.L6:
 145              		.align	2
 146              	.L5:
 147 0028 00ED00E0 		.word	-536810240
 148 002c 0003FA05 		.word	100270848
 149              		.cfi_endproc
 150              	.LFE9:
 151              		.size	_port_init, .-_port_init
 152              		.section	.text._port_irq_epilogue,"ax",%progbits
 153              		.align	2
 154              		.p2align 4,,15
 155              		.global	_port_irq_epilogue
 156              		.thumb
 157              		.thumb_func
 158              		.type	_port_irq_epilogue, %function
 159              	_port_irq_epilogue:
 160              	.LFB10:
 161              		.loc 1 150 0
 162              		.cfi_startproc
 163              		@ args = 0, pretend = 0, frame = 0
 164              		@ frame_needed = 0, uses_anonymous_args = 0
 165              		@ link register save eliminated.
 166              	.LBB14:
 167              		.loc 1 152 0
 168 0000 2023     		movs	r3, #32
 169              	@ 152 "../../ChibiOS_2.6.5/os/ports/GCC/ARMCMx/chcore_v7m.c" 1
 170 0002 83F31188 		msr     BASEPRI, r3
 171              	@ 0 "" 2
ARM GAS  /tmp/ccZeMwW6.s 			page 4


 172              		.thumb
 173              	.LBE14:
 174              		.loc 1 153 0
 175 0006 184B     		ldr	r3, .L15
 176 0008 5B68     		ldr	r3, [r3, #4]
 177 000a 13F40063 		ands	r3, r3, #2048
 178 000e 1AD0     		beq	.L8
 179              	.LBB15:
 180              	.LBB16:
 181              		.loc 1 163 0
 182              	@ 163 "../../ChibiOS_2.6.5/os/ports/GCC/ARMCMx/chcore_v7m.c" 1
 183 0010 EFF30983 		mrs     r3, PSP
 184              	@ 0 "" 2
 185              	.LVL9:
 186              		.loc 1 168 0
 187              		.thumb
 188 0014 4FF08072 		mov	r2, #16777216
 189 0018 43F8042C 		str	r2, [r3, #-4]
 190              		.loc 1 167 0
 191 001c A3F12002 		sub	r2, r3, #32
 192              	.LVL10:
 193              		.loc 1 169 0
 194              	@ 169 "../../ChibiOS_2.6.5/os/ports/GCC/ARMCMx/chcore_v7m.c" 1
 195 0020 82F30988 		msr     PSP, r2
 196              	@ 0 "" 2
 197              		.loc 1 173 0
 198              		.thumb
 199 0024 1149     		ldr	r1, .L15+4
 200 0026 8A69     		ldr	r2, [r1, #24]
 201              	.LVL11:
 202 0028 92F82300 		ldrb	r0, [r2, #35]	@ zero_extendqisi2
 203 002c 70B1     		cbz	r0, .L9
 204 002e 0868     		ldr	r0, [r1]
 205 0030 9168     		ldr	r1, [r2, #8]
 206 0032 8268     		ldr	r2, [r0, #8]
 207 0034 8A42     		cmp	r2, r1
 208 0036 94BF     		ite	ls
 209 0038 0022     		movls	r2, #0
 210 003a 0122     		movhi	r2, #1
 211 003c 7AB1     		cbz	r2, .L11
 212              	.L14:
 213              		.loc 1 175 0
 214 003e 0C4A     		ldr	r2, .L15+8
 215 0040 43F8082C 		str	r2, [r3, #-8]
 216 0044 7047     		bx	lr
 217              	.LVL12:
 218              	.L8:
 219              	.LBE16:
 220              	.LBE15:
 221              	.LBB18:
 222              		.loc 1 187 0
 223              	@ 187 "../../ChibiOS_2.6.5/os/ports/GCC/ARMCMx/chcore_v7m.c" 1
 224 0046 83F31188 		msr     BASEPRI, r3
 225              	@ 0 "" 2
 226              		.thumb
 227 004a 7047     		bx	lr
 228              	.LVL13:
ARM GAS  /tmp/ccZeMwW6.s 			page 5


 229              	.L9:
 230              	.LBE18:
 231              	.LBB19:
 232              	.LBB17:
 233              		.loc 1 173 0
 234 004c 0868     		ldr	r0, [r1]
 235 004e 9168     		ldr	r1, [r2, #8]
 236 0050 8268     		ldr	r2, [r0, #8]
 237 0052 8A42     		cmp	r2, r1
 238 0054 34BF     		ite	cc
 239 0056 0022     		movcc	r2, #0
 240 0058 0122     		movcs	r2, #1
 241 005a 002A     		cmp	r2, #0
 242 005c EFD1     		bne	.L14
 243              	.L11:
 244              		.loc 1 180 0
 245 005e 054A     		ldr	r2, .L15+12
 246 0060 43F8082C 		str	r2, [r3, #-8]
 247 0064 7047     		bx	lr
 248              	.L16:
 249 0066 00BF     		.align	2
 250              	.L15:
 251 0068 00ED00E0 		.word	-536810240
 252 006c 00000000 		.word	rlist
 253 0070 00000000 		.word	_port_switch_from_isr
 254 0074 0C000000 		.word	_port_exit_from_isr
 255              	.LBE17:
 256              	.LBE19:
 257              		.cfi_endproc
 258              	.LFE10:
 259              		.size	_port_irq_epilogue, .-_port_irq_epilogue
 260              		.section	.text.SysTickVector,"ax",%progbits
 261              		.align	2
 262              		.p2align 4,,15
 263              		.global	SysTickVector
 264              		.thumb
 265              		.thumb_func
 266              		.type	SysTickVector, %function
 267              	SysTickVector:
 268              	.LFB7:
 269              		.loc 1 47 0
 270              		.cfi_startproc
 271              		@ args = 0, pretend = 0, frame = 0
 272              		@ frame_needed = 0, uses_anonymous_args = 0
 273 0000 08B5     		push	{r3, lr}
 274              		.cfi_def_cfa_offset 8
 275              		.cfi_offset 3, -8
 276              		.cfi_offset 14, -4
 277              		.loc 1 49 0
 278 0002 FFF7FEFF 		bl	dbg_check_enter_isr
 279              	.LVL14:
 280              	.LBB20:
 281              		.loc 1 51 0
 282 0006 2023     		movs	r3, #32
 283              	@ 51 "../../ChibiOS_2.6.5/os/ports/GCC/ARMCMx/chcore_v7m.c" 1
 284 0008 83F31188 		msr     BASEPRI, r3
 285              	@ 0 "" 2
ARM GAS  /tmp/ccZeMwW6.s 			page 6


 286              		.thumb
 287              	.LBE20:
 288 000c FFF7FEFF 		bl	dbg_check_lock_from_isr
 289              	.LVL15:
 290              		.loc 1 52 0
 291 0010 FFF7FEFF 		bl	chSysTimerHandlerI
 292              	.LVL16:
 293              		.loc 1 53 0
 294 0014 FFF7FEFF 		bl	dbg_check_unlock_from_isr
 295              	.LVL17:
 296              	.LBB21:
 297 0018 0023     		movs	r3, #0
 298              	@ 53 "../../ChibiOS_2.6.5/os/ports/GCC/ARMCMx/chcore_v7m.c" 1
 299 001a 83F31188 		msr     BASEPRI, r3
 300              	@ 0 "" 2
 301              		.thumb
 302              	.LBE21:
 303              		.loc 1 55 0
 304 001e FFF7FEFF 		bl	dbg_check_leave_isr
 305              	.LVL18:
 306              		.loc 1 56 0
 307 0022 BDE80840 		pop	{r3, lr}
 308              		.cfi_restore 14
 309              		.cfi_restore 3
 310              		.cfi_def_cfa_offset 0
 311              		.loc 1 55 0
 312 0026 FFF7FEBF 		b	_port_irq_epilogue
 313              	.LVL19:
 314              		.cfi_endproc
 315              	.LFE7:
 316              		.size	SysTickVector, .-SysTickVector
 317 002a 00BF     		.section	.text._port_switch,"ax",%progbits
 318              		.align	2
 319              		.p2align 4,,15
 320              		.global	_port_switch
 321              		.thumb
 322              		.thumb_func
 323              		.type	_port_switch, %function
 324              	_port_switch:
 325              	.LFB12:
 326              		.loc 1 226 0
 327              		.cfi_startproc
 328              		@ Naked Function: prologue and epilogue provided by programmer.
 329              		@ args = 0, pretend = 0, frame = 0
 330              		@ frame_needed = 0, uses_anonymous_args = 0
 331              	.LVL20:
 332              		.loc 1 228 0
 333              	@ 228 "../../ChibiOS_2.6.5/os/ports/GCC/ARMCMx/chcore_v7m.c" 1
 334 0000 2DE9F04F 		push    {r4, r5, r6, r7, r8, r9, r10, r11, lr}
 335              	@ 0 "" 2
 336              		.loc 1 234 0
 337              	@ 234 "../../ChibiOS_2.6.5/os/ports/GCC/ARMCMx/chcore_v7m.c" 1
 338 0004 C1F80CD0 		str     sp, [r1, #12]                          
 339 0008 D0F80CD0 		ldr     sp, [r0, #12]
 340              	@ 0 "" 2
 341              		.loc 1 240 0
 342              	@ 240 "../../ChibiOS_2.6.5/os/ports/GCC/ARMCMx/chcore_v7m.c" 1
ARM GAS  /tmp/ccZeMwW6.s 			page 7


 343 000c BDE8F08F 		pop     {r4, r5, r6, r7, r8, r9, r10, r11, pc}
 344              	@ 0 "" 2
 345              		.loc 1 242 0
 346              		.thumb
 347              		.cfi_endproc
 348              	.LFE12:
 349              		.size	_port_switch, .-_port_switch
 350              		.section	.text._port_thread_start,"ax",%progbits
 351              		.align	2
 352              		.p2align 4,,15
 353              		.global	_port_thread_start
 354              		.thumb
 355              		.thumb_func
 356              		.type	_port_thread_start, %function
 357              	_port_thread_start:
 358              	.LFB13:
 359              		.loc 1 249 0
 360              		.cfi_startproc
 361              		@ args = 0, pretend = 0, frame = 0
 362              		@ frame_needed = 0, uses_anonymous_args = 0
 363 0000 08B5     		push	{r3, lr}
 364              		.cfi_def_cfa_offset 8
 365              		.cfi_offset 3, -8
 366              		.cfi_offset 14, -4
 367              		.loc 1 251 0
 368 0002 FFF7FEFF 		bl	dbg_check_unlock
 369              	.LVL21:
 370              	.LBB22:
 371 0006 0023     		movs	r3, #0
 372              	@ 251 "../../ChibiOS_2.6.5/os/ports/GCC/ARMCMx/chcore_v7m.c" 1
 373 0008 83F31188 		msr     BASEPRI, r3
 374              	@ 0 "" 2
 375              		.thumb
 376              	.LBE22:
 377              		.loc 1 252 0
 378              	@ 252 "../../ChibiOS_2.6.5/os/ports/GCC/ARMCMx/chcore_v7m.c" 1
 379 000c 2846     		mov     r0, r5                                 
 380 000e A047     		blx     r4                                     
 381 0010 FFF7FEFF 		bl      chThdExit
 382              	@ 0 "" 2
 383              		.thumb
 384 0014 08BD     		pop	{r3, pc}
 385              		.cfi_endproc
 386              	.LFE13:
 387              		.size	_port_thread_start, .-_port_thread_start
 388 0016 00BF     		.text
 389              	.Letext0:
 390              		.file 2 "/usr/include/newlib/machine/_default_types.h"
 391              		.file 3 "/usr/include/newlib/sys/_stdint.h"
 392              		.file 4 "../../ChibiOS_2.6.5/os/ports/GCC/ARMCMx/chtypes.h"
 393              		.file 5 "../../ChibiOS_2.6.5/os/kernel/include/chlists.h"
 394              		.file 6 "../../ChibiOS_2.6.5/os/kernel/include/chthreads.h"
 395              		.file 7 "../../ChibiOS_2.6.5/os/ports/GCC/ARMCMx/chcore_v7m.h"
 396              		.file 8 "../../ChibiOS_2.6.5/os/ports/common/ARMCMx/nvic.h"
 397              		.file 9 "../../ChibiOS_2.6.5/os/kernel/include/chschd.h"
 398              		.file 10 "../../ChibiOS_2.6.5/os/kernel/include/chmtx.h"
 399              		.file 11 "../../ChibiOS_2.6.5/os/kernel/include/chdebug.h"
ARM GAS  /tmp/ccZeMwW6.s 			page 8


 400              		.file 12 "../../ChibiOS_2.6.5/os/kernel/include/chsys.h"
 401              		.section	.debug_info,"",%progbits
 402              	.Ldebug_info0:
 403 0000 B6080000 		.4byte	0x8b6
 404 0004 0400     		.2byte	0x4
 405 0006 00000000 		.4byte	.Ldebug_abbrev0
 406 000a 04       		.byte	0x4
 407 000b 01       		.uleb128 0x1
 408 000c 66000000 		.4byte	.LASF107
 409 0010 01       		.byte	0x1
 410 0011 EE040000 		.4byte	.LASF108
 411 0015 CC030000 		.4byte	.LASF109
 412 0019 18000000 		.4byte	.Ldebug_ranges0+0x18
 413 001d 00000000 		.4byte	0
 414 0021 00000000 		.4byte	.Ldebug_line0
 415 0025 02       		.uleb128 0x2
 416 0026 04       		.byte	0x4
 417 0027 05       		.byte	0x5
 418 0028 696E7400 		.ascii	"int\000"
 419 002c 03       		.uleb128 0x3
 420 002d 04       		.byte	0x4
 421 002e 07       		.byte	0x7
 422 002f 1E020000 		.4byte	.LASF0
 423 0033 03       		.uleb128 0x3
 424 0034 01       		.byte	0x1
 425 0035 06       		.byte	0x6
 426 0036 3D010000 		.4byte	.LASF1
 427 003a 04       		.uleb128 0x4
 428 003b 1C000000 		.4byte	.LASF5
 429 003f 02       		.byte	0x2
 430 0040 1D       		.byte	0x1d
 431 0041 45000000 		.4byte	0x45
 432 0045 03       		.uleb128 0x3
 433 0046 01       		.byte	0x1
 434 0047 08       		.byte	0x8
 435 0048 86030000 		.4byte	.LASF2
 436 004c 03       		.uleb128 0x3
 437 004d 02       		.byte	0x2
 438 004e 05       		.byte	0x5
 439 004f A4030000 		.4byte	.LASF3
 440 0053 03       		.uleb128 0x3
 441 0054 02       		.byte	0x2
 442 0055 07       		.byte	0x7
 443 0056 7B020000 		.4byte	.LASF4
 444 005a 04       		.uleb128 0x4
 445 005b 9C040000 		.4byte	.LASF6
 446 005f 02       		.byte	0x2
 447 0060 3F       		.byte	0x3f
 448 0061 65000000 		.4byte	0x65
 449 0065 03       		.uleb128 0x3
 450 0066 04       		.byte	0x4
 451 0067 05       		.byte	0x5
 452 0068 7D010000 		.4byte	.LASF7
 453 006c 04       		.uleb128 0x4
 454 006d BC010000 		.4byte	.LASF8
 455 0071 02       		.byte	0x2
 456 0072 41       		.byte	0x41
ARM GAS  /tmp/ccZeMwW6.s 			page 9


 457 0073 77000000 		.4byte	0x77
 458 0077 03       		.uleb128 0x3
 459 0078 04       		.byte	0x4
 460 0079 07       		.byte	0x7
 461 007a 46020000 		.4byte	.LASF9
 462 007e 03       		.uleb128 0x3
 463 007f 08       		.byte	0x8
 464 0080 05       		.byte	0x5
 465 0081 2F010000 		.4byte	.LASF10
 466 0085 04       		.uleb128 0x4
 467 0086 51030000 		.4byte	.LASF11
 468 008a 02       		.byte	0x2
 469 008b 5B       		.byte	0x5b
 470 008c 90000000 		.4byte	0x90
 471 0090 03       		.uleb128 0x3
 472 0091 08       		.byte	0x8
 473 0092 07       		.byte	0x7
 474 0093 4F000000 		.4byte	.LASF12
 475 0097 04       		.uleb128 0x4
 476 0098 23050000 		.4byte	.LASF13
 477 009c 03       		.byte	0x3
 478 009d 14       		.byte	0x14
 479 009e 3A000000 		.4byte	0x3a
 480 00a2 04       		.uleb128 0x4
 481 00a3 7E030000 		.4byte	.LASF14
 482 00a7 03       		.byte	0x3
 483 00a8 1F       		.byte	0x1f
 484 00a9 5A000000 		.4byte	0x5a
 485 00ad 04       		.uleb128 0x4
 486 00ae 55040000 		.4byte	.LASF15
 487 00b2 03       		.byte	0x3
 488 00b3 20       		.byte	0x20
 489 00b4 6C000000 		.4byte	0x6c
 490 00b8 04       		.uleb128 0x4
 491 00b9 13000000 		.4byte	.LASF16
 492 00bd 03       		.byte	0x3
 493 00be 26       		.byte	0x26
 494 00bf 85000000 		.4byte	0x85
 495 00c3 03       		.uleb128 0x3
 496 00c4 01       		.byte	0x1
 497 00c5 02       		.byte	0x2
 498 00c6 78030000 		.4byte	.LASF17
 499 00ca 04       		.uleb128 0x4
 500 00cb C5020000 		.4byte	.LASF18
 501 00cf 04       		.byte	0x4
 502 00d0 2C       		.byte	0x2c
 503 00d1 97000000 		.4byte	0x97
 504 00d5 04       		.uleb128 0x4
 505 00d6 93010000 		.4byte	.LASF19
 506 00da 04       		.byte	0x4
 507 00db 2D       		.byte	0x2d
 508 00dc 97000000 		.4byte	0x97
 509 00e0 04       		.uleb128 0x4
 510 00e1 5C030000 		.4byte	.LASF20
 511 00e5 04       		.byte	0x4
 512 00e6 2E       		.byte	0x2e
 513 00e7 97000000 		.4byte	0x97
ARM GAS  /tmp/ccZeMwW6.s 			page 10


 514 00eb 04       		.uleb128 0x4
 515 00ec 73010000 		.4byte	.LASF21
 516 00f0 04       		.byte	0x4
 517 00f1 2F       		.byte	0x2f
 518 00f2 97000000 		.4byte	0x97
 519 00f6 04       		.uleb128 0x4
 520 00f7 70030000 		.4byte	.LASF22
 521 00fb 04       		.byte	0x4
 522 00fc 30       		.byte	0x30
 523 00fd AD000000 		.4byte	0xad
 524 0101 04       		.uleb128 0x4
 525 0102 93020000 		.4byte	.LASF23
 526 0106 04       		.byte	0x4
 527 0107 31       		.byte	0x31
 528 0108 A2000000 		.4byte	0xa2
 529 010c 04       		.uleb128 0x4
 530 010d D9020000 		.4byte	.LASF24
 531 0111 04       		.byte	0x4
 532 0112 33       		.byte	0x33
 533 0113 AD000000 		.4byte	0xad
 534 0117 04       		.uleb128 0x4
 535 0118 87040000 		.4byte	.LASF25
 536 011c 04       		.byte	0x4
 537 011d 35       		.byte	0x35
 538 011e AD000000 		.4byte	0xad
 539 0122 04       		.uleb128 0x4
 540 0123 43040000 		.4byte	.LASF26
 541 0127 05       		.byte	0x5
 542 0128 2A       		.byte	0x2a
 543 0129 2D010000 		.4byte	0x12d
 544 012d 05       		.uleb128 0x5
 545 012e 43040000 		.4byte	.LASF26
 546 0132 4C       		.byte	0x4c
 547 0133 06       		.byte	0x6
 548 0134 5E       		.byte	0x5e
 549 0135 36020000 		.4byte	0x236
 550 0139 06       		.uleb128 0x6
 551 013a 34040000 		.4byte	.LASF27
 552 013e 06       		.byte	0x6
 553 013f 5F       		.byte	0x5f
 554 0140 57020000 		.4byte	0x257
 555 0144 00       		.byte	0
 556 0145 06       		.uleb128 0x6
 557 0146 69030000 		.4byte	.LASF28
 558 014a 06       		.byte	0x6
 559 014b 61       		.byte	0x61
 560 014c 57020000 		.4byte	0x257
 561 0150 04       		.byte	0x4
 562 0151 06       		.uleb128 0x6
 563 0152 28010000 		.4byte	.LASF29
 564 0156 06       		.byte	0x6
 565 0157 63       		.byte	0x63
 566 0158 F6000000 		.4byte	0xf6
 567 015c 08       		.byte	0x8
 568 015d 06       		.uleb128 0x6
 569 015e 6F050000 		.4byte	.LASF30
 570 0162 06       		.byte	0x6
ARM GAS  /tmp/ccZeMwW6.s 			page 11


 571 0163 64       		.byte	0x64
 572 0164 84030000 		.4byte	0x384
 573 0168 0C       		.byte	0xc
 574 0169 06       		.uleb128 0x6
 575 016a AF010000 		.4byte	.LASF31
 576 016e 06       		.byte	0x6
 577 016f 66       		.byte	0x66
 578 0170 57020000 		.4byte	0x257
 579 0174 10       		.byte	0x10
 580 0175 06       		.uleb128 0x6
 581 0176 13030000 		.4byte	.LASF32
 582 017a 06       		.byte	0x6
 583 017b 67       		.byte	0x67
 584 017c 57020000 		.4byte	0x257
 585 0180 14       		.byte	0x14
 586 0181 06       		.uleb128 0x6
 587 0182 55050000 		.4byte	.LASF33
 588 0186 06       		.byte	0x6
 589 0187 6E       		.byte	0x6e
 590 0188 FD050000 		.4byte	0x5fd
 591 018c 18       		.byte	0x18
 592 018d 06       		.uleb128 0x6
 593 018e 13020000 		.4byte	.LASF34
 594 0192 06       		.byte	0x6
 595 0193 74       		.byte	0x74
 596 0194 0F060000 		.4byte	0x60f
 597 0198 1C       		.byte	0x1c
 598 0199 06       		.uleb128 0x6
 599 019a AE030000 		.4byte	.LASF35
 600 019e 06       		.byte	0x6
 601 019f 79       		.byte	0x79
 602 01a0 D5000000 		.4byte	0xd5
 603 01a4 20       		.byte	0x20
 604 01a5 06       		.uleb128 0x6
 605 01a6 3B040000 		.4byte	.LASF36
 606 01aa 06       		.byte	0x6
 607 01ab 7D       		.byte	0x7d
 608 01ac CA000000 		.4byte	0xca
 609 01b0 21       		.byte	0x21
 610 01b1 06       		.uleb128 0x6
 611 01b2 D8040000 		.4byte	.LASF37
 612 01b6 06       		.byte	0x6
 613 01b7 82       		.byte	0x82
 614 01b8 E0000000 		.4byte	0xe0
 615 01bc 22       		.byte	0x22
 616 01bd 06       		.uleb128 0x6
 617 01be B6030000 		.4byte	.LASF38
 618 01c2 06       		.byte	0x6
 619 01c3 88       		.byte	0x88
 620 01c4 EB000000 		.4byte	0xeb
 621 01c8 23       		.byte	0x23
 622 01c9 06       		.uleb128 0x6
 623 01ca A6040000 		.4byte	.LASF39
 624 01ce 06       		.byte	0x6
 625 01cf 8F       		.byte	0x8f
 626 01d0 25050000 		.4byte	0x525
 627 01d4 24       		.byte	0x24
ARM GAS  /tmp/ccZeMwW6.s 			page 12


 628 01d5 07       		.uleb128 0x7
 629 01d6 705F7500 		.ascii	"p_u\000"
 630 01da 06       		.byte	0x6
 631 01db B4       		.byte	0xb4
 632 01dc C8050000 		.4byte	0x5c8
 633 01e0 28       		.byte	0x28
 634 01e1 06       		.uleb128 0x6
 635 01e2 75050000 		.4byte	.LASF40
 636 01e6 06       		.byte	0x6
 637 01e7 B9       		.byte	0xb9
 638 01e8 7D020000 		.4byte	0x27d
 639 01ec 2C       		.byte	0x2c
 640 01ed 06       		.uleb128 0x6
 641 01ee CD040000 		.4byte	.LASF41
 642 01f2 06       		.byte	0x6
 643 01f3 BF       		.byte	0xbf
 644 01f4 5D020000 		.4byte	0x25d
 645 01f8 30       		.byte	0x30
 646 01f9 06       		.uleb128 0x6
 647 01fa 00000000 		.4byte	.LASF42
 648 01fe 06       		.byte	0x6
 649 01ff C3       		.byte	0xc3
 650 0200 01010000 		.4byte	0x101
 651 0204 38       		.byte	0x38
 652 0205 06       		.uleb128 0x6
 653 0206 4A040000 		.4byte	.LASF43
 654 020a 06       		.byte	0x6
 655 020b C9       		.byte	0xc9
 656 020c 0C010000 		.4byte	0x10c
 657 0210 3C       		.byte	0x3c
 658 0211 06       		.uleb128 0x6
 659 0212 9A030000 		.4byte	.LASF44
 660 0216 06       		.byte	0x6
 661 0217 D0       		.byte	0xd0
 662 0218 15060000 		.4byte	0x615
 663 021c 40       		.byte	0x40
 664 021d 06       		.uleb128 0x6
 665 021e 91040000 		.4byte	.LASF45
 666 0222 06       		.byte	0x6
 667 0223 D4       		.byte	0xd4
 668 0224 F6000000 		.4byte	0xf6
 669 0228 44       		.byte	0x44
 670 0229 06       		.uleb128 0x6
 671 022a 63010000 		.4byte	.LASF46
 672 022e 06       		.byte	0x6
 673 022f DA       		.byte	0xda
 674 0230 93020000 		.4byte	0x293
 675 0234 48       		.byte	0x48
 676 0235 00       		.byte	0
 677 0236 08       		.uleb128 0x8
 678 0237 08       		.byte	0x8
 679 0238 05       		.byte	0x5
 680 0239 61       		.byte	0x61
 681 023a 57020000 		.4byte	0x257
 682 023e 06       		.uleb128 0x6
 683 023f 34040000 		.4byte	.LASF27
 684 0243 05       		.byte	0x5
ARM GAS  /tmp/ccZeMwW6.s 			page 13


 685 0244 62       		.byte	0x62
 686 0245 57020000 		.4byte	0x257
 687 0249 00       		.byte	0
 688 024a 06       		.uleb128 0x6
 689 024b 69030000 		.4byte	.LASF28
 690 024f 05       		.byte	0x5
 691 0250 64       		.byte	0x64
 692 0251 57020000 		.4byte	0x257
 693 0255 04       		.byte	0x4
 694 0256 00       		.byte	0
 695 0257 09       		.uleb128 0x9
 696 0258 04       		.byte	0x4
 697 0259 22010000 		.4byte	0x122
 698 025d 04       		.uleb128 0x4
 699 025e 21030000 		.4byte	.LASF47
 700 0262 05       		.byte	0x5
 701 0263 66       		.byte	0x66
 702 0264 36020000 		.4byte	0x236
 703 0268 08       		.uleb128 0x8
 704 0269 04       		.byte	0x4
 705 026a 05       		.byte	0x5
 706 026b 6B       		.byte	0x6b
 707 026c 7D020000 		.4byte	0x27d
 708 0270 06       		.uleb128 0x6
 709 0271 34040000 		.4byte	.LASF27
 710 0275 05       		.byte	0x5
 711 0276 6D       		.byte	0x6d
 712 0277 57020000 		.4byte	0x257
 713 027b 00       		.byte	0
 714 027c 00       		.byte	0
 715 027d 04       		.uleb128 0x4
 716 027e CD020000 		.4byte	.LASF48
 717 0282 05       		.byte	0x5
 718 0283 70       		.byte	0x70
 719 0284 68020000 		.4byte	0x268
 720 0288 04       		.uleb128 0x4
 721 0289 E4010000 		.4byte	.LASF49
 722 028d 07       		.byte	0x7
 723 028e E5       		.byte	0xe5
 724 028f 93020000 		.4byte	0x293
 725 0293 0A       		.uleb128 0xa
 726 0294 04       		.byte	0x4
 727 0295 04       		.uleb128 0x4
 728 0296 EB020000 		.4byte	.LASF50
 729 029a 07       		.byte	0x7
 730 029b EB       		.byte	0xeb
 731 029c B8000000 		.4byte	0xb8
 732 02a0 05       		.uleb128 0x5
 733 02a1 32020000 		.4byte	.LASF51
 734 02a5 20       		.byte	0x20
 735 02a6 07       		.byte	0x7
 736 02a7 ED       		.byte	0xed
 737 02a8 08030000 		.4byte	0x308
 738 02ac 07       		.uleb128 0x7
 739 02ad 723000   		.ascii	"r0\000"
 740 02b0 07       		.byte	0x7
 741 02b1 EE       		.byte	0xee
ARM GAS  /tmp/ccZeMwW6.s 			page 14


 742 02b2 88020000 		.4byte	0x288
 743 02b6 00       		.byte	0
 744 02b7 07       		.uleb128 0x7
 745 02b8 723100   		.ascii	"r1\000"
 746 02bb 07       		.byte	0x7
 747 02bc EF       		.byte	0xef
 748 02bd 88020000 		.4byte	0x288
 749 02c1 04       		.byte	0x4
 750 02c2 07       		.uleb128 0x7
 751 02c3 723200   		.ascii	"r2\000"
 752 02c6 07       		.byte	0x7
 753 02c7 F0       		.byte	0xf0
 754 02c8 88020000 		.4byte	0x288
 755 02cc 08       		.byte	0x8
 756 02cd 07       		.uleb128 0x7
 757 02ce 723300   		.ascii	"r3\000"
 758 02d1 07       		.byte	0x7
 759 02d2 F1       		.byte	0xf1
 760 02d3 88020000 		.4byte	0x288
 761 02d7 0C       		.byte	0xc
 762 02d8 07       		.uleb128 0x7
 763 02d9 72313200 		.ascii	"r12\000"
 764 02dd 07       		.byte	0x7
 765 02de F2       		.byte	0xf2
 766 02df 88020000 		.4byte	0x288
 767 02e3 10       		.byte	0x10
 768 02e4 06       		.uleb128 0x6
 769 02e5 2B020000 		.4byte	.LASF52
 770 02e9 07       		.byte	0x7
 771 02ea F3       		.byte	0xf3
 772 02eb 88020000 		.4byte	0x288
 773 02ef 14       		.byte	0x14
 774 02f0 07       		.uleb128 0x7
 775 02f1 706300   		.ascii	"pc\000"
 776 02f4 07       		.byte	0x7
 777 02f5 F4       		.byte	0xf4
 778 02f6 88020000 		.4byte	0x288
 779 02fa 18       		.byte	0x18
 780 02fb 06       		.uleb128 0x6
 781 02fc C0030000 		.4byte	.LASF53
 782 0300 07       		.byte	0x7
 783 0301 F5       		.byte	0xf5
 784 0302 88020000 		.4byte	0x288
 785 0306 1C       		.byte	0x1c
 786 0307 00       		.byte	0
 787 0308 0B       		.uleb128 0xb
 788 0309 C6040000 		.4byte	.LASF54
 789 030d 24       		.byte	0x24
 790 030e 07       		.byte	0x7
 791 030f 0C01     		.2byte	0x10c
 792 0311 84030000 		.4byte	0x384
 793 0315 0C       		.uleb128 0xc
 794 0316 723400   		.ascii	"r4\000"
 795 0319 07       		.byte	0x7
 796 031a 1F01     		.2byte	0x11f
 797 031c 88020000 		.4byte	0x288
 798 0320 00       		.byte	0
ARM GAS  /tmp/ccZeMwW6.s 			page 15


 799 0321 0C       		.uleb128 0xc
 800 0322 723500   		.ascii	"r5\000"
 801 0325 07       		.byte	0x7
 802 0326 2001     		.2byte	0x120
 803 0328 88020000 		.4byte	0x288
 804 032c 04       		.byte	0x4
 805 032d 0C       		.uleb128 0xc
 806 032e 723600   		.ascii	"r6\000"
 807 0331 07       		.byte	0x7
 808 0332 2101     		.2byte	0x121
 809 0334 88020000 		.4byte	0x288
 810 0338 08       		.byte	0x8
 811 0339 0C       		.uleb128 0xc
 812 033a 723700   		.ascii	"r7\000"
 813 033d 07       		.byte	0x7
 814 033e 2201     		.2byte	0x122
 815 0340 88020000 		.4byte	0x288
 816 0344 0C       		.byte	0xc
 817 0345 0C       		.uleb128 0xc
 818 0346 723800   		.ascii	"r8\000"
 819 0349 07       		.byte	0x7
 820 034a 2301     		.2byte	0x123
 821 034c 88020000 		.4byte	0x288
 822 0350 10       		.byte	0x10
 823 0351 0C       		.uleb128 0xc
 824 0352 723900   		.ascii	"r9\000"
 825 0355 07       		.byte	0x7
 826 0356 2401     		.2byte	0x124
 827 0358 88020000 		.4byte	0x288
 828 035c 14       		.byte	0x14
 829 035d 0C       		.uleb128 0xc
 830 035e 72313000 		.ascii	"r10\000"
 831 0362 07       		.byte	0x7
 832 0363 2501     		.2byte	0x125
 833 0365 88020000 		.4byte	0x288
 834 0369 18       		.byte	0x18
 835 036a 0C       		.uleb128 0xc
 836 036b 72313100 		.ascii	"r11\000"
 837 036f 07       		.byte	0x7
 838 0370 2601     		.2byte	0x126
 839 0372 88020000 		.4byte	0x288
 840 0376 1C       		.byte	0x1c
 841 0377 0C       		.uleb128 0xc
 842 0378 6C7200   		.ascii	"lr\000"
 843 037b 07       		.byte	0x7
 844 037c 2701     		.2byte	0x127
 845 037e 88020000 		.4byte	0x288
 846 0382 20       		.byte	0x20
 847 0383 00       		.byte	0
 848 0384 0B       		.uleb128 0xb
 849 0385 73020000 		.4byte	.LASF55
 850 0389 04       		.byte	0x4
 851 038a 07       		.byte	0x7
 852 038b 3101     		.2byte	0x131
 853 038d 9F030000 		.4byte	0x39f
 854 0391 0C       		.uleb128 0xc
 855 0392 72313300 		.ascii	"r13\000"
ARM GAS  /tmp/ccZeMwW6.s 			page 16


 856 0396 07       		.byte	0x7
 857 0397 3201     		.2byte	0x132
 858 0399 9F030000 		.4byte	0x39f
 859 039d 00       		.byte	0
 860 039e 00       		.byte	0
 861 039f 09       		.uleb128 0x9
 862 03a0 04       		.byte	0x4
 863 03a1 08030000 		.4byte	0x308
 864 03a5 04       		.uleb128 0x4
 865 03a6 78040000 		.4byte	.LASF56
 866 03aa 08       		.byte	0x8
 867 03ab 3A       		.byte	0x3a
 868 03ac B0030000 		.4byte	0x3b0
 869 03b0 0D       		.uleb128 0xd
 870 03b1 AD000000 		.4byte	0xad
 871 03b5 03       		.uleb128 0x3
 872 03b6 04       		.byte	0x4
 873 03b7 07       		.byte	0x7
 874 03b8 F6020000 		.4byte	.LASF57
 875 03bc 08       		.uleb128 0x8
 876 03bd 8C       		.byte	0x8c
 877 03be 08       		.byte	0x8
 878 03bf 89       		.byte	0x89
 879 03c0 C1040000 		.4byte	0x4c1
 880 03c4 06       		.uleb128 0x6
 881 03c5 22010000 		.4byte	.LASF58
 882 03c9 08       		.byte	0x8
 883 03ca 8A       		.byte	0x8a
 884 03cb A5030000 		.4byte	0x3a5
 885 03cf 00       		.byte	0
 886 03d0 06       		.uleb128 0x6
 887 03d1 8E020000 		.4byte	.LASF59
 888 03d5 08       		.byte	0x8
 889 03d6 8B       		.byte	0x8b
 890 03d7 A5030000 		.4byte	0x3a5
 891 03db 04       		.byte	0x4
 892 03dc 06       		.uleb128 0x6
 893 03dd 58020000 		.4byte	.LASF60
 894 03e1 08       		.byte	0x8
 895 03e2 8C       		.byte	0x8c
 896 03e3 A5030000 		.4byte	0x3a5
 897 03e7 08       		.byte	0x8
 898 03e8 06       		.uleb128 0x6
 899 03e9 99020000 		.4byte	.LASF61
 900 03ed 08       		.byte	0x8
 901 03ee 8D       		.byte	0x8d
 902 03ef A5030000 		.4byte	0x3a5
 903 03f3 0C       		.byte	0xc
 904 03f4 07       		.uleb128 0x7
 905 03f5 53435200 		.ascii	"SCR\000"
 906 03f9 08       		.byte	0x8
 907 03fa 8E       		.byte	0x8e
 908 03fb A5030000 		.4byte	0x3a5
 909 03ff 10       		.byte	0x10
 910 0400 07       		.uleb128 0x7
 911 0401 43435200 		.ascii	"CCR\000"
 912 0405 08       		.byte	0x8
ARM GAS  /tmp/ccZeMwW6.s 			page 17


 913 0406 8F       		.byte	0x8f
 914 0407 A5030000 		.4byte	0x3a5
 915 040b 14       		.byte	0x14
 916 040c 06       		.uleb128 0x6
 917 040d AD040000 		.4byte	.LASF62
 918 0411 08       		.byte	0x8
 919 0412 90       		.byte	0x90
 920 0413 D1040000 		.4byte	0x4d1
 921 0417 18       		.byte	0x18
 922 0418 06       		.uleb128 0x6
 923 0419 94030000 		.4byte	.LASF63
 924 041d 08       		.byte	0x8
 925 041e 91       		.byte	0x91
 926 041f A5030000 		.4byte	0x3a5
 927 0423 24       		.byte	0x24
 928 0424 06       		.uleb128 0x6
 929 0425 0E030000 		.4byte	.LASF64
 930 0429 08       		.byte	0x8
 931 042a 92       		.byte	0x92
 932 042b A5030000 		.4byte	0x3a5
 933 042f 28       		.byte	0x28
 934 0430 06       		.uleb128 0x6
 935 0431 62050000 		.4byte	.LASF65
 936 0435 08       		.byte	0x8
 937 0436 93       		.byte	0x93
 938 0437 A5030000 		.4byte	0x3a5
 939 043b 2C       		.byte	0x2c
 940 043c 06       		.uleb128 0x6
 941 043d 9F020000 		.4byte	.LASF66
 942 0441 08       		.byte	0x8
 943 0442 94       		.byte	0x94
 944 0443 A5030000 		.4byte	0x3a5
 945 0447 30       		.byte	0x30
 946 0448 06       		.uleb128 0x6
 947 0449 AC020000 		.4byte	.LASF67
 948 044d 08       		.byte	0x8
 949 044e 95       		.byte	0x95
 950 044f A5030000 		.4byte	0x3a5
 951 0453 34       		.byte	0x34
 952 0454 06       		.uleb128 0x6
 953 0455 B7010000 		.4byte	.LASF68
 954 0459 08       		.byte	0x8
 955 045a 96       		.byte	0x96
 956 045b A5030000 		.4byte	0x3a5
 957 045f 38       		.byte	0x38
 958 0460 06       		.uleb128 0x6
 959 0461 66040000 		.4byte	.LASF69
 960 0465 08       		.byte	0x8
 961 0466 97       		.byte	0x97
 962 0467 A5030000 		.4byte	0x3a5
 963 046b 3C       		.byte	0x3c
 964 046c 07       		.uleb128 0x7
 965 046d 50465200 		.ascii	"PFR\000"
 966 0471 08       		.byte	0x8
 967 0472 98       		.byte	0x98
 968 0473 E6040000 		.4byte	0x4e6
 969 0477 40       		.byte	0x40
ARM GAS  /tmp/ccZeMwW6.s 			page 18


 970 0478 07       		.uleb128 0x7
 971 0479 44465200 		.ascii	"DFR\000"
 972 047d 08       		.byte	0x8
 973 047e 99       		.byte	0x99
 974 047f A5030000 		.4byte	0x3a5
 975 0483 48       		.byte	0x48
 976 0484 07       		.uleb128 0x7
 977 0485 41445200 		.ascii	"ADR\000"
 978 0489 08       		.byte	0x8
 979 048a 9A       		.byte	0x9a
 980 048b A5030000 		.4byte	0x3a5
 981 048f 4C       		.byte	0x4c
 982 0490 06       		.uleb128 0x6
 983 0491 E9040000 		.4byte	.LASF70
 984 0495 08       		.byte	0x8
 985 0496 9B       		.byte	0x9b
 986 0497 FB040000 		.4byte	0x4fb
 987 049b 50       		.byte	0x50
 988 049c 07       		.uleb128 0x7
 989 049d 53415200 		.ascii	"SAR\000"
 990 04a1 08       		.byte	0x8
 991 04a2 9C       		.byte	0x9c
 992 04a3 10050000 		.4byte	0x510
 993 04a7 60       		.byte	0x60
 994 04a8 06       		.uleb128 0x6
 995 04a9 6B040000 		.4byte	.LASF71
 996 04ad 08       		.byte	0x8
 997 04ae 9D       		.byte	0x9d
 998 04af 15050000 		.4byte	0x515
 999 04b3 74       		.byte	0x74
 1000 04b4 06       		.uleb128 0x6
 1001 04b5 5C050000 		.4byte	.LASF72
 1002 04b9 08       		.byte	0x8
 1003 04ba 9E       		.byte	0x9e
 1004 04bb A5030000 		.4byte	0x3a5
 1005 04bf 88       		.byte	0x88
 1006 04c0 00       		.byte	0
 1007 04c1 0E       		.uleb128 0xe
 1008 04c2 A5030000 		.4byte	0x3a5
 1009 04c6 D1040000 		.4byte	0x4d1
 1010 04ca 0F       		.uleb128 0xf
 1011 04cb B5030000 		.4byte	0x3b5
 1012 04cf 02       		.byte	0x2
 1013 04d0 00       		.byte	0
 1014 04d1 0D       		.uleb128 0xd
 1015 04d2 C1040000 		.4byte	0x4c1
 1016 04d6 0E       		.uleb128 0xe
 1017 04d7 A5030000 		.4byte	0x3a5
 1018 04db E6040000 		.4byte	0x4e6
 1019 04df 0F       		.uleb128 0xf
 1020 04e0 B5030000 		.4byte	0x3b5
 1021 04e4 01       		.byte	0x1
 1022 04e5 00       		.byte	0
 1023 04e6 0D       		.uleb128 0xd
 1024 04e7 D6040000 		.4byte	0x4d6
 1025 04eb 0E       		.uleb128 0xe
 1026 04ec A5030000 		.4byte	0x3a5
ARM GAS  /tmp/ccZeMwW6.s 			page 19


 1027 04f0 FB040000 		.4byte	0x4fb
 1028 04f4 0F       		.uleb128 0xf
 1029 04f5 B5030000 		.4byte	0x3b5
 1030 04f9 03       		.byte	0x3
 1031 04fa 00       		.byte	0
 1032 04fb 0D       		.uleb128 0xd
 1033 04fc EB040000 		.4byte	0x4eb
 1034 0500 0E       		.uleb128 0xe
 1035 0501 A5030000 		.4byte	0x3a5
 1036 0505 10050000 		.4byte	0x510
 1037 0509 0F       		.uleb128 0xf
 1038 050a B5030000 		.4byte	0x3b5
 1039 050e 04       		.byte	0x4
 1040 050f 00       		.byte	0
 1041 0510 0D       		.uleb128 0xd
 1042 0511 00050000 		.4byte	0x500
 1043 0515 0D       		.uleb128 0xd
 1044 0516 00050000 		.4byte	0x500
 1045 051a 04       		.uleb128 0x4
 1046 051b 26000000 		.4byte	.LASF73
 1047 051f 08       		.byte	0x8
 1048 0520 9F       		.byte	0x9f
 1049 0521 BC030000 		.4byte	0x3bc
 1050 0525 0D       		.uleb128 0xd
 1051 0526 17010000 		.4byte	0x117
 1052 052a 08       		.uleb128 0x8
 1053 052b 1C       		.byte	0x1c
 1054 052c 09       		.byte	0x9
 1055 052d 5E       		.byte	0x5e
 1056 052e 7B050000 		.4byte	0x57b
 1057 0532 06       		.uleb128 0x6
 1058 0533 5E040000 		.4byte	.LASF74
 1059 0537 09       		.byte	0x9
 1060 0538 5F       		.byte	0x5f
 1061 0539 5D020000 		.4byte	0x25d
 1062 053d 00       		.byte	0
 1063 053e 06       		.uleb128 0x6
 1064 053f C5030000 		.4byte	.LASF75
 1065 0543 09       		.byte	0x9
 1066 0544 60       		.byte	0x60
 1067 0545 F6000000 		.4byte	0xf6
 1068 0549 08       		.byte	0x8
 1069 054a 06       		.uleb128 0x6
 1070 054b 1B030000 		.4byte	.LASF76
 1071 054f 09       		.byte	0x9
 1072 0550 62       		.byte	0x62
 1073 0551 84030000 		.4byte	0x384
 1074 0555 0C       		.byte	0xc
 1075 0556 06       		.uleb128 0x6
 1076 0557 A4020000 		.4byte	.LASF77
 1077 055b 09       		.byte	0x9
 1078 055c 65       		.byte	0x65
 1079 055d 57020000 		.4byte	0x257
 1080 0561 10       		.byte	0x10
 1081 0562 06       		.uleb128 0x6
 1082 0563 38030000 		.4byte	.LASF78
 1083 0567 09       		.byte	0x9
ARM GAS  /tmp/ccZeMwW6.s 			page 20


 1084 0568 66       		.byte	0x66
 1085 0569 57020000 		.4byte	0x257
 1086 056d 14       		.byte	0x14
 1087 056e 06       		.uleb128 0x6
 1088 056f 2E030000 		.4byte	.LASF79
 1089 0573 09       		.byte	0x9
 1090 0574 69       		.byte	0x69
 1091 0575 57020000 		.4byte	0x257
 1092 0579 18       		.byte	0x18
 1093 057a 00       		.byte	0
 1094 057b 04       		.uleb128 0x4
 1095 057c DF040000 		.4byte	.LASF80
 1096 0580 09       		.byte	0x9
 1097 0581 6B       		.byte	0x6b
 1098 0582 2A050000 		.4byte	0x52a
 1099 0586 05       		.uleb128 0x5
 1100 0587 E5020000 		.4byte	.LASF81
 1101 058b 10       		.byte	0x10
 1102 058c 0A       		.byte	0xa
 1103 058d 2C       		.byte	0x2c
 1104 058e B7050000 		.4byte	0x5b7
 1105 0592 06       		.uleb128 0x6
 1106 0593 6B010000 		.4byte	.LASF82
 1107 0597 0A       		.byte	0xa
 1108 0598 2D       		.byte	0x2d
 1109 0599 5D020000 		.4byte	0x25d
 1110 059d 00       		.byte	0
 1111 059e 06       		.uleb128 0x6
 1112 059f 67050000 		.4byte	.LASF83
 1113 05a3 0A       		.byte	0xa
 1114 05a4 2F       		.byte	0x2f
 1115 05a5 57020000 		.4byte	0x257
 1116 05a9 08       		.byte	0x8
 1117 05aa 06       		.uleb128 0x6
 1118 05ab 80040000 		.4byte	.LASF84
 1119 05af 0A       		.byte	0xa
 1120 05b0 31       		.byte	0x31
 1121 05b1 B7050000 		.4byte	0x5b7
 1122 05b5 0C       		.byte	0xc
 1123 05b6 00       		.byte	0
 1124 05b7 09       		.uleb128 0x9
 1125 05b8 04       		.byte	0x4
 1126 05b9 86050000 		.4byte	0x586
 1127 05bd 04       		.uleb128 0x4
 1128 05be E5020000 		.4byte	.LASF81
 1129 05c2 0A       		.byte	0xa
 1130 05c3 33       		.byte	0x33
 1131 05c4 86050000 		.4byte	0x586
 1132 05c8 10       		.uleb128 0x10
 1133 05c9 04       		.byte	0x4
 1134 05ca 06       		.byte	0x6
 1135 05cb 96       		.byte	0x96
 1136 05cc FD050000 		.4byte	0x5fd
 1137 05d0 11       		.uleb128 0x11
 1138 05d1 0C000000 		.4byte	.LASF85
 1139 05d5 06       		.byte	0x6
 1140 05d6 9D       		.byte	0x9d
ARM GAS  /tmp/ccZeMwW6.s 			page 21


 1141 05d7 01010000 		.4byte	0x101
 1142 05db 11       		.uleb128 0x11
 1143 05dc 19010000 		.4byte	.LASF86
 1144 05e0 06       		.byte	0x6
 1145 05e1 A4       		.byte	0xa4
 1146 05e2 01010000 		.4byte	0x101
 1147 05e6 11       		.uleb128 0x11
 1148 05e7 4E050000 		.4byte	.LASF87
 1149 05eb 06       		.byte	0x6
 1150 05ec AB       		.byte	0xab
 1151 05ed 93020000 		.4byte	0x293
 1152 05f1 11       		.uleb128 0x11
 1153 05f2 2D040000 		.4byte	.LASF88
 1154 05f6 06       		.byte	0x6
 1155 05f7 B2       		.byte	0xb2
 1156 05f8 0C010000 		.4byte	0x10c
 1157 05fc 00       		.byte	0
 1158 05fd 09       		.uleb128 0x9
 1159 05fe 04       		.byte	0x4
 1160 05ff 03060000 		.4byte	0x603
 1161 0603 12       		.uleb128 0x12
 1162 0604 08060000 		.4byte	0x608
 1163 0608 03       		.uleb128 0x3
 1164 0609 01       		.byte	0x1
 1165 060a 08       		.byte	0x8
 1166 060b 73040000 		.4byte	.LASF89
 1167 060f 09       		.uleb128 0x9
 1168 0610 04       		.byte	0x4
 1169 0611 95020000 		.4byte	0x295
 1170 0615 09       		.uleb128 0x9
 1171 0616 04       		.byte	0x4
 1172 0617 BD050000 		.4byte	0x5bd
 1173 061b 13       		.uleb128 0x13
 1174 061c B2020000 		.4byte	.LASF100
 1175 0620 01       		.byte	0x1
 1176 0621 96       		.byte	0x96
 1177 0622 01       		.byte	0x1
 1178 0623 57060000 		.4byte	0x657
 1179 0627 14       		.uleb128 0x14
 1180 0628 38060000 		.4byte	0x638
 1181 062c 15       		.uleb128 0x15
 1182 062d 746D7000 		.ascii	"tmp\000"
 1183 0631 01       		.byte	0x1
 1184 0632 98       		.byte	0x98
 1185 0633 AD000000 		.4byte	0xad
 1186 0637 00       		.byte	0
 1187 0638 14       		.uleb128 0x14
 1188 0639 49060000 		.4byte	0x649
 1189 063d 16       		.uleb128 0x16
 1190 063e 64030000 		.4byte	.LASF90
 1191 0642 01       		.byte	0x1
 1192 0643 9A       		.byte	0x9a
 1193 0644 57060000 		.4byte	0x657
 1194 0648 00       		.byte	0
 1195 0649 17       		.uleb128 0x17
 1196 064a 15       		.uleb128 0x15
 1197 064b 746D7000 		.ascii	"tmp\000"
ARM GAS  /tmp/ccZeMwW6.s 			page 22


 1198 064f 01       		.byte	0x1
 1199 0650 BB       		.byte	0xbb
 1200 0651 AD000000 		.4byte	0xad
 1201 0655 00       		.byte	0
 1202 0656 00       		.byte	0
 1203 0657 09       		.uleb128 0x9
 1204 0658 04       		.byte	0x4
 1205 0659 A0020000 		.4byte	0x2a0
 1206 065d 18       		.uleb128 0x18
 1207 065e 5D020000 		.4byte	.LASF91
 1208 0662 01       		.byte	0x1
 1209 0663 C5       		.byte	0xc5
 1210 0664 00000000 		.4byte	.LFB11
 1211 0668 0E000000 		.4byte	.LFE11-.LFB11
 1212 066c 01       		.uleb128 0x1
 1213 066d 9C       		.byte	0x9c
 1214 066e 8E060000 		.4byte	0x68e
 1215 0672 19       		.uleb128 0x19
 1216 0673 04000000 		.4byte	.LVL0
 1217 0677 6A080000 		.4byte	0x86a
 1218 067b 19       		.uleb128 0x19
 1219 067c 08000000 		.4byte	.LVL1
 1220 0680 71080000 		.4byte	0x871
 1221 0684 19       		.uleb128 0x19
 1222 0685 0C000000 		.4byte	.LVL2
 1223 0689 78080000 		.4byte	0x878
 1224 068d 00       		.byte	0
 1225 068e 18       		.uleb128 0x18
 1226 068f 86010000 		.4byte	.LASF92
 1227 0693 01       		.byte	0x1
 1228 0694 41       		.byte	0x41
 1229 0695 00000000 		.4byte	.LFB8
 1230 0699 12000000 		.4byte	.LFE8-.LFB8
 1231 069d 01       		.uleb128 0x1
 1232 069e 9C       		.byte	0x9c
 1233 069f CA060000 		.4byte	0x6ca
 1234 06a3 1A       		.uleb128 0x1a
 1235 06a4 64030000 		.4byte	.LASF90
 1236 06a8 01       		.byte	0x1
 1237 06a9 42       		.byte	0x42
 1238 06aa 57060000 		.4byte	0x657
 1239 06ae 00000000 		.4byte	.LLST0
 1240 06b2 1B       		.uleb128 0x1b
 1241 06b3 0A000000 		.4byte	.LBB5
 1242 06b7 08000000 		.4byte	.LBE5-.LBB5
 1243 06bb 1C       		.uleb128 0x1c
 1244 06bc 746D7000 		.ascii	"tmp\000"
 1245 06c0 01       		.byte	0x1
 1246 06c1 52       		.byte	0x52
 1247 06c2 AD000000 		.4byte	0xad
 1248 06c6 01       		.uleb128 0x1
 1249 06c7 53       		.byte	0x53
 1250 06c8 00       		.byte	0
 1251 06c9 00       		.byte	0
 1252 06ca 18       		.uleb128 0x18
 1253 06cb 2B050000 		.4byte	.LASF93
 1254 06cf 01       		.byte	0x1
ARM GAS  /tmp/ccZeMwW6.s 			page 23


 1255 06d0 78       		.byte	0x78
 1256 06d1 00000000 		.4byte	.LFB9
 1257 06d5 30000000 		.4byte	.LFE9-.LFB9
 1258 06d9 01       		.uleb128 0x1
 1259 06da 9C       		.byte	0x9c
 1260 06db 26070000 		.4byte	0x726
 1261 06df 1D       		.uleb128 0x1d
 1262 06e0 14000000 		.4byte	.LVL6
 1263 06e4 7F080000 		.4byte	0x87f
 1264 06e8 F7060000 		.4byte	0x6f7
 1265 06ec 1E       		.uleb128 0x1e
 1266 06ed 01       		.uleb128 0x1
 1267 06ee 51       		.byte	0x51
 1268 06ef 01       		.uleb128 0x1
 1269 06f0 40       		.byte	0x40
 1270 06f1 1E       		.uleb128 0x1e
 1271 06f2 01       		.uleb128 0x1
 1272 06f3 50       		.byte	0x50
 1273 06f4 01       		.uleb128 0x1
 1274 06f5 37       		.byte	0x37
 1275 06f6 00       		.byte	0
 1276 06f7 1D       		.uleb128 0x1d
 1277 06f8 1C000000 		.4byte	.LVL7
 1278 06fc 7F080000 		.4byte	0x87f
 1279 0700 10070000 		.4byte	0x710
 1280 0704 1E       		.uleb128 0x1e
 1281 0705 01       		.uleb128 0x1
 1282 0706 51       		.byte	0x51
 1283 0707 02       		.uleb128 0x2
 1284 0708 08       		.byte	0x8
 1285 0709 20       		.byte	0x20
 1286 070a 1E       		.uleb128 0x1e
 1287 070b 01       		.uleb128 0x1
 1288 070c 50       		.byte	0x50
 1289 070d 01       		.uleb128 0x1
 1290 070e 3A       		.byte	0x3a
 1291 070f 00       		.byte	0
 1292 0710 1F       		.uleb128 0x1f
 1293 0711 28000000 		.4byte	.LVL8
 1294 0715 7F080000 		.4byte	0x87f
 1295 0719 1E       		.uleb128 0x1e
 1296 071a 01       		.uleb128 0x1
 1297 071b 51       		.byte	0x51
 1298 071c 02       		.uleb128 0x2
 1299 071d 08       		.byte	0x8
 1300 071e 80       		.byte	0x80
 1301 071f 1E       		.uleb128 0x1e
 1302 0720 01       		.uleb128 0x1
 1303 0721 50       		.byte	0x50
 1304 0722 01       		.uleb128 0x1
 1305 0723 3B       		.byte	0x3b
 1306 0724 00       		.byte	0
 1307 0725 00       		.byte	0
 1308 0726 20       		.uleb128 0x20
 1309 0727 1B060000 		.4byte	0x61b
 1310 072b 00000000 		.4byte	.LFB10
 1311 072f 78000000 		.4byte	.LFE10-.LFB10
ARM GAS  /tmp/ccZeMwW6.s 			page 24


 1312 0733 01       		.uleb128 0x1
 1313 0734 9C       		.byte	0x9c
 1314 0735 73070000 		.4byte	0x773
 1315 0739 21       		.uleb128 0x21
 1316 073a 00000000 		.4byte	.LBB14
 1317 073e 06000000 		.4byte	.LBE14-.LBB14
 1318 0742 4E070000 		.4byte	0x74e
 1319 0746 22       		.uleb128 0x22
 1320 0747 2C060000 		.4byte	0x62c
 1321 074b 01       		.uleb128 0x1
 1322 074c 53       		.byte	0x53
 1323 074d 00       		.byte	0
 1324 074e 23       		.uleb128 0x23
 1325 074f 00000000 		.4byte	.Ldebug_ranges0+0
 1326 0753 61070000 		.4byte	0x761
 1327 0757 24       		.uleb128 0x24
 1328 0758 3D060000 		.4byte	0x63d
 1329 075c 20000000 		.4byte	.LLST1
 1330 0760 00       		.byte	0
 1331 0761 1B       		.uleb128 0x1b
 1332 0762 46000000 		.4byte	.LBB18
 1333 0766 06000000 		.4byte	.LBE18-.LBB18
 1334 076a 22       		.uleb128 0x22
 1335 076b 4A060000 		.4byte	0x64a
 1336 076f 01       		.uleb128 0x1
 1337 0770 53       		.byte	0x53
 1338 0771 00       		.byte	0
 1339 0772 00       		.byte	0
 1340 0773 18       		.uleb128 0x18
 1341 0774 41000000 		.4byte	.LASF94
 1342 0778 01       		.byte	0x1
 1343 0779 2F       		.byte	0x2f
 1344 077a 00000000 		.4byte	.LFB7
 1345 077e 2A000000 		.4byte	.LFE7-.LFB7
 1346 0782 01       		.uleb128 0x1
 1347 0783 9C       		.byte	0x9c
 1348 0784 F5070000 		.4byte	0x7f5
 1349 0788 21       		.uleb128 0x21
 1350 0789 06000000 		.4byte	.LBB20
 1351 078d 06000000 		.4byte	.LBE20-.LBB20
 1352 0791 A3070000 		.4byte	0x7a3
 1353 0795 1C       		.uleb128 0x1c
 1354 0796 746D7000 		.ascii	"tmp\000"
 1355 079a 01       		.byte	0x1
 1356 079b 33       		.byte	0x33
 1357 079c AD000000 		.4byte	0xad
 1358 07a0 01       		.uleb128 0x1
 1359 07a1 53       		.byte	0x53
 1360 07a2 00       		.byte	0
 1361 07a3 21       		.uleb128 0x21
 1362 07a4 18000000 		.4byte	.LBB21
 1363 07a8 06000000 		.4byte	.LBE21-.LBB21
 1364 07ac BE070000 		.4byte	0x7be
 1365 07b0 1C       		.uleb128 0x1c
 1366 07b1 746D7000 		.ascii	"tmp\000"
 1367 07b5 01       		.byte	0x1
 1368 07b6 35       		.byte	0x35
ARM GAS  /tmp/ccZeMwW6.s 			page 25


 1369 07b7 AD000000 		.4byte	0xad
 1370 07bb 01       		.uleb128 0x1
 1371 07bc 53       		.byte	0x53
 1372 07bd 00       		.byte	0
 1373 07be 19       		.uleb128 0x19
 1374 07bf 06000000 		.4byte	.LVL14
 1375 07c3 96080000 		.4byte	0x896
 1376 07c7 19       		.uleb128 0x19
 1377 07c8 10000000 		.4byte	.LVL15
 1378 07cc 9D080000 		.4byte	0x89d
 1379 07d0 19       		.uleb128 0x19
 1380 07d1 14000000 		.4byte	.LVL16
 1381 07d5 A4080000 		.4byte	0x8a4
 1382 07d9 19       		.uleb128 0x19
 1383 07da 18000000 		.4byte	.LVL17
 1384 07de AB080000 		.4byte	0x8ab
 1385 07e2 19       		.uleb128 0x19
 1386 07e3 22000000 		.4byte	.LVL18
 1387 07e7 B2080000 		.4byte	0x8b2
 1388 07eb 25       		.uleb128 0x25
 1389 07ec 2A000000 		.4byte	.LVL19
 1390 07f0 1B060000 		.4byte	0x61b
 1391 07f4 00       		.byte	0
 1392 07f5 18       		.uleb128 0x18
 1393 07f6 39020000 		.4byte	.LASF95
 1394 07fa 01       		.byte	0x1
 1395 07fb E2       		.byte	0xe2
 1396 07fc 00000000 		.4byte	.LFB12
 1397 0800 10000000 		.4byte	.LFE12-.LFB12
 1398 0804 01       		.uleb128 0x1
 1399 0805 9C       		.byte	0x9c
 1400 0806 25080000 		.4byte	0x825
 1401 080a 26       		.uleb128 0x26
 1402 080b 6E747000 		.ascii	"ntp\000"
 1403 080f 01       		.byte	0x1
 1404 0810 E2       		.byte	0xe2
 1405 0811 57020000 		.4byte	0x257
 1406 0815 01       		.uleb128 0x1
 1407 0816 50       		.byte	0x50
 1408 0817 26       		.uleb128 0x26
 1409 0818 6F747000 		.ascii	"otp\000"
 1410 081c 01       		.byte	0x1
 1411 081d E2       		.byte	0xe2
 1412 081e 57020000 		.4byte	0x257
 1413 0822 01       		.uleb128 0x1
 1414 0823 51       		.byte	0x51
 1415 0824 00       		.byte	0
 1416 0825 18       		.uleb128 0x18
 1417 0826 9C010000 		.4byte	.LASF96
 1418 082a 01       		.byte	0x1
 1419 082b F9       		.byte	0xf9
 1420 082c 00000000 		.4byte	.LFB13
 1421 0830 16000000 		.4byte	.LFE13-.LFB13
 1422 0834 01       		.uleb128 0x1
 1423 0835 9C       		.byte	0x9c
 1424 0836 5F080000 		.4byte	0x85f
 1425 083a 21       		.uleb128 0x21
ARM GAS  /tmp/ccZeMwW6.s 			page 26


 1426 083b 06000000 		.4byte	.LBB22
 1427 083f 06000000 		.4byte	.LBE22-.LBB22
 1428 0843 55080000 		.4byte	0x855
 1429 0847 1C       		.uleb128 0x1c
 1430 0848 746D7000 		.ascii	"tmp\000"
 1431 084c 01       		.byte	0x1
 1432 084d FB       		.byte	0xfb
 1433 084e AD000000 		.4byte	0xad
 1434 0852 01       		.uleb128 0x1
 1435 0853 53       		.byte	0x53
 1436 0854 00       		.byte	0
 1437 0855 19       		.uleb128 0x19
 1438 0856 06000000 		.4byte	.LVL21
 1439 085a 78080000 		.4byte	0x878
 1440 085e 00       		.byte	0
 1441 085f 27       		.uleb128 0x27
 1442 0860 06000000 		.4byte	.LASF110
 1443 0864 09       		.byte	0x9
 1444 0865 6F       		.byte	0x6f
 1445 0866 7B050000 		.4byte	0x57b
 1446 086a 28       		.uleb128 0x28
 1447 086b FF020000 		.4byte	.LASF97
 1448 086f 0B       		.byte	0xb
 1449 0870 E7       		.byte	0xe7
 1450 0871 28       		.uleb128 0x28
 1451 0872 ED010000 		.4byte	.LASF98
 1452 0876 09       		.byte	0x9
 1453 0877 A8       		.byte	0xa8
 1454 0878 28       		.uleb128 0x28
 1455 0879 40030000 		.4byte	.LASF99
 1456 087d 0B       		.byte	0xb
 1457 087e E8       		.byte	0xe8
 1458 087f 29       		.uleb128 0x29
 1459 0880 C7010000 		.4byte	.LASF101
 1460 0884 08       		.byte	0x8
 1461 0885 2501     		.2byte	0x125
 1462 0887 96080000 		.4byte	0x896
 1463 088b 2A       		.uleb128 0x2a
 1464 088c AD000000 		.4byte	0xad
 1465 0890 2A       		.uleb128 0x2a
 1466 0891 AD000000 		.4byte	0xad
 1467 0895 00       		.byte	0
 1468 0896 28       		.uleb128 0x28
 1469 0897 FF010000 		.4byte	.LASF102
 1470 089b 0B       		.byte	0xb
 1471 089c EB       		.byte	0xeb
 1472 089d 28       		.uleb128 0x28
 1473 089e 36050000 		.4byte	.LASF103
 1474 08a2 0B       		.byte	0xb
 1475 08a3 E9       		.byte	0xe9
 1476 08a4 28       		.uleb128 0x28
 1477 08a5 2E000000 		.4byte	.LASF104
 1478 08a9 0C       		.byte	0xc
 1479 08aa F7       		.byte	0xf7
 1480 08ab 28       		.uleb128 0x28
 1481 08ac 49010000 		.4byte	.LASF105
 1482 08b0 0B       		.byte	0xb
ARM GAS  /tmp/ccZeMwW6.s 			page 27


 1483 08b1 EA       		.byte	0xea
 1484 08b2 28       		.uleb128 0x28
 1485 08b3 B2040000 		.4byte	.LASF106
 1486 08b7 0B       		.byte	0xb
 1487 08b8 EC       		.byte	0xec
 1488 08b9 00       		.byte	0
 1489              		.section	.debug_abbrev,"",%progbits
 1490              	.Ldebug_abbrev0:
 1491 0000 01       		.uleb128 0x1
 1492 0001 11       		.uleb128 0x11
 1493 0002 01       		.byte	0x1
 1494 0003 25       		.uleb128 0x25
 1495 0004 0E       		.uleb128 0xe
 1496 0005 13       		.uleb128 0x13
 1497 0006 0B       		.uleb128 0xb
 1498 0007 03       		.uleb128 0x3
 1499 0008 0E       		.uleb128 0xe
 1500 0009 1B       		.uleb128 0x1b
 1501 000a 0E       		.uleb128 0xe
 1502 000b 55       		.uleb128 0x55
 1503 000c 17       		.uleb128 0x17
 1504 000d 11       		.uleb128 0x11
 1505 000e 01       		.uleb128 0x1
 1506 000f 10       		.uleb128 0x10
 1507 0010 17       		.uleb128 0x17
 1508 0011 00       		.byte	0
 1509 0012 00       		.byte	0
 1510 0013 02       		.uleb128 0x2
 1511 0014 24       		.uleb128 0x24
 1512 0015 00       		.byte	0
 1513 0016 0B       		.uleb128 0xb
 1514 0017 0B       		.uleb128 0xb
 1515 0018 3E       		.uleb128 0x3e
 1516 0019 0B       		.uleb128 0xb
 1517 001a 03       		.uleb128 0x3
 1518 001b 08       		.uleb128 0x8
 1519 001c 00       		.byte	0
 1520 001d 00       		.byte	0
 1521 001e 03       		.uleb128 0x3
 1522 001f 24       		.uleb128 0x24
 1523 0020 00       		.byte	0
 1524 0021 0B       		.uleb128 0xb
 1525 0022 0B       		.uleb128 0xb
 1526 0023 3E       		.uleb128 0x3e
 1527 0024 0B       		.uleb128 0xb
 1528 0025 03       		.uleb128 0x3
 1529 0026 0E       		.uleb128 0xe
 1530 0027 00       		.byte	0
 1531 0028 00       		.byte	0
 1532 0029 04       		.uleb128 0x4
 1533 002a 16       		.uleb128 0x16
 1534 002b 00       		.byte	0
 1535 002c 03       		.uleb128 0x3
 1536 002d 0E       		.uleb128 0xe
 1537 002e 3A       		.uleb128 0x3a
 1538 002f 0B       		.uleb128 0xb
 1539 0030 3B       		.uleb128 0x3b
ARM GAS  /tmp/ccZeMwW6.s 			page 28


 1540 0031 0B       		.uleb128 0xb
 1541 0032 49       		.uleb128 0x49
 1542 0033 13       		.uleb128 0x13
 1543 0034 00       		.byte	0
 1544 0035 00       		.byte	0
 1545 0036 05       		.uleb128 0x5
 1546 0037 13       		.uleb128 0x13
 1547 0038 01       		.byte	0x1
 1548 0039 03       		.uleb128 0x3
 1549 003a 0E       		.uleb128 0xe
 1550 003b 0B       		.uleb128 0xb
 1551 003c 0B       		.uleb128 0xb
 1552 003d 3A       		.uleb128 0x3a
 1553 003e 0B       		.uleb128 0xb
 1554 003f 3B       		.uleb128 0x3b
 1555 0040 0B       		.uleb128 0xb
 1556 0041 01       		.uleb128 0x1
 1557 0042 13       		.uleb128 0x13
 1558 0043 00       		.byte	0
 1559 0044 00       		.byte	0
 1560 0045 06       		.uleb128 0x6
 1561 0046 0D       		.uleb128 0xd
 1562 0047 00       		.byte	0
 1563 0048 03       		.uleb128 0x3
 1564 0049 0E       		.uleb128 0xe
 1565 004a 3A       		.uleb128 0x3a
 1566 004b 0B       		.uleb128 0xb
 1567 004c 3B       		.uleb128 0x3b
 1568 004d 0B       		.uleb128 0xb
 1569 004e 49       		.uleb128 0x49
 1570 004f 13       		.uleb128 0x13
 1571 0050 38       		.uleb128 0x38
 1572 0051 0B       		.uleb128 0xb
 1573 0052 00       		.byte	0
 1574 0053 00       		.byte	0
 1575 0054 07       		.uleb128 0x7
 1576 0055 0D       		.uleb128 0xd
 1577 0056 00       		.byte	0
 1578 0057 03       		.uleb128 0x3
 1579 0058 08       		.uleb128 0x8
 1580 0059 3A       		.uleb128 0x3a
 1581 005a 0B       		.uleb128 0xb
 1582 005b 3B       		.uleb128 0x3b
 1583 005c 0B       		.uleb128 0xb
 1584 005d 49       		.uleb128 0x49
 1585 005e 13       		.uleb128 0x13
 1586 005f 38       		.uleb128 0x38
 1587 0060 0B       		.uleb128 0xb
 1588 0061 00       		.byte	0
 1589 0062 00       		.byte	0
 1590 0063 08       		.uleb128 0x8
 1591 0064 13       		.uleb128 0x13
 1592 0065 01       		.byte	0x1
 1593 0066 0B       		.uleb128 0xb
 1594 0067 0B       		.uleb128 0xb
 1595 0068 3A       		.uleb128 0x3a
 1596 0069 0B       		.uleb128 0xb
ARM GAS  /tmp/ccZeMwW6.s 			page 29


 1597 006a 3B       		.uleb128 0x3b
 1598 006b 0B       		.uleb128 0xb
 1599 006c 01       		.uleb128 0x1
 1600 006d 13       		.uleb128 0x13
 1601 006e 00       		.byte	0
 1602 006f 00       		.byte	0
 1603 0070 09       		.uleb128 0x9
 1604 0071 0F       		.uleb128 0xf
 1605 0072 00       		.byte	0
 1606 0073 0B       		.uleb128 0xb
 1607 0074 0B       		.uleb128 0xb
 1608 0075 49       		.uleb128 0x49
 1609 0076 13       		.uleb128 0x13
 1610 0077 00       		.byte	0
 1611 0078 00       		.byte	0
 1612 0079 0A       		.uleb128 0xa
 1613 007a 0F       		.uleb128 0xf
 1614 007b 00       		.byte	0
 1615 007c 0B       		.uleb128 0xb
 1616 007d 0B       		.uleb128 0xb
 1617 007e 00       		.byte	0
 1618 007f 00       		.byte	0
 1619 0080 0B       		.uleb128 0xb
 1620 0081 13       		.uleb128 0x13
 1621 0082 01       		.byte	0x1
 1622 0083 03       		.uleb128 0x3
 1623 0084 0E       		.uleb128 0xe
 1624 0085 0B       		.uleb128 0xb
 1625 0086 0B       		.uleb128 0xb
 1626 0087 3A       		.uleb128 0x3a
 1627 0088 0B       		.uleb128 0xb
 1628 0089 3B       		.uleb128 0x3b
 1629 008a 05       		.uleb128 0x5
 1630 008b 01       		.uleb128 0x1
 1631 008c 13       		.uleb128 0x13
 1632 008d 00       		.byte	0
 1633 008e 00       		.byte	0
 1634 008f 0C       		.uleb128 0xc
 1635 0090 0D       		.uleb128 0xd
 1636 0091 00       		.byte	0
 1637 0092 03       		.uleb128 0x3
 1638 0093 08       		.uleb128 0x8
 1639 0094 3A       		.uleb128 0x3a
 1640 0095 0B       		.uleb128 0xb
 1641 0096 3B       		.uleb128 0x3b
 1642 0097 05       		.uleb128 0x5
 1643 0098 49       		.uleb128 0x49
 1644 0099 13       		.uleb128 0x13
 1645 009a 38       		.uleb128 0x38
 1646 009b 0B       		.uleb128 0xb
 1647 009c 00       		.byte	0
 1648 009d 00       		.byte	0
 1649 009e 0D       		.uleb128 0xd
 1650 009f 35       		.uleb128 0x35
 1651 00a0 00       		.byte	0
 1652 00a1 49       		.uleb128 0x49
 1653 00a2 13       		.uleb128 0x13
ARM GAS  /tmp/ccZeMwW6.s 			page 30


 1654 00a3 00       		.byte	0
 1655 00a4 00       		.byte	0
 1656 00a5 0E       		.uleb128 0xe
 1657 00a6 01       		.uleb128 0x1
 1658 00a7 01       		.byte	0x1
 1659 00a8 49       		.uleb128 0x49
 1660 00a9 13       		.uleb128 0x13
 1661 00aa 01       		.uleb128 0x1
 1662 00ab 13       		.uleb128 0x13
 1663 00ac 00       		.byte	0
 1664 00ad 00       		.byte	0
 1665 00ae 0F       		.uleb128 0xf
 1666 00af 21       		.uleb128 0x21
 1667 00b0 00       		.byte	0
 1668 00b1 49       		.uleb128 0x49
 1669 00b2 13       		.uleb128 0x13
 1670 00b3 2F       		.uleb128 0x2f
 1671 00b4 0B       		.uleb128 0xb
 1672 00b5 00       		.byte	0
 1673 00b6 00       		.byte	0
 1674 00b7 10       		.uleb128 0x10
 1675 00b8 17       		.uleb128 0x17
 1676 00b9 01       		.byte	0x1
 1677 00ba 0B       		.uleb128 0xb
 1678 00bb 0B       		.uleb128 0xb
 1679 00bc 3A       		.uleb128 0x3a
 1680 00bd 0B       		.uleb128 0xb
 1681 00be 3B       		.uleb128 0x3b
 1682 00bf 0B       		.uleb128 0xb
 1683 00c0 01       		.uleb128 0x1
 1684 00c1 13       		.uleb128 0x13
 1685 00c2 00       		.byte	0
 1686 00c3 00       		.byte	0
 1687 00c4 11       		.uleb128 0x11
 1688 00c5 0D       		.uleb128 0xd
 1689 00c6 00       		.byte	0
 1690 00c7 03       		.uleb128 0x3
 1691 00c8 0E       		.uleb128 0xe
 1692 00c9 3A       		.uleb128 0x3a
 1693 00ca 0B       		.uleb128 0xb
 1694 00cb 3B       		.uleb128 0x3b
 1695 00cc 0B       		.uleb128 0xb
 1696 00cd 49       		.uleb128 0x49
 1697 00ce 13       		.uleb128 0x13
 1698 00cf 00       		.byte	0
 1699 00d0 00       		.byte	0
 1700 00d1 12       		.uleb128 0x12
 1701 00d2 26       		.uleb128 0x26
 1702 00d3 00       		.byte	0
 1703 00d4 49       		.uleb128 0x49
 1704 00d5 13       		.uleb128 0x13
 1705 00d6 00       		.byte	0
 1706 00d7 00       		.byte	0
 1707 00d8 13       		.uleb128 0x13
 1708 00d9 2E       		.uleb128 0x2e
 1709 00da 01       		.byte	0x1
 1710 00db 3F       		.uleb128 0x3f
ARM GAS  /tmp/ccZeMwW6.s 			page 31


 1711 00dc 19       		.uleb128 0x19
 1712 00dd 03       		.uleb128 0x3
 1713 00de 0E       		.uleb128 0xe
 1714 00df 3A       		.uleb128 0x3a
 1715 00e0 0B       		.uleb128 0xb
 1716 00e1 3B       		.uleb128 0x3b
 1717 00e2 0B       		.uleb128 0xb
 1718 00e3 27       		.uleb128 0x27
 1719 00e4 19       		.uleb128 0x19
 1720 00e5 20       		.uleb128 0x20
 1721 00e6 0B       		.uleb128 0xb
 1722 00e7 01       		.uleb128 0x1
 1723 00e8 13       		.uleb128 0x13
 1724 00e9 00       		.byte	0
 1725 00ea 00       		.byte	0
 1726 00eb 14       		.uleb128 0x14
 1727 00ec 0B       		.uleb128 0xb
 1728 00ed 01       		.byte	0x1
 1729 00ee 01       		.uleb128 0x1
 1730 00ef 13       		.uleb128 0x13
 1731 00f0 00       		.byte	0
 1732 00f1 00       		.byte	0
 1733 00f2 15       		.uleb128 0x15
 1734 00f3 34       		.uleb128 0x34
 1735 00f4 00       		.byte	0
 1736 00f5 03       		.uleb128 0x3
 1737 00f6 08       		.uleb128 0x8
 1738 00f7 3A       		.uleb128 0x3a
 1739 00f8 0B       		.uleb128 0xb
 1740 00f9 3B       		.uleb128 0x3b
 1741 00fa 0B       		.uleb128 0xb
 1742 00fb 49       		.uleb128 0x49
 1743 00fc 13       		.uleb128 0x13
 1744 00fd 00       		.byte	0
 1745 00fe 00       		.byte	0
 1746 00ff 16       		.uleb128 0x16
 1747 0100 34       		.uleb128 0x34
 1748 0101 00       		.byte	0
 1749 0102 03       		.uleb128 0x3
 1750 0103 0E       		.uleb128 0xe
 1751 0104 3A       		.uleb128 0x3a
 1752 0105 0B       		.uleb128 0xb
 1753 0106 3B       		.uleb128 0x3b
 1754 0107 0B       		.uleb128 0xb
 1755 0108 49       		.uleb128 0x49
 1756 0109 13       		.uleb128 0x13
 1757 010a 00       		.byte	0
 1758 010b 00       		.byte	0
 1759 010c 17       		.uleb128 0x17
 1760 010d 0B       		.uleb128 0xb
 1761 010e 01       		.byte	0x1
 1762 010f 00       		.byte	0
 1763 0110 00       		.byte	0
 1764 0111 18       		.uleb128 0x18
 1765 0112 2E       		.uleb128 0x2e
 1766 0113 01       		.byte	0x1
 1767 0114 3F       		.uleb128 0x3f
ARM GAS  /tmp/ccZeMwW6.s 			page 32


 1768 0115 19       		.uleb128 0x19
 1769 0116 03       		.uleb128 0x3
 1770 0117 0E       		.uleb128 0xe
 1771 0118 3A       		.uleb128 0x3a
 1772 0119 0B       		.uleb128 0xb
 1773 011a 3B       		.uleb128 0x3b
 1774 011b 0B       		.uleb128 0xb
 1775 011c 27       		.uleb128 0x27
 1776 011d 19       		.uleb128 0x19
 1777 011e 11       		.uleb128 0x11
 1778 011f 01       		.uleb128 0x1
 1779 0120 12       		.uleb128 0x12
 1780 0121 06       		.uleb128 0x6
 1781 0122 40       		.uleb128 0x40
 1782 0123 18       		.uleb128 0x18
 1783 0124 9742     		.uleb128 0x2117
 1784 0126 19       		.uleb128 0x19
 1785 0127 01       		.uleb128 0x1
 1786 0128 13       		.uleb128 0x13
 1787 0129 00       		.byte	0
 1788 012a 00       		.byte	0
 1789 012b 19       		.uleb128 0x19
 1790 012c 898201   		.uleb128 0x4109
 1791 012f 00       		.byte	0
 1792 0130 11       		.uleb128 0x11
 1793 0131 01       		.uleb128 0x1
 1794 0132 31       		.uleb128 0x31
 1795 0133 13       		.uleb128 0x13
 1796 0134 00       		.byte	0
 1797 0135 00       		.byte	0
 1798 0136 1A       		.uleb128 0x1a
 1799 0137 34       		.uleb128 0x34
 1800 0138 00       		.byte	0
 1801 0139 03       		.uleb128 0x3
 1802 013a 0E       		.uleb128 0xe
 1803 013b 3A       		.uleb128 0x3a
 1804 013c 0B       		.uleb128 0xb
 1805 013d 3B       		.uleb128 0x3b
 1806 013e 0B       		.uleb128 0xb
 1807 013f 49       		.uleb128 0x49
 1808 0140 13       		.uleb128 0x13
 1809 0141 02       		.uleb128 0x2
 1810 0142 17       		.uleb128 0x17
 1811 0143 00       		.byte	0
 1812 0144 00       		.byte	0
 1813 0145 1B       		.uleb128 0x1b
 1814 0146 0B       		.uleb128 0xb
 1815 0147 01       		.byte	0x1
 1816 0148 11       		.uleb128 0x11
 1817 0149 01       		.uleb128 0x1
 1818 014a 12       		.uleb128 0x12
 1819 014b 06       		.uleb128 0x6
 1820 014c 00       		.byte	0
 1821 014d 00       		.byte	0
 1822 014e 1C       		.uleb128 0x1c
 1823 014f 34       		.uleb128 0x34
 1824 0150 00       		.byte	0
ARM GAS  /tmp/ccZeMwW6.s 			page 33


 1825 0151 03       		.uleb128 0x3
 1826 0152 08       		.uleb128 0x8
 1827 0153 3A       		.uleb128 0x3a
 1828 0154 0B       		.uleb128 0xb
 1829 0155 3B       		.uleb128 0x3b
 1830 0156 0B       		.uleb128 0xb
 1831 0157 49       		.uleb128 0x49
 1832 0158 13       		.uleb128 0x13
 1833 0159 02       		.uleb128 0x2
 1834 015a 18       		.uleb128 0x18
 1835 015b 00       		.byte	0
 1836 015c 00       		.byte	0
 1837 015d 1D       		.uleb128 0x1d
 1838 015e 898201   		.uleb128 0x4109
 1839 0161 01       		.byte	0x1
 1840 0162 11       		.uleb128 0x11
 1841 0163 01       		.uleb128 0x1
 1842 0164 31       		.uleb128 0x31
 1843 0165 13       		.uleb128 0x13
 1844 0166 01       		.uleb128 0x1
 1845 0167 13       		.uleb128 0x13
 1846 0168 00       		.byte	0
 1847 0169 00       		.byte	0
 1848 016a 1E       		.uleb128 0x1e
 1849 016b 8A8201   		.uleb128 0x410a
 1850 016e 00       		.byte	0
 1851 016f 02       		.uleb128 0x2
 1852 0170 18       		.uleb128 0x18
 1853 0171 9142     		.uleb128 0x2111
 1854 0173 18       		.uleb128 0x18
 1855 0174 00       		.byte	0
 1856 0175 00       		.byte	0
 1857 0176 1F       		.uleb128 0x1f
 1858 0177 898201   		.uleb128 0x4109
 1859 017a 01       		.byte	0x1
 1860 017b 11       		.uleb128 0x11
 1861 017c 01       		.uleb128 0x1
 1862 017d 9542     		.uleb128 0x2115
 1863 017f 19       		.uleb128 0x19
 1864 0180 31       		.uleb128 0x31
 1865 0181 13       		.uleb128 0x13
 1866 0182 00       		.byte	0
 1867 0183 00       		.byte	0
 1868 0184 20       		.uleb128 0x20
 1869 0185 2E       		.uleb128 0x2e
 1870 0186 01       		.byte	0x1
 1871 0187 31       		.uleb128 0x31
 1872 0188 13       		.uleb128 0x13
 1873 0189 11       		.uleb128 0x11
 1874 018a 01       		.uleb128 0x1
 1875 018b 12       		.uleb128 0x12
 1876 018c 06       		.uleb128 0x6
 1877 018d 40       		.uleb128 0x40
 1878 018e 18       		.uleb128 0x18
 1879 018f 9742     		.uleb128 0x2117
 1880 0191 19       		.uleb128 0x19
 1881 0192 01       		.uleb128 0x1
ARM GAS  /tmp/ccZeMwW6.s 			page 34


 1882 0193 13       		.uleb128 0x13
 1883 0194 00       		.byte	0
 1884 0195 00       		.byte	0
 1885 0196 21       		.uleb128 0x21
 1886 0197 0B       		.uleb128 0xb
 1887 0198 01       		.byte	0x1
 1888 0199 11       		.uleb128 0x11
 1889 019a 01       		.uleb128 0x1
 1890 019b 12       		.uleb128 0x12
 1891 019c 06       		.uleb128 0x6
 1892 019d 01       		.uleb128 0x1
 1893 019e 13       		.uleb128 0x13
 1894 019f 00       		.byte	0
 1895 01a0 00       		.byte	0
 1896 01a1 22       		.uleb128 0x22
 1897 01a2 34       		.uleb128 0x34
 1898 01a3 00       		.byte	0
 1899 01a4 31       		.uleb128 0x31
 1900 01a5 13       		.uleb128 0x13
 1901 01a6 02       		.uleb128 0x2
 1902 01a7 18       		.uleb128 0x18
 1903 01a8 00       		.byte	0
 1904 01a9 00       		.byte	0
 1905 01aa 23       		.uleb128 0x23
 1906 01ab 0B       		.uleb128 0xb
 1907 01ac 01       		.byte	0x1
 1908 01ad 55       		.uleb128 0x55
 1909 01ae 17       		.uleb128 0x17
 1910 01af 01       		.uleb128 0x1
 1911 01b0 13       		.uleb128 0x13
 1912 01b1 00       		.byte	0
 1913 01b2 00       		.byte	0
 1914 01b3 24       		.uleb128 0x24
 1915 01b4 34       		.uleb128 0x34
 1916 01b5 00       		.byte	0
 1917 01b6 31       		.uleb128 0x31
 1918 01b7 13       		.uleb128 0x13
 1919 01b8 02       		.uleb128 0x2
 1920 01b9 17       		.uleb128 0x17
 1921 01ba 00       		.byte	0
 1922 01bb 00       		.byte	0
 1923 01bc 25       		.uleb128 0x25
 1924 01bd 898201   		.uleb128 0x4109
 1925 01c0 00       		.byte	0
 1926 01c1 11       		.uleb128 0x11
 1927 01c2 01       		.uleb128 0x1
 1928 01c3 9542     		.uleb128 0x2115
 1929 01c5 19       		.uleb128 0x19
 1930 01c6 31       		.uleb128 0x31
 1931 01c7 13       		.uleb128 0x13
 1932 01c8 00       		.byte	0
 1933 01c9 00       		.byte	0
 1934 01ca 26       		.uleb128 0x26
 1935 01cb 05       		.uleb128 0x5
 1936 01cc 00       		.byte	0
 1937 01cd 03       		.uleb128 0x3
 1938 01ce 08       		.uleb128 0x8
ARM GAS  /tmp/ccZeMwW6.s 			page 35


 1939 01cf 3A       		.uleb128 0x3a
 1940 01d0 0B       		.uleb128 0xb
 1941 01d1 3B       		.uleb128 0x3b
 1942 01d2 0B       		.uleb128 0xb
 1943 01d3 49       		.uleb128 0x49
 1944 01d4 13       		.uleb128 0x13
 1945 01d5 02       		.uleb128 0x2
 1946 01d6 18       		.uleb128 0x18
 1947 01d7 00       		.byte	0
 1948 01d8 00       		.byte	0
 1949 01d9 27       		.uleb128 0x27
 1950 01da 34       		.uleb128 0x34
 1951 01db 00       		.byte	0
 1952 01dc 03       		.uleb128 0x3
 1953 01dd 0E       		.uleb128 0xe
 1954 01de 3A       		.uleb128 0x3a
 1955 01df 0B       		.uleb128 0xb
 1956 01e0 3B       		.uleb128 0x3b
 1957 01e1 0B       		.uleb128 0xb
 1958 01e2 49       		.uleb128 0x49
 1959 01e3 13       		.uleb128 0x13
 1960 01e4 3F       		.uleb128 0x3f
 1961 01e5 19       		.uleb128 0x19
 1962 01e6 3C       		.uleb128 0x3c
 1963 01e7 19       		.uleb128 0x19
 1964 01e8 00       		.byte	0
 1965 01e9 00       		.byte	0
 1966 01ea 28       		.uleb128 0x28
 1967 01eb 2E       		.uleb128 0x2e
 1968 01ec 00       		.byte	0
 1969 01ed 3F       		.uleb128 0x3f
 1970 01ee 19       		.uleb128 0x19
 1971 01ef 03       		.uleb128 0x3
 1972 01f0 0E       		.uleb128 0xe
 1973 01f1 3A       		.uleb128 0x3a
 1974 01f2 0B       		.uleb128 0xb
 1975 01f3 3B       		.uleb128 0x3b
 1976 01f4 0B       		.uleb128 0xb
 1977 01f5 27       		.uleb128 0x27
 1978 01f6 19       		.uleb128 0x19
 1979 01f7 3C       		.uleb128 0x3c
 1980 01f8 19       		.uleb128 0x19
 1981 01f9 00       		.byte	0
 1982 01fa 00       		.byte	0
 1983 01fb 29       		.uleb128 0x29
 1984 01fc 2E       		.uleb128 0x2e
 1985 01fd 01       		.byte	0x1
 1986 01fe 3F       		.uleb128 0x3f
 1987 01ff 19       		.uleb128 0x19
 1988 0200 03       		.uleb128 0x3
 1989 0201 0E       		.uleb128 0xe
 1990 0202 3A       		.uleb128 0x3a
 1991 0203 0B       		.uleb128 0xb
 1992 0204 3B       		.uleb128 0x3b
 1993 0205 05       		.uleb128 0x5
 1994 0206 27       		.uleb128 0x27
 1995 0207 19       		.uleb128 0x19
ARM GAS  /tmp/ccZeMwW6.s 			page 36


 1996 0208 3C       		.uleb128 0x3c
 1997 0209 19       		.uleb128 0x19
 1998 020a 01       		.uleb128 0x1
 1999 020b 13       		.uleb128 0x13
 2000 020c 00       		.byte	0
 2001 020d 00       		.byte	0
 2002 020e 2A       		.uleb128 0x2a
 2003 020f 05       		.uleb128 0x5
 2004 0210 00       		.byte	0
 2005 0211 49       		.uleb128 0x49
 2006 0212 13       		.uleb128 0x13
 2007 0213 00       		.byte	0
 2008 0214 00       		.byte	0
 2009 0215 00       		.byte	0
 2010              		.section	.debug_loc,"",%progbits
 2011              	.Ldebug_loc0:
 2012              	.LLST0:
 2013 0000 04000000 		.4byte	.LVL3
 2014 0004 06000000 		.4byte	.LVL4
 2015 0008 0300     		.2byte	0x3
 2016 000a 73       		.byte	0x73
 2017 000b 20       		.sleb128 32
 2018 000c 9F       		.byte	0x9f
 2019 000d 06000000 		.4byte	.LVL4
 2020 0011 0C000000 		.4byte	.LVL5
 2021 0015 0100     		.2byte	0x1
 2022 0017 53       		.byte	0x53
 2023 0018 00000000 		.4byte	0
 2024 001c 00000000 		.4byte	0
 2025              	.LLST1:
 2026 0020 14000000 		.4byte	.LVL9
 2027 0024 20000000 		.4byte	.LVL10
 2028 0028 0300     		.2byte	0x3
 2029 002a 73       		.byte	0x73
 2030 002b 60       		.sleb128 -32
 2031 002c 9F       		.byte	0x9f
 2032 002d 20000000 		.4byte	.LVL10
 2033 0031 28000000 		.4byte	.LVL11
 2034 0035 0100     		.2byte	0x1
 2035 0037 52       		.byte	0x52
 2036 0038 28000000 		.4byte	.LVL11
 2037 003c 46000000 		.4byte	.LVL12
 2038 0040 0300     		.2byte	0x3
 2039 0042 73       		.byte	0x73
 2040 0043 60       		.sleb128 -32
 2041 0044 9F       		.byte	0x9f
 2042 0045 4C000000 		.4byte	.LVL13
 2043 0049 78000000 		.4byte	.LFE10
 2044 004d 0300     		.2byte	0x3
 2045 004f 73       		.byte	0x73
 2046 0050 60       		.sleb128 -32
 2047 0051 9F       		.byte	0x9f
 2048 0052 00000000 		.4byte	0
 2049 0056 00000000 		.4byte	0
 2050              		.section	.debug_aranges,"",%progbits
 2051 0000 4C000000 		.4byte	0x4c
 2052 0004 0200     		.2byte	0x2
ARM GAS  /tmp/ccZeMwW6.s 			page 37


 2053 0006 00000000 		.4byte	.Ldebug_info0
 2054 000a 04       		.byte	0x4
 2055 000b 00       		.byte	0
 2056 000c 0000     		.2byte	0
 2057 000e 0000     		.2byte	0
 2058 0010 00000000 		.4byte	.LFB11
 2059 0014 0E000000 		.4byte	.LFE11-.LFB11
 2060 0018 00000000 		.4byte	.LFB8
 2061 001c 12000000 		.4byte	.LFE8-.LFB8
 2062 0020 00000000 		.4byte	.LFB9
 2063 0024 30000000 		.4byte	.LFE9-.LFB9
 2064 0028 00000000 		.4byte	.LFB10
 2065 002c 78000000 		.4byte	.LFE10-.LFB10
 2066 0030 00000000 		.4byte	.LFB7
 2067 0034 2A000000 		.4byte	.LFE7-.LFB7
 2068 0038 00000000 		.4byte	.LFB12
 2069 003c 10000000 		.4byte	.LFE12-.LFB12
 2070 0040 00000000 		.4byte	.LFB13
 2071 0044 16000000 		.4byte	.LFE13-.LFB13
 2072 0048 00000000 		.4byte	0
 2073 004c 00000000 		.4byte	0
 2074              		.section	.debug_ranges,"",%progbits
 2075              	.Ldebug_ranges0:
 2076 0000 10000000 		.4byte	.LBB16
 2077 0004 46000000 		.4byte	.LBE16
 2078 0008 4C000000 		.4byte	.LBB17
 2079 000c 78000000 		.4byte	.LBE17
 2080 0010 00000000 		.4byte	0
 2081 0014 00000000 		.4byte	0
 2082 0018 00000000 		.4byte	.LFB11
 2083 001c 0E000000 		.4byte	.LFE11
 2084 0020 00000000 		.4byte	.LFB8
 2085 0024 12000000 		.4byte	.LFE8
 2086 0028 00000000 		.4byte	.LFB9
 2087 002c 30000000 		.4byte	.LFE9
 2088 0030 00000000 		.4byte	.LFB10
 2089 0034 78000000 		.4byte	.LFE10
 2090 0038 00000000 		.4byte	.LFB7
 2091 003c 2A000000 		.4byte	.LFE7
 2092 0040 00000000 		.4byte	.LFB12
 2093 0044 10000000 		.4byte	.LFE12
 2094 0048 00000000 		.4byte	.LFB13
 2095 004c 16000000 		.4byte	.LFE13
 2096 0050 00000000 		.4byte	0
 2097 0054 00000000 		.4byte	0
 2098              		.section	.debug_line,"",%progbits
 2099              	.Ldebug_line0:
 2100 0000 0F020000 		.section	.debug_str,"MS",%progbits,1
 2100      02006301 
 2100      00000201 
 2100      FB0E0D00 
 2100      01010101 
 2101              	.LASF42:
 2102 0000 705F6D73 		.ascii	"p_msg\000"
 2102      6700
 2103              	.LASF110:
 2104 0006 726C6973 		.ascii	"rlist\000"
ARM GAS  /tmp/ccZeMwW6.s 			page 38


 2104      7400
 2105              	.LASF85:
 2106 000c 7264796D 		.ascii	"rdymsg\000"
 2106      736700
 2107              	.LASF16:
 2108 0013 75696E74 		.ascii	"uint64_t\000"
 2108      36345F74 
 2108      00
 2109              	.LASF5:
 2110 001c 5F5F7569 		.ascii	"__uint8_t\000"
 2110      6E74385F 
 2110      7400
 2111              	.LASF73:
 2112 0026 434D785F 		.ascii	"CMx_SCB\000"
 2112      53434200 
 2113              	.LASF104:
 2114 002e 63685379 		.ascii	"chSysTimerHandlerI\000"
 2114      7354696D 
 2114      65724861 
 2114      6E646C65 
 2114      724900
 2115              	.LASF94:
 2116 0041 53797354 		.ascii	"SysTickVector\000"
 2116      69636B56 
 2116      6563746F 
 2116      7200
 2117              	.LASF12:
 2118 004f 6C6F6E67 		.ascii	"long long unsigned int\000"
 2118      206C6F6E 
 2118      6720756E 
 2118      7369676E 
 2118      65642069 
 2119              	.LASF107:
 2120 0066 474E5520 		.ascii	"GNU C 4.9.3 20150529 (prerelease) -mcpu=cortex-m4 -"
 2120      4320342E 
 2120      392E3320 
 2120      32303135 
 2120      30353239 
 2121 0099 6D6E6F2D 		.ascii	"mno-thumb-interwork -mthumb -ggdb -O2 -fomit-frame-"
 2121      7468756D 
 2121      622D696E 
 2121      74657277 
 2121      6F726B20 
 2122 00cc 706F696E 		.ascii	"pointer -falign-functions=16 -ffunction-sections -f"
 2122      74657220 
 2122      2D66616C 
 2122      69676E2D 
 2122      66756E63 
 2123 00ff 64617461 		.ascii	"data-sections -fno-common\000"
 2123      2D736563 
 2123      74696F6E 
 2123      73202D66 
 2123      6E6F2D63 
 2124              	.LASF86:
 2125 0119 65786974 		.ascii	"exitcode\000"
 2125      636F6465 
 2125      00
ARM GAS  /tmp/ccZeMwW6.s 			page 39


 2126              	.LASF58:
 2127 0122 43505549 		.ascii	"CPUID\000"
 2127      4400
 2128              	.LASF29:
 2129 0128 705F7072 		.ascii	"p_prio\000"
 2129      696F00
 2130              	.LASF10:
 2131 012f 6C6F6E67 		.ascii	"long long int\000"
 2131      206C6F6E 
 2131      6720696E 
 2131      7400
 2132              	.LASF1:
 2133 013d 7369676E 		.ascii	"signed char\000"
 2133      65642063 
 2133      68617200 
 2134              	.LASF105:
 2135 0149 6462675F 		.ascii	"dbg_check_unlock_from_isr\000"
 2135      63686563 
 2135      6B5F756E 
 2135      6C6F636B 
 2135      5F66726F 
 2136              	.LASF46:
 2137 0163 705F6D70 		.ascii	"p_mpool\000"
 2137      6F6F6C00 
 2138              	.LASF82:
 2139 016b 6D5F7175 		.ascii	"m_queue\000"
 2139      65756500 
 2140              	.LASF21:
 2141 0173 74736C69 		.ascii	"tslices_t\000"
 2141      6365735F 
 2141      7400
 2142              	.LASF7:
 2143 017d 6C6F6E67 		.ascii	"long int\000"
 2143      20696E74 
 2143      00
 2144              	.LASF92:
 2145 0186 53564361 		.ascii	"SVCallVector\000"
 2145      6C6C5665 
 2145      63746F72 
 2145      00
 2146              	.LASF19:
 2147 0193 74737461 		.ascii	"tstate_t\000"
 2147      74655F74 
 2147      00
 2148              	.LASF96:
 2149 019c 5F706F72 		.ascii	"_port_thread_start\000"
 2149      745F7468 
 2149      72656164 
 2149      5F737461 
 2149      727400
 2150              	.LASF31:
 2151 01af 705F6E65 		.ascii	"p_newer\000"
 2151      77657200 
 2152              	.LASF68:
 2153 01b7 42464152 		.ascii	"BFAR\000"
 2153      00
 2154              	.LASF8:
ARM GAS  /tmp/ccZeMwW6.s 			page 40


 2155 01bc 5F5F7569 		.ascii	"__uint32_t\000"
 2155      6E743332 
 2155      5F7400
 2156              	.LASF101:
 2157 01c7 6E766963 		.ascii	"nvicSetSystemHandlerPriority\000"
 2157      53657453 
 2157      79737465 
 2157      6D48616E 
 2157      646C6572 
 2158              	.LASF49:
 2159 01e4 72656761 		.ascii	"regarm_t\000"
 2159      726D5F74 
 2159      00
 2160              	.LASF98:
 2161 01ed 63685363 		.ascii	"chSchDoReschedule\000"
 2161      68446F52 
 2161      65736368 
 2161      6564756C 
 2161      6500
 2162              	.LASF102:
 2163 01ff 6462675F 		.ascii	"dbg_check_enter_isr\000"
 2163      63686563 
 2163      6B5F656E 
 2163      7465725F 
 2163      69737200 
 2164              	.LASF34:
 2165 0213 705F7374 		.ascii	"p_stklimit\000"
 2165      6B6C696D 
 2165      697400
 2166              	.LASF0:
 2167 021e 756E7369 		.ascii	"unsigned int\000"
 2167      676E6564 
 2167      20696E74 
 2167      00
 2168              	.LASF52:
 2169 022b 6C725F74 		.ascii	"lr_thd\000"
 2169      686400
 2170              	.LASF51:
 2171 0232 65787463 		.ascii	"extctx\000"
 2171      747800
 2172              	.LASF95:
 2173 0239 5F706F72 		.ascii	"_port_switch\000"
 2173      745F7377 
 2173      69746368 
 2173      00
 2174              	.LASF9:
 2175 0246 6C6F6E67 		.ascii	"long unsigned int\000"
 2175      20756E73 
 2175      69676E65 
 2175      6420696E 
 2175      7400
 2176              	.LASF60:
 2177 0258 56544F52 		.ascii	"VTOR\000"
 2177      00
 2178              	.LASF91:
 2179 025d 5F706F72 		.ascii	"_port_switch_from_isr\000"
 2179      745F7377 
ARM GAS  /tmp/ccZeMwW6.s 			page 41


 2179      69746368 
 2179      5F66726F 
 2179      6D5F6973 
 2180              	.LASF55:
 2181 0273 636F6E74 		.ascii	"context\000"
 2181      65787400 
 2182              	.LASF4:
 2183 027b 73686F72 		.ascii	"short unsigned int\000"
 2183      7420756E 
 2183      7369676E 
 2183      65642069 
 2183      6E7400
 2184              	.LASF59:
 2185 028e 49435352 		.ascii	"ICSR\000"
 2185      00
 2186              	.LASF23:
 2187 0293 6D73675F 		.ascii	"msg_t\000"
 2187      7400
 2188              	.LASF61:
 2189 0299 41495243 		.ascii	"AIRCR\000"
 2189      5200
 2190              	.LASF66:
 2191 029f 44465352 		.ascii	"DFSR\000"
 2191      00
 2192              	.LASF77:
 2193 02a4 725F6E65 		.ascii	"r_newer\000"
 2193      77657200 
 2194              	.LASF67:
 2195 02ac 4D4D4641 		.ascii	"MMFAR\000"
 2195      5200
 2196              	.LASF100:
 2197 02b2 5F706F72 		.ascii	"_port_irq_epilogue\000"
 2197      745F6972 
 2197      715F6570 
 2197      696C6F67 
 2197      756500
 2198              	.LASF18:
 2199 02c5 746D6F64 		.ascii	"tmode_t\000"
 2199      655F7400 
 2200              	.LASF48:
 2201 02cd 54687265 		.ascii	"ThreadsList\000"
 2201      6164734C 
 2201      69737400 
 2202              	.LASF24:
 2203 02d9 6576656E 		.ascii	"eventmask_t\000"
 2203      746D6173 
 2203      6B5F7400 
 2204              	.LASF81:
 2205 02e5 4D757465 		.ascii	"Mutex\000"
 2205      7800
 2206              	.LASF50:
 2207 02eb 73746B61 		.ascii	"stkalign_t\000"
 2207      6C69676E 
 2207      5F7400
 2208              	.LASF57:
 2209 02f6 73697A65 		.ascii	"sizetype\000"
 2209      74797065 
ARM GAS  /tmp/ccZeMwW6.s 			page 42


 2209      00
 2210              	.LASF97:
 2211 02ff 6462675F 		.ascii	"dbg_check_lock\000"
 2211      63686563 
 2211      6B5F6C6F 
 2211      636B00
 2212              	.LASF64:
 2213 030e 43465352 		.ascii	"CFSR\000"
 2213      00
 2214              	.LASF32:
 2215 0313 705F6F6C 		.ascii	"p_older\000"
 2215      64657200 
 2216              	.LASF76:
 2217 031b 725F6374 		.ascii	"r_ctx\000"
 2217      7800
 2218              	.LASF47:
 2219 0321 54687265 		.ascii	"ThreadsQueue\000"
 2219      61647351 
 2219      75657565 
 2219      00
 2220              	.LASF79:
 2221 032e 725F6375 		.ascii	"r_current\000"
 2221      7272656E 
 2221      7400
 2222              	.LASF78:
 2223 0338 725F6F6C 		.ascii	"r_older\000"
 2223      64657200 
 2224              	.LASF99:
 2225 0340 6462675F 		.ascii	"dbg_check_unlock\000"
 2225      63686563 
 2225      6B5F756E 
 2225      6C6F636B 
 2225      00
 2226              	.LASF11:
 2227 0351 5F5F7569 		.ascii	"__uint64_t\000"
 2227      6E743634 
 2227      5F7400
 2228              	.LASF20:
 2229 035c 74726566 		.ascii	"trefs_t\000"
 2229      735F7400 
 2230              	.LASF90:
 2231 0364 63747870 		.ascii	"ctxp\000"
 2231      00
 2232              	.LASF28:
 2233 0369 705F7072 		.ascii	"p_prev\000"
 2233      657600
 2234              	.LASF22:
 2235 0370 74707269 		.ascii	"tprio_t\000"
 2235      6F5F7400 
 2236              	.LASF17:
 2237 0378 5F426F6F 		.ascii	"_Bool\000"
 2237      6C00
 2238              	.LASF14:
 2239 037e 696E7433 		.ascii	"int32_t\000"
 2239      325F7400 
 2240              	.LASF2:
 2241 0386 756E7369 		.ascii	"unsigned char\000"
ARM GAS  /tmp/ccZeMwW6.s 			page 43


 2241      676E6564 
 2241      20636861 
 2241      7200
 2242              	.LASF63:
 2243 0394 53484353 		.ascii	"SHCSR\000"
 2243      5200
 2244              	.LASF44:
 2245 039a 705F6D74 		.ascii	"p_mtxlist\000"
 2245      786C6973 
 2245      7400
 2246              	.LASF3:
 2247 03a4 73686F72 		.ascii	"short int\000"
 2247      7420696E 
 2247      7400
 2248              	.LASF35:
 2249 03ae 705F7374 		.ascii	"p_state\000"
 2249      61746500 
 2250              	.LASF38:
 2251 03b6 705F7072 		.ascii	"p_preempt\000"
 2251      65656D70 
 2251      7400
 2252              	.LASF53:
 2253 03c0 78707372 		.ascii	"xpsr\000"
 2253      00
 2254              	.LASF75:
 2255 03c5 725F7072 		.ascii	"r_prio\000"
 2255      696F00
 2256              	.LASF109:
 2257 03cc 2F686F6D 		.ascii	"/home/namv1994/CFSD19/Christian STM32 code/STM32F4/"
 2257      652F6E61 
 2257      6D763139 
 2257      39342F43 
 2257      46534431 
 2258 03ff 53544D33 		.ascii	"STM32F4/embedded/ChibiOS/nam-test-USB/USB_CDC\000"
 2258      3246342F 
 2258      656D6265 
 2258      64646564 
 2258      2F436869 
 2259              	.LASF88:
 2260 042d 65776D61 		.ascii	"ewmask\000"
 2260      736B00
 2261              	.LASF27:
 2262 0434 705F6E65 		.ascii	"p_next\000"
 2262      787400
 2263              	.LASF36:
 2264 043b 705F666C 		.ascii	"p_flags\000"
 2264      61677300 
 2265              	.LASF26:
 2266 0443 54687265 		.ascii	"Thread\000"
 2266      616400
 2267              	.LASF43:
 2268 044a 705F6570 		.ascii	"p_epending\000"
 2268      656E6469 
 2268      6E6700
 2269              	.LASF15:
 2270 0455 75696E74 		.ascii	"uint32_t\000"
 2270      33325F74 
ARM GAS  /tmp/ccZeMwW6.s 			page 44


 2270      00
 2271              	.LASF74:
 2272 045e 725F7175 		.ascii	"r_queue\000"
 2272      65756500 
 2273              	.LASF69:
 2274 0466 41465352 		.ascii	"AFSR\000"
 2274      00
 2275              	.LASF71:
 2276 046b 756E7573 		.ascii	"unused1\000"
 2276      65643100 
 2277              	.LASF89:
 2278 0473 63686172 		.ascii	"char\000"
 2278      00
 2279              	.LASF56:
 2280 0478 494F5245 		.ascii	"IOREG32\000"
 2280      47333200 
 2281              	.LASF84:
 2282 0480 6D5F6E65 		.ascii	"m_next\000"
 2282      787400
 2283              	.LASF25:
 2284 0487 73797374 		.ascii	"systime_t\000"
 2284      696D655F 
 2284      7400
 2285              	.LASF45:
 2286 0491 705F7265 		.ascii	"p_realprio\000"
 2286      616C7072 
 2286      696F00
 2287              	.LASF6:
 2288 049c 5F5F696E 		.ascii	"__int32_t\000"
 2288      7433325F 
 2288      7400
 2289              	.LASF39:
 2290 04a6 705F7469 		.ascii	"p_time\000"
 2290      6D6500
 2291              	.LASF62:
 2292 04ad 53485052 		.ascii	"SHPR\000"
 2292      00
 2293              	.LASF106:
 2294 04b2 6462675F 		.ascii	"dbg_check_leave_isr\000"
 2294      63686563 
 2294      6B5F6C65 
 2294      6176655F 
 2294      69737200 
 2295              	.LASF54:
 2296 04c6 696E7463 		.ascii	"intctx\000"
 2296      747800
 2297              	.LASF41:
 2298 04cd 705F6D73 		.ascii	"p_msgqueue\000"
 2298      67717565 
 2298      756500
 2299              	.LASF37:
 2300 04d8 705F7265 		.ascii	"p_refs\000"
 2300      667300
 2301              	.LASF80:
 2302 04df 52656164 		.ascii	"ReadyList\000"
 2302      794C6973 
 2302      7400
ARM GAS  /tmp/ccZeMwW6.s 			page 45


 2303              	.LASF70:
 2304 04e9 4D4D4652 		.ascii	"MMFR\000"
 2304      00
 2305              	.LASF108:
 2306 04ee 2E2E2F2E 		.ascii	"../../ChibiOS_2.6.5/os/ports/GCC/ARMCMx/chcore_v7m."
 2306      2E2F4368 
 2306      6962694F 
 2306      535F322E 
 2306      362E352F 
 2307 0521 6300     		.ascii	"c\000"
 2308              	.LASF13:
 2309 0523 75696E74 		.ascii	"uint8_t\000"
 2309      385F7400 
 2310              	.LASF93:
 2311 052b 5F706F72 		.ascii	"_port_init\000"
 2311      745F696E 
 2311      697400
 2312              	.LASF103:
 2313 0536 6462675F 		.ascii	"dbg_check_lock_from_isr\000"
 2313      63686563 
 2313      6B5F6C6F 
 2313      636B5F66 
 2313      726F6D5F 
 2314              	.LASF87:
 2315 054e 77746F62 		.ascii	"wtobjp\000"
 2315      6A7000
 2316              	.LASF33:
 2317 0555 705F6E61 		.ascii	"p_name\000"
 2317      6D6500
 2318              	.LASF72:
 2319 055c 43504143 		.ascii	"CPACR\000"
 2319      5200
 2320              	.LASF65:
 2321 0562 48465352 		.ascii	"HFSR\000"
 2321      00
 2322              	.LASF83:
 2323 0567 6D5F6F77 		.ascii	"m_owner\000"
 2323      6E657200 
 2324              	.LASF30:
 2325 056f 705F6374 		.ascii	"p_ctx\000"
 2325      7800
 2326              	.LASF40:
 2327 0575 705F7761 		.ascii	"p_waiting\000"
 2327      6974696E 
 2327      6700
 2328              		.ident	"GCC: (15:4.9.3+svn231177-1) 4.9.3 20150529 (prerelease)"
ARM GAS  /tmp/ccZeMwW6.s 			page 46


DEFINED SYMBOLS
                            *ABS*:0000000000000000 chcore_v7m.c
     /tmp/ccZeMwW6.s:19     .text._port_switch_from_isr:0000000000000000 $t
     /tmp/ccZeMwW6.s:25     .text._port_switch_from_isr:0000000000000000 _port_switch_from_isr
     /tmp/ccZeMwW6.s:44     .text._port_switch_from_isr:000000000000000c _port_exit_from_isr
     /tmp/ccZeMwW6.s:56     .text.SVCallVector:0000000000000000 $t
     /tmp/ccZeMwW6.s:62     .text.SVCallVector:0000000000000000 SVCallVector
     /tmp/ccZeMwW6.s:97     .text._port_init:0000000000000000 $t
     /tmp/ccZeMwW6.s:103    .text._port_init:0000000000000000 _port_init
     /tmp/ccZeMwW6.s:147    .text._port_init:0000000000000028 $d
     /tmp/ccZeMwW6.s:153    .text._port_irq_epilogue:0000000000000000 $t
     /tmp/ccZeMwW6.s:159    .text._port_irq_epilogue:0000000000000000 _port_irq_epilogue
     /tmp/ccZeMwW6.s:251    .text._port_irq_epilogue:0000000000000068 $d
     /tmp/ccZeMwW6.s:261    .text.SysTickVector:0000000000000000 $t
     /tmp/ccZeMwW6.s:267    .text.SysTickVector:0000000000000000 SysTickVector
     /tmp/ccZeMwW6.s:318    .text._port_switch:0000000000000000 $t
     /tmp/ccZeMwW6.s:324    .text._port_switch:0000000000000000 _port_switch
     /tmp/ccZeMwW6.s:351    .text._port_thread_start:0000000000000000 $t
     /tmp/ccZeMwW6.s:357    .text._port_thread_start:0000000000000000 _port_thread_start
                     .debug_frame:0000000000000010 $d

UNDEFINED SYMBOLS
dbg_check_lock
chSchDoReschedule
dbg_check_unlock
nvicSetSystemHandlerPriority
rlist
dbg_check_enter_isr
dbg_check_lock_from_isr
chSysTimerHandlerI
dbg_check_unlock_from_isr
dbg_check_leave_isr
chThdExit
