ARM GAS  /tmp/ccsqp6Pb.s 			page 1


   1              		.syntax unified
   2              		.cpu cortex-m4
   3              		.fpu softvfp
   4              		.eabi_attribute 20, 1
   5              		.eabi_attribute 21, 1
   6              		.eabi_attribute 23, 3
   7              		.eabi_attribute 24, 1
   8              		.eabi_attribute 25, 1
   9              		.eabi_attribute 26, 1
  10              		.eabi_attribute 30, 2
  11              		.eabi_attribute 34, 1
  12              		.eabi_attribute 18, 4
  13              		.thumb
  14              		.file	"chheap.c"
  15              		.text
  16              	.Ltext0:
  17              		.cfi_sections	.debug_frame
  18              		.section	.text._heap_init,"ax",%progbits
  19              		.align	2
  20              		.p2align 4,,15
  21              		.global	_heap_init
  22              		.thumb
  23              		.thumb_func
  24              		.type	_heap_init, %function
  25              	_heap_init:
  26              	.LFB7:
  27              		.file 1 "../../ChibiOS_2.6.5/os/kernel/src/chheap.c"
  28              		.loc 1 75 0
  29              		.cfi_startproc
  30              		@ args = 0, pretend = 0, frame = 0
  31              		@ frame_needed = 0, uses_anonymous_args = 0
  32              		@ link register save eliminated.
  33              		.loc 1 76 0
  34 0000 044B     		ldr	r3, .L2
  35 0002 054A     		ldr	r2, .L2+4
  36 0004 1A60     		str	r2, [r3]
  37              		.loc 1 80 0
  38 0006 03F11000 		add	r0, r3, #16
  39              		.loc 1 77 0
  40 000a 0022     		movs	r2, #0
  41 000c 9A60     		str	r2, [r3, #8]
  42              		.loc 1 78 0
  43 000e DA60     		str	r2, [r3, #12]
  44              		.loc 1 80 0
  45 0010 FFF7FEBF 		b	chMtxInit
  46              	.LVL0:
  47              	.L3:
  48              		.align	2
  49              	.L2:
  50 0014 00000000 		.word	.LANCHOR0
  51 0018 00000000 		.word	chCoreAlloc
  52              		.cfi_endproc
  53              	.LFE7:
  54              		.size	_heap_init, .-_heap_init
  55              		.section	.text.chHeapInit,"ax",%progbits
  56              		.align	2
  57              		.p2align 4,,15
ARM GAS  /tmp/ccsqp6Pb.s 			page 2


  58              		.global	chHeapInit
  59              		.thumb
  60              		.thumb_func
  61              		.type	chHeapInit, %function
  62              	chHeapInit:
  63              	.LFB8:
  64              		.loc 1 99 0
  65              		.cfi_startproc
  66              		@ args = 0, pretend = 0, frame = 0
  67              		@ frame_needed = 0, uses_anonymous_args = 0
  68              	.LVL1:
  69 0000 70B5     		push	{r4, r5, r6, lr}
  70              		.cfi_def_cfa_offset 16
  71              		.cfi_offset 4, -16
  72              		.cfi_offset 5, -12
  73              		.cfi_offset 6, -8
  74              		.cfi_offset 14, -4
  75              		.loc 1 99 0
  76 0002 1646     		mov	r6, r2
  77              		.loc 1 102 0
  78 0004 4A07     		lsls	r2, r1, #29
  79              	.LVL2:
  80              		.loc 1 99 0
  81 0006 0C46     		mov	r4, r1
  82 0008 0546     		mov	r5, r0
  83              		.loc 1 102 0
  84 000a 01D1     		bne	.L5
  85              		.loc 1 102 0 is_stmt 0 discriminator 2
  86 000c 7307     		lsls	r3, r6, #29
  87 000e 02D0     		beq	.L6
  88              	.L5:
  89              		.loc 1 102 0 discriminator 3
  90 0010 0748     		ldr	r0, .L12
  91              	.LVL3:
  92 0012 FFF7FEFF 		bl	chDbgPanic
  93              	.LVL4:
  94              	.L6:
  95              		.loc 1 104 0 is_stmt 1
  96 0016 0023     		movs	r3, #0
  97              		.loc 1 108 0
  98 0018 083E     		subs	r6, r6, #8
  99              	.LVL5:
 100              		.loc 1 105 0
 101 001a AC60     		str	r4, [r5, #8]
 102              		.loc 1 104 0
 103 001c 2B60     		str	r3, [r5]
 104              	.LVL6:
 105              		.loc 1 106 0
 106 001e EB60     		str	r3, [r5, #12]
 107              		.loc 1 107 0
 108 0020 84E84800 		stmia	r4, {r3, r6}
 109              	.LVL7:
 110              		.loc 1 110 0
 111 0024 05F11000 		add	r0, r5, #16
 112              		.loc 1 114 0
 113 0028 BDE87040 		pop	{r4, r5, r6, lr}
 114              		.cfi_restore 14
ARM GAS  /tmp/ccsqp6Pb.s 			page 3


 115              		.cfi_restore 6
 116              		.cfi_restore 5
 117              		.cfi_restore 4
 118              		.cfi_def_cfa_offset 0
 119              	.LVL8:
 120              		.loc 1 110 0
 121 002c FFF7FEBF 		b	chMtxInit
 122              	.LVL9:
 123              	.L13:
 124              		.align	2
 125              	.L12:
 126 0030 00000000 		.word	.LC0
 127              		.cfi_endproc
 128              	.LFE8:
 129              		.size	chHeapInit, .-chHeapInit
 130              		.section	.text.chHeapAlloc,"ax",%progbits
 131              		.align	2
 132              		.p2align 4,,15
 133              		.global	chHeapAlloc
 134              		.thumb
 135              		.thumb_func
 136              		.type	chHeapAlloc, %function
 137              	chHeapAlloc:
 138              	.LFB9:
 139              		.loc 1 132 0
 140              		.cfi_startproc
 141              		@ args = 0, pretend = 0, frame = 0
 142              		@ frame_needed = 0, uses_anonymous_args = 0
 143              	.LVL10:
 144 0000 F8B5     		push	{r3, r4, r5, r6, r7, lr}
 145              		.cfi_def_cfa_offset 24
 146              		.cfi_offset 3, -24
 147              		.cfi_offset 4, -20
 148              		.cfi_offset 5, -16
 149              		.cfi_offset 6, -12
 150              		.cfi_offset 7, -8
 151              		.cfi_offset 14, -4
 152              		.loc 1 136 0
 153 0002 1E4E     		ldr	r6, .L29
 154 0004 0028     		cmp	r0, #0
 155 0006 18BF     		it	ne
 156 0008 0646     		movne	r6, r0
 157              	.LVL11:
 158              		.loc 1 138 0
 159 000a 0731     		adds	r1, r1, #7
 160              	.LVL12:
 161              		.loc 1 140 0
 162 000c 06F11000 		add	r0, r6, #16
 163              		.loc 1 138 0
 164 0010 21F00705 		bic	r5, r1, #7
 165              	.LVL13:
 166              		.loc 1 139 0
 167 0014 06F10804 		add	r4, r6, #8
 168              	.LVL14:
 169              		.loc 1 140 0
 170 0018 FFF7FEFF 		bl	chMtxLock
 171              	.LVL15:
ARM GAS  /tmp/ccsqp6Pb.s 			page 4


 172              		.loc 1 142 0
 173 001c 03E0     		b	.L16
 174              	.LVL16:
 175              	.L20:
 176              		.loc 1 144 0
 177 001e 4368     		ldr	r3, [r0, #4]
 178 0020 9D42     		cmp	r5, r3
 179 0022 11D9     		bls	.L28
 180 0024 0446     		mov	r4, r0
 181              	.LVL17:
 182              	.L16:
 183              		.loc 1 142 0
 184 0026 2068     		ldr	r0, [r4]
 185              	.LVL18:
 186 0028 0028     		cmp	r0, #0
 187 002a F8D1     		bne	.L20
 188              		.loc 1 167 0
 189 002c FFF7FEFF 		bl	chMtxUnlock
 190              	.LVL19:
 191              		.loc 1 171 0
 192 0030 3368     		ldr	r3, [r6]
 193 0032 0BB3     		cbz	r3, .L22
 194              		.loc 1 172 0
 195 0034 05F10800 		add	r0, r5, #8
 196 0038 9847     		blx	r3
 197              	.LVL20:
 198              		.loc 1 173 0
 199 003a E8B1     		cbz	r0, .L22
 200              		.loc 1 174 0
 201 003c 0660     		str	r6, [r0]
 202              		.loc 1 175 0
 203 003e 4560     		str	r5, [r0, #4]
 204              		.loc 1 176 0
 205 0040 00F10804 		add	r4, r0, #8
 206              	.LVL21:
 207              	.L19:
 208              		.loc 1 181 0
 209 0044 2046     		mov	r0, r4
 210 0046 F8BD     		pop	{r3, r4, r5, r6, r7, pc}
 211              	.LVL22:
 212              	.L28:
 213              		.loc 1 145 0
 214 0048 05F10802 		add	r2, r5, #8
 215 004c 9A42     		cmp	r2, r3
 216 004e 08D9     		bls	.L17
 217              		.loc 1 149 0
 218 0050 0368     		ldr	r3, [r0]
 219 0052 2360     		str	r3, [r4]
 220              	.L18:
 221              		.loc 1 159 0
 222 0054 0446     		mov	r4, r0
 223              	.LVL23:
 224 0056 44F8086B 		str	r6, [r4], #8
 225              		.loc 1 161 0
 226 005a FFF7FEFF 		bl	chMtxUnlock
 227              	.LVL24:
 228              		.loc 1 181 0
ARM GAS  /tmp/ccsqp6Pb.s 			page 5


 229 005e 2046     		mov	r0, r4
 230 0060 F8BD     		pop	{r3, r4, r5, r6, r7, pc}
 231              	.LVL25:
 232              	.L17:
 233 0062 6FF00701 		mvn	r1, #7
 234 0066 491B     		subs	r1, r1, r5
 235              		.loc 1 153 0
 236 0068 8718     		adds	r7, r0, r2
 237              	.LVL26:
 238              		.loc 1 155 0
 239 006a 0B44     		add	r3, r3, r1
 240              		.loc 1 154 0
 241 006c 0168     		ldr	r1, [r0]
 242 006e 8150     		str	r1, [r0, r2]
 243              		.loc 1 155 0
 244 0070 7B60     		str	r3, [r7, #4]
 245              		.loc 1 156 0
 246 0072 2760     		str	r7, [r4]
 247              		.loc 1 157 0
 248 0074 4560     		str	r5, [r0, #4]
 249 0076 EDE7     		b	.L18
 250              	.LVL27:
 251              	.L22:
 252              		.loc 1 180 0
 253 0078 0024     		movs	r4, #0
 254              	.LVL28:
 255 007a E3E7     		b	.L19
 256              	.L30:
 257              		.align	2
 258              	.L29:
 259 007c 00000000 		.word	.LANCHOR0
 260              		.cfi_endproc
 261              	.LFE9:
 262              		.size	chHeapAlloc, .-chHeapAlloc
 263              		.section	.text.chHeapFree,"ax",%progbits
 264              		.align	2
 265              		.p2align 4,,15
 266              		.global	chHeapFree
 267              		.thumb
 268              		.thumb_func
 269              		.type	chHeapFree, %function
 270              	chHeapFree:
 271              	.LFB10:
 272              		.loc 1 194 0
 273              		.cfi_startproc
 274              		@ args = 0, pretend = 0, frame = 0
 275              		@ frame_needed = 0, uses_anonymous_args = 0
 276              	.LVL29:
 277 0000 F8B5     		push	{r3, r4, r5, r6, r7, lr}
 278              		.cfi_def_cfa_offset 24
 279              		.cfi_offset 3, -24
 280              		.cfi_offset 4, -20
 281              		.cfi_offset 5, -16
 282              		.cfi_offset 6, -12
 283              		.cfi_offset 7, -8
 284              		.cfi_offset 14, -4
 285              		.loc 1 198 0
ARM GAS  /tmp/ccsqp6Pb.s 			page 6


 286 0002 0746     		mov	r7, r0
 287 0004 0028     		cmp	r0, #0
 288 0006 55D0     		beq	.L46
 289              	.LVL30:
 290              	.L32:
 291              		.loc 1 201 0
 292 0008 57F8086C 		ldr	r6, [r7, #-8]
 293              		.loc 1 203 0
 294 000c 06F11000 		add	r0, r6, #16
 295 0010 FFF7FEFF 		bl	chMtxLock
 296              	.LVL31:
 297              		.loc 1 202 0
 298 0014 0836     		adds	r6, r6, #8
 299 0016 3446     		mov	r4, r6
 300              		.loc 1 200 0
 301 0018 A7F10805 		sub	r5, r7, #8
 302              	.LVL32:
 303              	.L40:
 304              		.loc 1 206 0
 305 001c AC42     		cmp	r4, r5
 306 001e 04D8     		bhi	.L33
 307              		.loc 1 206 0 is_stmt 0 discriminator 1
 308 0020 6368     		ldr	r3, [r4, #4]
 309 0022 0833     		adds	r3, r3, #8
 310 0024 2344     		add	r3, r3, r4
 311 0026 9D42     		cmp	r5, r3
 312 0028 0BD3     		bcc	.L47
 313              	.L33:
 314              		.loc 1 210 0 is_stmt 1
 315 002a B442     		cmp	r4, r6
 316 002c 0ED0     		beq	.L34
 317              	.L48:
 318              		.loc 1 210 0 is_stmt 0 discriminator 2
 319 002e AC42     		cmp	r4, r5
 320 0030 0CD3     		bcc	.L34
 321 0032 2468     		ldr	r4, [r4]
 322              	.LVL33:
 323              		.loc 1 206 0 is_stmt 1
 324 0034 AC42     		cmp	r4, r5
 325 0036 F8D8     		bhi	.L33
 326 0038 6368     		ldr	r3, [r4, #4]
 327 003a 0833     		adds	r3, r3, #8
 328 003c 2344     		add	r3, r3, r4
 329 003e 9D42     		cmp	r5, r3
 330 0040 F3D2     		bcs	.L33
 331              	.L47:
 332              		.loc 1 206 0 is_stmt 0 discriminator 2
 333 0042 1E48     		ldr	r0, .L51
 334 0044 FFF7FEFF 		bl	chDbgPanic
 335              	.LVL34:
 336              		.loc 1 210 0 is_stmt 1 discriminator 2
 337 0048 B442     		cmp	r4, r6
 338 004a F0D1     		bne	.L48
 339              	.L34:
 340              		.loc 1 211 0 discriminator 3
 341 004c 2368     		ldr	r3, [r4]
 342              		.loc 1 210 0 discriminator 3
ARM GAS  /tmp/ccsqp6Pb.s 			page 7


 343 004e 1BB1     		cbz	r3, .L36
 344              		.loc 1 211 0
 345 0050 9D42     		cmp	r5, r3
 346 0052 01D3     		bcc	.L36
 347 0054 1C46     		mov	r4, r3
 348              	.LVL35:
 349              		.loc 1 229 0
 350 0056 E1E7     		b	.L40
 351              	.LVL36:
 352              	.L36:
 353              		.loc 1 216 0
 354 0058 57F8042C 		ldr	r2, [r7, #-4]
 355              		.loc 1 213 0
 356 005c 47F8083C 		str	r3, [r7, #-8]
 357              		.loc 1 214 0
 358 0060 2560     		str	r5, [r4]
 359              		.loc 1 216 0
 360 0062 02F10803 		add	r3, r2, #8
 361 0066 57F8080C 		ldr	r0, [r7, #-8]
 362 006a E918     		adds	r1, r5, r3
 363 006c 8142     		cmp	r1, r0
 364 006e 09D0     		beq	.L49
 365              		.loc 1 221 0
 366 0070 6268     		ldr	r2, [r4, #4]
 367 0072 02F10803 		add	r3, r2, #8
 368 0076 2344     		add	r3, r3, r4
 369 0078 9D42     		cmp	r5, r3
 370 007a 11D0     		beq	.L50
 371              	.L39:
 372              		.loc 1 233 0
 373 007c BDE8F840 		pop	{r3, r4, r5, r6, r7, lr}
 374              		.cfi_remember_state
 375              		.cfi_restore 14
 376              		.cfi_restore 7
 377              		.cfi_restore 6
 378              		.cfi_restore 5
 379              		.cfi_restore 4
 380              		.cfi_restore 3
 381              		.cfi_def_cfa_offset 0
 382              	.LVL37:
 383              		.loc 1 231 0
 384 0080 FFF7FEBF 		b	chMtxUnlock
 385              	.LVL38:
 386              	.L49:
 387              		.cfi_restore_state
 388              		.loc 1 218 0
 389 0084 4968     		ldr	r1, [r1, #4]
 390              		.loc 1 219 0
 391 0086 EB58     		ldr	r3, [r5, r3]
 392 0088 47F8083C 		str	r3, [r7, #-8]
 393              		.loc 1 218 0
 394 008c 5318     		adds	r3, r2, r1
 395 008e 0833     		adds	r3, r3, #8
 396 0090 47F8043C 		str	r3, [r7, #-4]
 397              		.loc 1 221 0
 398 0094 6268     		ldr	r2, [r4, #4]
 399 0096 02F10803 		add	r3, r2, #8
ARM GAS  /tmp/ccsqp6Pb.s 			page 8


 400 009a 2344     		add	r3, r3, r4
 401 009c 9D42     		cmp	r5, r3
 402 009e EDD1     		bne	.L39
 403              	.L50:
 404              		.loc 1 224 0
 405 00a0 17E90A00 		ldmdb	r7, {r1, r3}
 406              		.loc 1 223 0
 407 00a4 1344     		add	r3, r3, r2
 408 00a6 0833     		adds	r3, r3, #8
 409              		.loc 1 224 0
 410 00a8 2160     		str	r1, [r4]
 411              		.loc 1 223 0
 412 00aa 6360     		str	r3, [r4, #4]
 413              		.loc 1 233 0
 414 00ac BDE8F840 		pop	{r3, r4, r5, r6, r7, lr}
 415              		.cfi_remember_state
 416              		.cfi_restore 3
 417              		.cfi_restore 4
 418              		.cfi_restore 5
 419              		.cfi_restore 6
 420              		.cfi_restore 7
 421              		.cfi_restore 14
 422              		.cfi_def_cfa_offset 0
 423              	.LVL39:
 424              		.loc 1 231 0
 425 00b0 FFF7FEBF 		b	chMtxUnlock
 426              	.LVL40:
 427              	.L46:
 428              		.cfi_restore_state
 429              		.loc 1 198 0 discriminator 1
 430 00b4 0248     		ldr	r0, .L51+4
 431              	.LVL41:
 432 00b6 FFF7FEFF 		bl	chDbgPanic
 433              	.LVL42:
 434 00ba A5E7     		b	.L32
 435              	.L52:
 436              		.align	2
 437              	.L51:
 438 00bc 20000000 		.word	.LC2
 439 00c0 10000000 		.word	.LC1
 440              		.cfi_endproc
 441              	.LFE10:
 442              		.size	chHeapFree, .-chHeapFree
 443              		.section	.text.chHeapStatus,"ax",%progbits
 444              		.align	2
 445              		.p2align 4,,15
 446              		.global	chHeapStatus
 447              		.thumb
 448              		.thumb_func
 449              		.type	chHeapStatus, %function
 450              	chHeapStatus:
 451              	.LFB11:
 452              		.loc 1 250 0
 453              		.cfi_startproc
 454              		@ args = 0, pretend = 0, frame = 0
 455              		@ frame_needed = 0, uses_anonymous_args = 0
 456              	.LVL43:
ARM GAS  /tmp/ccsqp6Pb.s 			page 9


 457 0000 38B5     		push	{r3, r4, r5, lr}
 458              		.cfi_def_cfa_offset 16
 459              		.cfi_offset 3, -16
 460              		.cfi_offset 4, -12
 461              		.cfi_offset 5, -8
 462              		.cfi_offset 14, -4
 463              		.loc 1 255 0
 464 0002 0E4C     		ldr	r4, .L64
 465 0004 0028     		cmp	r0, #0
 466 0006 18BF     		it	ne
 467 0008 0446     		movne	r4, r0
 468              	.LVL44:
 469              		.loc 1 257 0
 470 000a 04F11000 		add	r0, r4, #16
 471              		.loc 1 250 0
 472 000e 0D46     		mov	r5, r1
 473              		.loc 1 257 0
 474 0010 FFF7FEFF 		bl	chMtxLock
 475              	.LVL45:
 476              		.loc 1 260 0
 477 0014 A368     		ldr	r3, [r4, #8]
 478 0016 6BB1     		cbz	r3, .L58
 479              		.loc 1 260 0 is_stmt 0 discriminator 3
 480 0018 0022     		movs	r2, #0
 481 001a 1446     		mov	r4, r2
 482              	.LVL46:
 483              	.L56:
 484              		.loc 1 261 0 is_stmt 1 discriminator 3
 485 001c 5868     		ldr	r0, [r3, #4]
 486              		.loc 1 260 0 discriminator 3
 487 001e 1B68     		ldr	r3, [r3]
 488 0020 0134     		adds	r4, r4, #1
 489              	.LVL47:
 490              		.loc 1 261 0 discriminator 3
 491 0022 0244     		add	r2, r2, r0
 492              	.LVL48:
 493              		.loc 1 260 0 discriminator 3
 494 0024 002B     		cmp	r3, #0
 495 0026 F9D1     		bne	.L56
 496              	.LVL49:
 497              	.L55:
 498              		.loc 1 262 0
 499 0028 05B1     		cbz	r5, .L57
 500              		.loc 1 263 0
 501 002a 2A60     		str	r2, [r5]
 502              	.L57:
 503              		.loc 1 265 0
 504 002c FFF7FEFF 		bl	chMtxUnlock
 505              	.LVL50:
 506              		.loc 1 267 0
 507 0030 2046     		mov	r0, r4
 508 0032 38BD     		pop	{r3, r4, r5, pc}
 509              	.LVL51:
 510              	.L58:
 511              		.loc 1 259 0
 512 0034 1A46     		mov	r2, r3
 513              		.loc 1 260 0
ARM GAS  /tmp/ccsqp6Pb.s 			page 10


 514 0036 1C46     		mov	r4, r3
 515              	.LVL52:
 516 0038 F6E7     		b	.L55
 517              	.L65:
 518 003a 00BF     		.align	2
 519              	.L64:
 520 003c 00000000 		.word	.LANCHOR0
 521              		.cfi_endproc
 522              	.LFE11:
 523              		.size	chHeapStatus, .-chHeapStatus
 524              		.section	.rodata.str1.4,"aMS",%progbits,1
 525              		.align	2
 526              	.LC0:
 527 0000 22636848 		.ascii	"\"chHeapInit\"()\000"
 527      65617049 
 527      6E697422 
 527      282900
 528 000f 00       		.space	1
 529              	.LC1:
 530 0010 22636848 		.ascii	"\"chHeapFree\"()\000"
 530      65617046 
 530      72656522 
 530      282900
 531 001f 00       		.space	1
 532              	.LC2:
 533 0020 63684865 		.ascii	"chHeapFree(), #1\000"
 533      61704672 
 533      65652829 
 533      2C202331 
 533      00
 534              		.section	.bss.default_heap,"aw",%nobits
 535              		.align	3
 536              		.set	.LANCHOR0,. + 0
 537              		.type	default_heap, %object
 538              		.size	default_heap, 32
 539              	default_heap:
 540 0000 00000000 		.space	32
 540      00000000 
 540      00000000 
 540      00000000 
 540      00000000 
 541              		.text
 542              	.Letext0:
 543              		.file 2 "/usr/lib/gcc/arm-none-eabi/4.9.3/include/stddef.h"
 544              		.file 3 "/usr/include/newlib/machine/_default_types.h"
 545              		.file 4 "/usr/include/newlib/sys/_stdint.h"
 546              		.file 5 "../../ChibiOS_2.6.5/os/ports/GCC/ARMCMx/chtypes.h"
 547              		.file 6 "../../ChibiOS_2.6.5/os/kernel/include/chlists.h"
 548              		.file 7 "../../ChibiOS_2.6.5/os/kernel/include/chthreads.h"
 549              		.file 8 "../../ChibiOS_2.6.5/os/ports/GCC/ARMCMx/chcore_v7m.h"
 550              		.file 9 "../../ChibiOS_2.6.5/os/kernel/include/chmtx.h"
 551              		.file 10 "../../ChibiOS_2.6.5/os/kernel/include/chmemcore.h"
 552              		.file 11 "../../ChibiOS_2.6.5/os/kernel/include/chheap.h"
 553              		.file 12 "../../ChibiOS_2.6.5/os/kernel/include/chdebug.h"
 554              		.section	.debug_info,"",%progbits
 555              	.Ldebug_info0:
 556 0000 5A070000 		.4byte	0x75a
ARM GAS  /tmp/ccsqp6Pb.s 			page 11


 557 0004 0400     		.2byte	0x4
 558 0006 00000000 		.4byte	.Ldebug_abbrev0
 559 000a 04       		.byte	0x4
 560 000b 01       		.uleb128 0x1
 561 000c 4B000000 		.4byte	.LASF85
 562 0010 01       		.byte	0x1
 563 0011 61030000 		.4byte	.LASF86
 564 0015 EA020000 		.4byte	.LASF87
 565 0019 00000000 		.4byte	.Ldebug_ranges0+0
 566 001d 00000000 		.4byte	0
 567 0021 00000000 		.4byte	.Ldebug_line0
 568 0025 02       		.uleb128 0x2
 569 0026 04       		.byte	0x4
 570 0027 05       		.byte	0x5
 571 0028 696E7400 		.ascii	"int\000"
 572 002c 03       		.uleb128 0x3
 573 002d 06000000 		.4byte	.LASF2
 574 0031 02       		.byte	0x2
 575 0032 D4       		.byte	0xd4
 576 0033 37000000 		.4byte	0x37
 577 0037 04       		.uleb128 0x4
 578 0038 04       		.byte	0x4
 579 0039 07       		.byte	0x7
 580 003a C6010000 		.4byte	.LASF0
 581 003e 04       		.uleb128 0x4
 582 003f 01       		.byte	0x1
 583 0040 06       		.byte	0x6
 584 0041 50010000 		.4byte	.LASF1
 585 0045 03       		.uleb128 0x3
 586 0046 1D000000 		.4byte	.LASF3
 587 004a 03       		.byte	0x3
 588 004b 1D       		.byte	0x1d
 589 004c 50000000 		.4byte	0x50
 590 0050 04       		.uleb128 0x4
 591 0051 01       		.byte	0x1
 592 0052 08       		.byte	0x8
 593 0053 9F020000 		.4byte	.LASF4
 594 0057 04       		.uleb128 0x4
 595 0058 02       		.byte	0x2
 596 0059 05       		.byte	0x5
 597 005a C2020000 		.4byte	.LASF5
 598 005e 04       		.uleb128 0x4
 599 005f 02       		.byte	0x2
 600 0060 07       		.byte	0x7
 601 0061 F2010000 		.4byte	.LASF6
 602 0065 03       		.uleb128 0x3
 603 0066 F3030000 		.4byte	.LASF7
 604 006a 03       		.byte	0x3
 605 006b 3F       		.byte	0x3f
 606 006c 70000000 		.4byte	0x70
 607 0070 04       		.uleb128 0x4
 608 0071 04       		.byte	0x4
 609 0072 05       		.byte	0x5
 610 0073 87010000 		.4byte	.LASF8
 611 0077 03       		.uleb128 0x3
 612 0078 A1010000 		.4byte	.LASF9
 613 007c 03       		.byte	0x3
ARM GAS  /tmp/ccsqp6Pb.s 			page 12


 614 007d 41       		.byte	0x41
 615 007e 82000000 		.4byte	0x82
 616 0082 04       		.uleb128 0x4
 617 0083 04       		.byte	0x4
 618 0084 07       		.byte	0x7
 619 0085 D3010000 		.4byte	.LASF10
 620 0089 04       		.uleb128 0x4
 621 008a 08       		.byte	0x8
 622 008b 05       		.byte	0x5
 623 008c 42010000 		.4byte	.LASF11
 624 0090 03       		.uleb128 0x3
 625 0091 6F020000 		.4byte	.LASF12
 626 0095 03       		.byte	0x3
 627 0096 5B       		.byte	0x5b
 628 0097 9B000000 		.4byte	0x9b
 629 009b 04       		.uleb128 0x4
 630 009c 08       		.byte	0x8
 631 009d 07       		.byte	0x7
 632 009e 34000000 		.4byte	.LASF13
 633 00a2 03       		.uleb128 0x3
 634 00a3 27040000 		.4byte	.LASF14
 635 00a7 04       		.byte	0x4
 636 00a8 14       		.byte	0x14
 637 00a9 45000000 		.4byte	0x45
 638 00ad 03       		.uleb128 0x3
 639 00ae 97020000 		.4byte	.LASF15
 640 00b2 04       		.byte	0x4
 641 00b3 1F       		.byte	0x1f
 642 00b4 65000000 		.4byte	0x65
 643 00b8 03       		.uleb128 0x3
 644 00b9 AA030000 		.4byte	.LASF16
 645 00bd 04       		.byte	0x4
 646 00be 20       		.byte	0x20
 647 00bf 77000000 		.4byte	0x77
 648 00c3 03       		.uleb128 0x3
 649 00c4 14000000 		.4byte	.LASF17
 650 00c8 04       		.byte	0x4
 651 00c9 26       		.byte	0x26
 652 00ca 90000000 		.4byte	0x90
 653 00ce 04       		.uleb128 0x4
 654 00cf 01       		.byte	0x1
 655 00d0 02       		.byte	0x2
 656 00d1 91020000 		.4byte	.LASF18
 657 00d5 03       		.uleb128 0x3
 658 00d6 0B020000 		.4byte	.LASF19
 659 00da 05       		.byte	0x5
 660 00db 2C       		.byte	0x2c
 661 00dc A2000000 		.4byte	0xa2
 662 00e0 03       		.uleb128 0x3
 663 00e1 90010000 		.4byte	.LASF20
 664 00e5 05       		.byte	0x5
 665 00e6 2D       		.byte	0x2d
 666 00e7 A2000000 		.4byte	0xa2
 667 00eb 03       		.uleb128 0x3
 668 00ec 7A020000 		.4byte	.LASF21
 669 00f0 05       		.byte	0x5
 670 00f1 2E       		.byte	0x2e
ARM GAS  /tmp/ccsqp6Pb.s 			page 13


 671 00f2 A2000000 		.4byte	0xa2
 672 00f6 03       		.uleb128 0x3
 673 00f7 7D010000 		.4byte	.LASF22
 674 00fb 05       		.byte	0x5
 675 00fc 2F       		.byte	0x2f
 676 00fd A2000000 		.4byte	0xa2
 677 0101 03       		.uleb128 0x3
 678 0102 89020000 		.4byte	.LASF23
 679 0106 05       		.byte	0x5
 680 0107 30       		.byte	0x30
 681 0108 B8000000 		.4byte	0xb8
 682 010c 03       		.uleb128 0x3
 683 010d 05020000 		.4byte	.LASF24
 684 0111 05       		.byte	0x5
 685 0112 31       		.byte	0x31
 686 0113 AD000000 		.4byte	0xad
 687 0117 03       		.uleb128 0x3
 688 0118 1F020000 		.4byte	.LASF25
 689 011c 05       		.byte	0x5
 690 011d 33       		.byte	0x33
 691 011e B8000000 		.4byte	0xb8
 692 0122 03       		.uleb128 0x3
 693 0123 DE030000 		.4byte	.LASF26
 694 0127 05       		.byte	0x5
 695 0128 35       		.byte	0x35
 696 0129 B8000000 		.4byte	0xb8
 697 012d 03       		.uleb128 0x3
 698 012e 8C030000 		.4byte	.LASF27
 699 0132 06       		.byte	0x6
 700 0133 2A       		.byte	0x2a
 701 0134 38010000 		.4byte	0x138
 702 0138 05       		.uleb128 0x5
 703 0139 8C030000 		.4byte	.LASF27
 704 013d 4C       		.byte	0x4c
 705 013e 07       		.byte	0x7
 706 013f 5E       		.byte	0x5e
 707 0140 41020000 		.4byte	0x241
 708 0144 06       		.uleb128 0x6
 709 0145 52030000 		.4byte	.LASF28
 710 0149 07       		.byte	0x7
 711 014a 5F       		.byte	0x5f
 712 014b 62020000 		.4byte	0x262
 713 014f 00       		.byte	0
 714 0150 06       		.uleb128 0x6
 715 0151 82020000 		.4byte	.LASF29
 716 0155 07       		.byte	0x7
 717 0156 61       		.byte	0x61
 718 0157 62020000 		.4byte	0x262
 719 015b 04       		.byte	0x4
 720 015c 06       		.uleb128 0x6
 721 015d 3B010000 		.4byte	.LASF30
 722 0161 07       		.byte	0x7
 723 0162 63       		.byte	0x63
 724 0163 01010000 		.4byte	0x101
 725 0167 08       		.byte	0x8
 726 0168 06       		.uleb128 0x6
 727 0169 56040000 		.4byte	.LASF31
ARM GAS  /tmp/ccsqp6Pb.s 			page 14


 728 016d 07       		.byte	0x7
 729 016e 64       		.byte	0x64
 730 016f 27030000 		.4byte	0x327
 731 0173 0C       		.byte	0xc
 732 0174 06       		.uleb128 0x6
 733 0175 99010000 		.4byte	.LASF32
 734 0179 07       		.byte	0x7
 735 017a 66       		.byte	0x66
 736 017b 62020000 		.4byte	0x262
 737 017f 10       		.byte	0x10
 738 0180 06       		.uleb128 0x6
 739 0181 4F020000 		.4byte	.LASF33
 740 0185 07       		.byte	0x7
 741 0186 67       		.byte	0x67
 742 0187 62020000 		.4byte	0x262
 743 018b 14       		.byte	0x14
 744 018c 06       		.uleb128 0x6
 745 018d 3C040000 		.4byte	.LASF34
 746 0191 07       		.byte	0x7
 747 0192 6E       		.byte	0x6e
 748 0193 92040000 		.4byte	0x492
 749 0197 18       		.byte	0x18
 750 0198 06       		.uleb128 0x6
 751 0199 BB010000 		.4byte	.LASF35
 752 019d 07       		.byte	0x7
 753 019e 74       		.byte	0x74
 754 019f A4040000 		.4byte	0x4a4
 755 01a3 1C       		.byte	0x1c
 756 01a4 06       		.uleb128 0x6
 757 01a5 CC020000 		.4byte	.LASF36
 758 01a9 07       		.byte	0x7
 759 01aa 79       		.byte	0x79
 760 01ab E0000000 		.4byte	0xe0
 761 01af 20       		.byte	0x20
 762 01b0 06       		.uleb128 0x6
 763 01b1 59030000 		.4byte	.LASF37
 764 01b5 07       		.byte	0x7
 765 01b6 7D       		.byte	0x7d
 766 01b7 D5000000 		.4byte	0xd5
 767 01bb 21       		.byte	0x21
 768 01bc 06       		.uleb128 0x6
 769 01bd 20040000 		.4byte	.LASF38
 770 01c1 07       		.byte	0x7
 771 01c2 82       		.byte	0x82
 772 01c3 EB000000 		.4byte	0xeb
 773 01c7 22       		.byte	0x22
 774 01c8 06       		.uleb128 0x6
 775 01c9 D4020000 		.4byte	.LASF39
 776 01cd 07       		.byte	0x7
 777 01ce 88       		.byte	0x88
 778 01cf F6000000 		.4byte	0xf6
 779 01d3 23       		.byte	0x23
 780 01d4 06       		.uleb128 0x6
 781 01d5 FD030000 		.4byte	.LASF40
 782 01d9 07       		.byte	0x7
 783 01da 8F       		.byte	0x8f
 784 01db 4F030000 		.4byte	0x34f
ARM GAS  /tmp/ccsqp6Pb.s 			page 15


 785 01df 24       		.byte	0x24
 786 01e0 07       		.uleb128 0x7
 787 01e1 705F7500 		.ascii	"p_u\000"
 788 01e5 07       		.byte	0x7
 789 01e6 B4       		.byte	0xb4
 790 01e7 5D040000 		.4byte	0x45d
 791 01eb 28       		.byte	0x28
 792 01ec 06       		.uleb128 0x6
 793 01ed 5C040000 		.4byte	.LASF41
 794 01f1 07       		.byte	0x7
 795 01f2 B9       		.byte	0xb9
 796 01f3 88020000 		.4byte	0x288
 797 01f7 2C       		.byte	0x2c
 798 01f8 06       		.uleb128 0x6
 799 01f9 0B040000 		.4byte	.LASF42
 800 01fd 07       		.byte	0x7
 801 01fe BF       		.byte	0xbf
 802 01ff 68020000 		.4byte	0x268
 803 0203 30       		.byte	0x30
 804 0204 06       		.uleb128 0x6
 805 0205 00000000 		.4byte	.LASF43
 806 0209 07       		.byte	0x7
 807 020a C3       		.byte	0xc3
 808 020b 0C010000 		.4byte	0x10c
 809 020f 38       		.byte	0x38
 810 0210 06       		.uleb128 0x6
 811 0211 9F030000 		.4byte	.LASF44
 812 0215 07       		.byte	0x7
 813 0216 C9       		.byte	0xc9
 814 0217 17010000 		.4byte	0x117
 815 021b 3C       		.byte	0x3c
 816 021c 06       		.uleb128 0x6
 817 021d B8020000 		.4byte	.LASF45
 818 0221 07       		.byte	0x7
 819 0222 D0       		.byte	0xd0
 820 0223 AA040000 		.4byte	0x4aa
 821 0227 40       		.byte	0x40
 822 0228 06       		.uleb128 0x6
 823 0229 E8030000 		.4byte	.LASF46
 824 022d 07       		.byte	0x7
 825 022e D4       		.byte	0xd4
 826 022f 01010000 		.4byte	0x101
 827 0233 44       		.byte	0x44
 828 0234 06       		.uleb128 0x6
 829 0235 62010000 		.4byte	.LASF47
 830 0239 07       		.byte	0x7
 831 023a DA       		.byte	0xda
 832 023b 9E020000 		.4byte	0x29e
 833 023f 48       		.byte	0x48
 834 0240 00       		.byte	0
 835 0241 08       		.uleb128 0x8
 836 0242 08       		.byte	0x8
 837 0243 06       		.byte	0x6
 838 0244 61       		.byte	0x61
 839 0245 62020000 		.4byte	0x262
 840 0249 06       		.uleb128 0x6
 841 024a 52030000 		.4byte	.LASF28
ARM GAS  /tmp/ccsqp6Pb.s 			page 16


 842 024e 06       		.byte	0x6
 843 024f 62       		.byte	0x62
 844 0250 62020000 		.4byte	0x262
 845 0254 00       		.byte	0
 846 0255 06       		.uleb128 0x6
 847 0256 82020000 		.4byte	.LASF29
 848 025a 06       		.byte	0x6
 849 025b 64       		.byte	0x64
 850 025c 62020000 		.4byte	0x262
 851 0260 04       		.byte	0x4
 852 0261 00       		.byte	0
 853 0262 09       		.uleb128 0x9
 854 0263 04       		.byte	0x4
 855 0264 2D010000 		.4byte	0x12d
 856 0268 03       		.uleb128 0x3
 857 0269 57020000 		.4byte	.LASF48
 858 026d 06       		.byte	0x6
 859 026e 66       		.byte	0x66
 860 026f 41020000 		.4byte	0x241
 861 0273 08       		.uleb128 0x8
 862 0274 04       		.byte	0x4
 863 0275 06       		.byte	0x6
 864 0276 6B       		.byte	0x6b
 865 0277 88020000 		.4byte	0x288
 866 027b 06       		.uleb128 0x6
 867 027c 52030000 		.4byte	.LASF28
 868 0280 06       		.byte	0x6
 869 0281 6D       		.byte	0x6d
 870 0282 62020000 		.4byte	0x262
 871 0286 00       		.byte	0
 872 0287 00       		.byte	0
 873 0288 03       		.uleb128 0x3
 874 0289 13020000 		.4byte	.LASF49
 875 028d 06       		.byte	0x6
 876 028e 70       		.byte	0x70
 877 028f 73020000 		.4byte	0x273
 878 0293 03       		.uleb128 0x3
 879 0294 AC010000 		.4byte	.LASF50
 880 0298 08       		.byte	0x8
 881 0299 E5       		.byte	0xe5
 882 029a 9E020000 		.4byte	0x29e
 883 029e 0A       		.uleb128 0xa
 884 029f 04       		.byte	0x4
 885 02a0 03       		.uleb128 0x3
 886 02a1 31020000 		.4byte	.LASF51
 887 02a5 08       		.byte	0x8
 888 02a6 EB       		.byte	0xeb
 889 02a7 C3000000 		.4byte	0xc3
 890 02ab 0B       		.uleb128 0xb
 891 02ac 04040000 		.4byte	.LASF52
 892 02b0 24       		.byte	0x24
 893 02b1 08       		.byte	0x8
 894 02b2 0C01     		.2byte	0x10c
 895 02b4 27030000 		.4byte	0x327
 896 02b8 0C       		.uleb128 0xc
 897 02b9 723400   		.ascii	"r4\000"
 898 02bc 08       		.byte	0x8
ARM GAS  /tmp/ccsqp6Pb.s 			page 17


 899 02bd 1F01     		.2byte	0x11f
 900 02bf 93020000 		.4byte	0x293
 901 02c3 00       		.byte	0
 902 02c4 0C       		.uleb128 0xc
 903 02c5 723500   		.ascii	"r5\000"
 904 02c8 08       		.byte	0x8
 905 02c9 2001     		.2byte	0x120
 906 02cb 93020000 		.4byte	0x293
 907 02cf 04       		.byte	0x4
 908 02d0 0C       		.uleb128 0xc
 909 02d1 723600   		.ascii	"r6\000"
 910 02d4 08       		.byte	0x8
 911 02d5 2101     		.2byte	0x121
 912 02d7 93020000 		.4byte	0x293
 913 02db 08       		.byte	0x8
 914 02dc 0C       		.uleb128 0xc
 915 02dd 723700   		.ascii	"r7\000"
 916 02e0 08       		.byte	0x8
 917 02e1 2201     		.2byte	0x122
 918 02e3 93020000 		.4byte	0x293
 919 02e7 0C       		.byte	0xc
 920 02e8 0C       		.uleb128 0xc
 921 02e9 723800   		.ascii	"r8\000"
 922 02ec 08       		.byte	0x8
 923 02ed 2301     		.2byte	0x123
 924 02ef 93020000 		.4byte	0x293
 925 02f3 10       		.byte	0x10
 926 02f4 0C       		.uleb128 0xc
 927 02f5 723900   		.ascii	"r9\000"
 928 02f8 08       		.byte	0x8
 929 02f9 2401     		.2byte	0x124
 930 02fb 93020000 		.4byte	0x293
 931 02ff 14       		.byte	0x14
 932 0300 0C       		.uleb128 0xc
 933 0301 72313000 		.ascii	"r10\000"
 934 0305 08       		.byte	0x8
 935 0306 2501     		.2byte	0x125
 936 0308 93020000 		.4byte	0x293
 937 030c 18       		.byte	0x18
 938 030d 0C       		.uleb128 0xc
 939 030e 72313100 		.ascii	"r11\000"
 940 0312 08       		.byte	0x8
 941 0313 2601     		.2byte	0x126
 942 0315 93020000 		.4byte	0x293
 943 0319 1C       		.byte	0x1c
 944 031a 0C       		.uleb128 0xc
 945 031b 6C7200   		.ascii	"lr\000"
 946 031e 08       		.byte	0x8
 947 031f 2701     		.2byte	0x127
 948 0321 93020000 		.4byte	0x293
 949 0325 20       		.byte	0x20
 950 0326 00       		.byte	0
 951 0327 0B       		.uleb128 0xb
 952 0328 E5010000 		.4byte	.LASF53
 953 032c 04       		.byte	0x4
 954 032d 08       		.byte	0x8
 955 032e 3101     		.2byte	0x131
ARM GAS  /tmp/ccsqp6Pb.s 			page 18


 956 0330 42030000 		.4byte	0x342
 957 0334 0C       		.uleb128 0xc
 958 0335 72313300 		.ascii	"r13\000"
 959 0339 08       		.byte	0x8
 960 033a 3201     		.2byte	0x132
 961 033c 42030000 		.4byte	0x342
 962 0340 00       		.byte	0
 963 0341 00       		.byte	0
 964 0342 09       		.uleb128 0x9
 965 0343 04       		.byte	0x4
 966 0344 AB020000 		.4byte	0x2ab
 967 0348 04       		.uleb128 0x4
 968 0349 04       		.byte	0x4
 969 034a 07       		.byte	0x7
 970 034b 3C020000 		.4byte	.LASF54
 971 034f 0D       		.uleb128 0xd
 972 0350 22010000 		.4byte	0x122
 973 0354 05       		.uleb128 0x5
 974 0355 2B020000 		.4byte	.LASF55
 975 0359 10       		.byte	0x10
 976 035a 09       		.byte	0x9
 977 035b 2C       		.byte	0x2c
 978 035c 85030000 		.4byte	0x385
 979 0360 06       		.uleb128 0x6
 980 0361 6A010000 		.4byte	.LASF56
 981 0365 09       		.byte	0x9
 982 0366 2D       		.byte	0x2d
 983 0367 68020000 		.4byte	0x268
 984 036b 00       		.byte	0
 985 036c 06       		.uleb128 0x6
 986 036d 4E040000 		.4byte	.LASF57
 987 0371 09       		.byte	0x9
 988 0372 2F       		.byte	0x2f
 989 0373 62020000 		.4byte	0x262
 990 0377 08       		.byte	0x8
 991 0378 06       		.uleb128 0x6
 992 0379 D7030000 		.4byte	.LASF58
 993 037d 09       		.byte	0x9
 994 037e 31       		.byte	0x31
 995 037f 85030000 		.4byte	0x385
 996 0383 0C       		.byte	0xc
 997 0384 00       		.byte	0
 998 0385 09       		.uleb128 0x9
 999 0386 04       		.byte	0x4
 1000 0387 54030000 		.4byte	0x354
 1001 038b 03       		.uleb128 0x3
 1002 038c 2B020000 		.4byte	.LASF55
 1003 0390 09       		.byte	0x9
 1004 0391 33       		.byte	0x33
 1005 0392 54030000 		.4byte	0x354
 1006 0396 03       		.uleb128 0x3
 1007 0397 27000000 		.4byte	.LASF59
 1008 039b 0A       		.byte	0xa
 1009 039c 2C       		.byte	0x2c
 1010 039d A1030000 		.4byte	0x3a1
 1011 03a1 09       		.uleb128 0x9
 1012 03a2 04       		.byte	0x4
ARM GAS  /tmp/ccsqp6Pb.s 			page 19


 1013 03a3 A7030000 		.4byte	0x3a7
 1014 03a7 0E       		.uleb128 0xe
 1015 03a8 9E020000 		.4byte	0x29e
 1016 03ac B6030000 		.4byte	0x3b6
 1017 03b0 0F       		.uleb128 0xf
 1018 03b1 2C000000 		.4byte	0x2c
 1019 03b5 00       		.byte	0
 1020 03b6 03       		.uleb128 0x3
 1021 03b7 64020000 		.4byte	.LASF60
 1022 03bb 0B       		.byte	0xb
 1023 03bc 34       		.byte	0x34
 1024 03bd C1030000 		.4byte	0x3c1
 1025 03c1 05       		.uleb128 0x5
 1026 03c2 66040000 		.4byte	.LASF61
 1027 03c6 20       		.byte	0x20
 1028 03c7 0B       		.byte	0xb
 1029 03c8 47       		.byte	0x47
 1030 03c9 F2030000 		.4byte	0x3f2
 1031 03cd 06       		.uleb128 0x6
 1032 03ce AD020000 		.4byte	.LASF62
 1033 03d2 0B       		.byte	0xb
 1034 03d3 48       		.byte	0x48
 1035 03d4 96030000 		.4byte	0x396
 1036 03d8 00       		.byte	0
 1037 03d9 06       		.uleb128 0x6
 1038 03da 07010000 		.4byte	.LASF63
 1039 03de 0B       		.byte	0xb
 1040 03df 4A       		.byte	0x4a
 1041 03e0 11040000 		.4byte	0x411
 1042 03e4 08       		.byte	0x8
 1043 03e5 06       		.uleb128 0x6
 1044 03e6 5C010000 		.4byte	.LASF64
 1045 03ea 0B       		.byte	0xb
 1046 03eb 4C       		.byte	0x4c
 1047 03ec 8B030000 		.4byte	0x38b
 1048 03f0 10       		.byte	0x10
 1049 03f1 00       		.byte	0
 1050 03f2 10       		.uleb128 0x10
 1051 03f3 04       		.byte	0x4
 1052 03f4 0B       		.byte	0xb
 1053 03f5 3C       		.byte	0x3c
 1054 03f6 11040000 		.4byte	0x411
 1055 03fa 11       		.uleb128 0x11
 1056 03fb 36010000 		.4byte	.LASF65
 1057 03ff 0B       		.byte	0xb
 1058 0400 3D       		.byte	0x3d
 1059 0401 32040000 		.4byte	0x432
 1060 0405 11       		.uleb128 0x11
 1061 0406 B3030000 		.4byte	.LASF66
 1062 040a 0B       		.byte	0xb
 1063 040b 3E       		.byte	0x3e
 1064 040c 38040000 		.4byte	0x438
 1065 0410 00       		.byte	0
 1066 0411 12       		.uleb128 0x12
 1067 0412 DE020000 		.4byte	.LASF88
 1068 0416 08       		.byte	0x8
 1069 0417 0B       		.byte	0xb
ARM GAS  /tmp/ccsqp6Pb.s 			page 20


 1070 0418 39       		.byte	0x39
 1071 0419 32040000 		.4byte	0x432
 1072 041d 11       		.uleb128 0x11
 1073 041e B5010000 		.4byte	.LASF67
 1074 0422 0B       		.byte	0xb
 1075 0423 3A       		.byte	0x3a
 1076 0424 A0020000 		.4byte	0x2a0
 1077 0428 13       		.uleb128 0x13
 1078 0429 6800     		.ascii	"h\000"
 1079 042b 0B       		.byte	0xb
 1080 042c 41       		.byte	0x41
 1081 042d 3E040000 		.4byte	0x43e
 1082 0431 00       		.byte	0
 1083 0432 09       		.uleb128 0x9
 1084 0433 04       		.byte	0x4
 1085 0434 11040000 		.4byte	0x411
 1086 0438 09       		.uleb128 0x9
 1087 0439 04       		.byte	0x4
 1088 043a B6030000 		.4byte	0x3b6
 1089 043e 08       		.uleb128 0x8
 1090 043f 08       		.byte	0x8
 1091 0440 0B       		.byte	0xb
 1092 0441 3B       		.byte	0x3b
 1093 0442 5D040000 		.4byte	0x45d
 1094 0446 07       		.uleb128 0x7
 1095 0447 7500     		.ascii	"u\000"
 1096 0449 0B       		.byte	0xb
 1097 044a 3F       		.byte	0x3f
 1098 044b F2030000 		.4byte	0x3f2
 1099 044f 00       		.byte	0
 1100 0450 06       		.uleb128 0x6
 1101 0451 ED010000 		.4byte	.LASF68
 1102 0455 0B       		.byte	0xb
 1103 0456 40       		.byte	0x40
 1104 0457 2C000000 		.4byte	0x2c
 1105 045b 04       		.byte	0x4
 1106 045c 00       		.byte	0
 1107 045d 10       		.uleb128 0x10
 1108 045e 04       		.byte	0x4
 1109 045f 07       		.byte	0x7
 1110 0460 96       		.byte	0x96
 1111 0461 92040000 		.4byte	0x492
 1112 0465 11       		.uleb128 0x11
 1113 0466 0D000000 		.4byte	.LASF69
 1114 046a 07       		.byte	0x7
 1115 046b 9D       		.byte	0x9d
 1116 046c 0C010000 		.4byte	0x10c
 1117 0470 11       		.uleb128 0x11
 1118 0471 FE000000 		.4byte	.LASF70
 1119 0475 07       		.byte	0x7
 1120 0476 A4       		.byte	0xa4
 1121 0477 0C010000 		.4byte	0x10c
 1122 047b 11       		.uleb128 0x11
 1123 047c 2F040000 		.4byte	.LASF71
 1124 0480 07       		.byte	0x7
 1125 0481 AB       		.byte	0xab
 1126 0482 9E020000 		.4byte	0x29e
ARM GAS  /tmp/ccsqp6Pb.s 			page 21


 1127 0486 11       		.uleb128 0x11
 1128 0487 4B030000 		.4byte	.LASF72
 1129 048b 07       		.byte	0x7
 1130 048c B2       		.byte	0xb2
 1131 048d 17010000 		.4byte	0x117
 1132 0491 00       		.byte	0
 1133 0492 09       		.uleb128 0x9
 1134 0493 04       		.byte	0x4
 1135 0494 98040000 		.4byte	0x498
 1136 0498 14       		.uleb128 0x14
 1137 0499 9D040000 		.4byte	0x49d
 1138 049d 04       		.uleb128 0x4
 1139 049e 01       		.byte	0x1
 1140 049f 08       		.byte	0x8
 1141 04a0 C5030000 		.4byte	.LASF73
 1142 04a4 09       		.uleb128 0x9
 1143 04a5 04       		.byte	0x4
 1144 04a6 A0020000 		.4byte	0x2a0
 1145 04aa 09       		.uleb128 0x9
 1146 04ab 04       		.byte	0x4
 1147 04ac 8B030000 		.4byte	0x38b
 1148 04b0 15       		.uleb128 0x15
 1149 04b1 43040000 		.4byte	.LASF74
 1150 04b5 01       		.byte	0x1
 1151 04b6 4B       		.byte	0x4b
 1152 04b7 00000000 		.4byte	.LFB7
 1153 04bb 1C000000 		.4byte	.LFE7-.LFB7
 1154 04bf 01       		.uleb128 0x1
 1155 04c0 9C       		.byte	0x9c
 1156 04c1 D9040000 		.4byte	0x4d9
 1157 04c5 16       		.uleb128 0x16
 1158 04c6 14000000 		.4byte	.LVL0
 1159 04ca 1F070000 		.4byte	0x71f
 1160 04ce 17       		.uleb128 0x17
 1161 04cf 01       		.uleb128 0x1
 1162 04d0 50       		.byte	0x50
 1163 04d1 05       		.uleb128 0x5
 1164 04d2 03       		.byte	0x3
 1165 04d3 10000000 		.4byte	.LANCHOR0+16
 1166 04d7 00       		.byte	0
 1167 04d8 00       		.byte	0
 1168 04d9 15       		.uleb128 0x15
 1169 04da 2B010000 		.4byte	.LASF75
 1170 04de 01       		.byte	0x1
 1171 04df 63       		.byte	0x63
 1172 04e0 00000000 		.4byte	.LFB8
 1173 04e4 34000000 		.4byte	.LFE8-.LFB8
 1174 04e8 01       		.uleb128 0x1
 1175 04e9 9C       		.byte	0x9c
 1176 04ea 54050000 		.4byte	0x554
 1177 04ee 18       		.uleb128 0x18
 1178 04ef 19010000 		.4byte	.LASF76
 1179 04f3 01       		.byte	0x1
 1180 04f4 63       		.byte	0x63
 1181 04f5 38040000 		.4byte	0x438
 1182 04f9 00000000 		.4byte	.LLST0
 1183 04fd 19       		.uleb128 0x19
ARM GAS  /tmp/ccsqp6Pb.s 			page 22


 1184 04fe 62756600 		.ascii	"buf\000"
 1185 0502 01       		.byte	0x1
 1186 0503 63       		.byte	0x63
 1187 0504 9E020000 		.4byte	0x29e
 1188 0508 39000000 		.4byte	.LLST1
 1189 050c 18       		.uleb128 0x18
 1190 050d ED010000 		.4byte	.LASF68
 1191 0511 01       		.byte	0x1
 1192 0512 63       		.byte	0x63
 1193 0513 2C000000 		.4byte	0x2c
 1194 0517 65000000 		.4byte	.LLST2
 1195 051b 1A       		.uleb128 0x1a
 1196 051c 687000   		.ascii	"hp\000"
 1197 051f 01       		.byte	0x1
 1198 0520 64       		.byte	0x64
 1199 0521 32040000 		.4byte	0x432
 1200 0525 B1000000 		.4byte	.LLST3
 1201 0529 1B       		.uleb128 0x1b
 1202 052a 16000000 		.4byte	.LVL4
 1203 052e 30070000 		.4byte	0x730
 1204 0532 40050000 		.4byte	0x540
 1205 0536 17       		.uleb128 0x17
 1206 0537 01       		.uleb128 0x1
 1207 0538 50       		.byte	0x50
 1208 0539 05       		.uleb128 0x5
 1209 053a 03       		.byte	0x3
 1210 053b 00000000 		.4byte	.LC0
 1211 053f 00       		.byte	0
 1212 0540 16       		.uleb128 0x16
 1213 0541 30000000 		.4byte	.LVL9
 1214 0545 1F070000 		.4byte	0x71f
 1215 0549 17       		.uleb128 0x17
 1216 054a 01       		.uleb128 0x1
 1217 054b 50       		.byte	0x50
 1218 054c 05       		.uleb128 0x5
 1219 054d F3       		.byte	0xf3
 1220 054e 01       		.uleb128 0x1
 1221 054f 50       		.byte	0x50
 1222 0550 23       		.byte	0x23
 1223 0551 10       		.uleb128 0x10
 1224 0552 00       		.byte	0
 1225 0553 00       		.byte	0
 1226 0554 1C       		.uleb128 0x1c
 1227 0555 93030000 		.4byte	.LASF78
 1228 0559 01       		.byte	0x1
 1229 055a 84       		.byte	0x84
 1230 055b 9E020000 		.4byte	0x29e
 1231 055f 00000000 		.4byte	.LFB9
 1232 0563 80000000 		.4byte	.LFE9-.LFB9
 1233 0567 01       		.uleb128 0x1
 1234 0568 9C       		.byte	0x9c
 1235 0569 EC050000 		.4byte	0x5ec
 1236 056d 18       		.uleb128 0x18
 1237 056e 19010000 		.4byte	.LASF76
 1238 0572 01       		.byte	0x1
 1239 0573 84       		.byte	0x84
 1240 0574 38040000 		.4byte	0x438
ARM GAS  /tmp/ccsqp6Pb.s 			page 23


 1241 0578 DE000000 		.4byte	.LLST4
 1242 057c 18       		.uleb128 0x18
 1243 057d ED010000 		.4byte	.LASF68
 1244 0581 01       		.byte	0x1
 1245 0582 84       		.byte	0x84
 1246 0583 2C000000 		.4byte	0x2c
 1247 0587 FC000000 		.4byte	.LLST5
 1248 058b 1A       		.uleb128 0x1a
 1249 058c 717000   		.ascii	"qp\000"
 1250 058f 01       		.byte	0x1
 1251 0590 85       		.byte	0x85
 1252 0591 32040000 		.4byte	0x432
 1253 0595 27010000 		.4byte	.LLST6
 1254 0599 1A       		.uleb128 0x1a
 1255 059a 687000   		.ascii	"hp\000"
 1256 059d 01       		.byte	0x1
 1257 059e 85       		.byte	0x85
 1258 059f 32040000 		.4byte	0x432
 1259 05a3 50010000 		.4byte	.LLST7
 1260 05a7 1A       		.uleb128 0x1a
 1261 05a8 667000   		.ascii	"fp\000"
 1262 05ab 01       		.byte	0x1
 1263 05ac 85       		.byte	0x85
 1264 05ad 32040000 		.4byte	0x432
 1265 05b1 9C010000 		.4byte	.LLST8
 1266 05b5 1B       		.uleb128 0x1b
 1267 05b6 1C000000 		.4byte	.LVL15
 1268 05ba 41070000 		.4byte	0x741
 1269 05be C9050000 		.4byte	0x5c9
 1270 05c2 17       		.uleb128 0x17
 1271 05c3 01       		.uleb128 0x1
 1272 05c4 50       		.byte	0x50
 1273 05c5 02       		.uleb128 0x2
 1274 05c6 76       		.byte	0x76
 1275 05c7 10       		.sleb128 16
 1276 05c8 00       		.byte	0
 1277 05c9 1D       		.uleb128 0x1d
 1278 05ca 30000000 		.4byte	.LVL19
 1279 05ce 52070000 		.4byte	0x752
 1280 05d2 1E       		.uleb128 0x1e
 1281 05d3 3A000000 		.4byte	.LVL20
 1282 05d7 E2050000 		.4byte	0x5e2
 1283 05db 17       		.uleb128 0x17
 1284 05dc 01       		.uleb128 0x1
 1285 05dd 50       		.byte	0x50
 1286 05de 02       		.uleb128 0x2
 1287 05df 75       		.byte	0x75
 1288 05e0 08       		.sleb128 8
 1289 05e1 00       		.byte	0
 1290 05e2 1D       		.uleb128 0x1d
 1291 05e3 5E000000 		.4byte	.LVL24
 1292 05e7 52070000 		.4byte	0x752
 1293 05eb 00       		.byte	0
 1294 05ec 15       		.uleb128 0x15
 1295 05ed 72010000 		.4byte	.LASF77
 1296 05f1 01       		.byte	0x1
 1297 05f2 C2       		.byte	0xc2
ARM GAS  /tmp/ccsqp6Pb.s 			page 24


 1298 05f3 00000000 		.4byte	.LFB10
 1299 05f7 C4000000 		.4byte	.LFE10-.LFB10
 1300 05fb 01       		.uleb128 0x1
 1301 05fc 9C       		.byte	0x9c
 1302 05fd 8A060000 		.4byte	0x68a
 1303 0601 19       		.uleb128 0x19
 1304 0602 7000     		.ascii	"p\000"
 1305 0604 01       		.byte	0x1
 1306 0605 C2       		.byte	0xc2
 1307 0606 9E020000 		.4byte	0x29e
 1308 060a AF010000 		.4byte	.LLST9
 1309 060e 1A       		.uleb128 0x1a
 1310 060f 717000   		.ascii	"qp\000"
 1311 0612 01       		.byte	0x1
 1312 0613 C3       		.byte	0xc3
 1313 0614 32040000 		.4byte	0x432
 1314 0618 0A020000 		.4byte	.LLST10
 1315 061c 1A       		.uleb128 0x1a
 1316 061d 687000   		.ascii	"hp\000"
 1317 0620 01       		.byte	0x1
 1318 0621 C3       		.byte	0xc3
 1319 0622 32040000 		.4byte	0x432
 1320 0626 33020000 		.4byte	.LLST11
 1321 062a 1F       		.uleb128 0x1f
 1322 062b 19010000 		.4byte	.LASF76
 1323 062f 01       		.byte	0x1
 1324 0630 C4       		.byte	0xc4
 1325 0631 38040000 		.4byte	0x438
 1326 0635 71020000 		.4byte	.LLST12
 1327 0639 1B       		.uleb128 0x1b
 1328 063a 14000000 		.4byte	.LVL31
 1329 063e 41070000 		.4byte	0x741
 1330 0642 4D060000 		.4byte	0x64d
 1331 0646 17       		.uleb128 0x17
 1332 0647 01       		.uleb128 0x1
 1333 0648 50       		.byte	0x50
 1334 0649 02       		.uleb128 0x2
 1335 064a 76       		.byte	0x76
 1336 064b 10       		.sleb128 16
 1337 064c 00       		.byte	0
 1338 064d 1B       		.uleb128 0x1b
 1339 064e 48000000 		.4byte	.LVL34
 1340 0652 30070000 		.4byte	0x730
 1341 0656 64060000 		.4byte	0x664
 1342 065a 17       		.uleb128 0x17
 1343 065b 01       		.uleb128 0x1
 1344 065c 50       		.byte	0x50
 1345 065d 05       		.uleb128 0x5
 1346 065e 03       		.byte	0x3
 1347 065f 20000000 		.4byte	.LC2
 1348 0663 00       		.byte	0
 1349 0664 20       		.uleb128 0x20
 1350 0665 84000000 		.4byte	.LVL38
 1351 0669 52070000 		.4byte	0x752
 1352 066d 20       		.uleb128 0x20
 1353 066e B4000000 		.4byte	.LVL40
 1354 0672 52070000 		.4byte	0x752
ARM GAS  /tmp/ccsqp6Pb.s 			page 25


 1355 0676 21       		.uleb128 0x21
 1356 0677 BA000000 		.4byte	.LVL42
 1357 067b 30070000 		.4byte	0x730
 1358 067f 17       		.uleb128 0x17
 1359 0680 01       		.uleb128 0x1
 1360 0681 50       		.byte	0x50
 1361 0682 05       		.uleb128 0x5
 1362 0683 03       		.byte	0x3
 1363 0684 10000000 		.4byte	.LC1
 1364 0688 00       		.byte	0
 1365 0689 00       		.byte	0
 1366 068a 1C       		.uleb128 0x1c
 1367 068b CA030000 		.4byte	.LASF79
 1368 068f 01       		.byte	0x1
 1369 0690 FA       		.byte	0xfa
 1370 0691 2C000000 		.4byte	0x2c
 1371 0695 00000000 		.4byte	.LFB11
 1372 0699 40000000 		.4byte	.LFE11-.LFB11
 1373 069d 01       		.uleb128 0x1
 1374 069e 9C       		.byte	0x9c
 1375 069f 08070000 		.4byte	0x708
 1376 06a3 18       		.uleb128 0x18
 1377 06a4 19010000 		.4byte	.LASF76
 1378 06a8 01       		.byte	0x1
 1379 06a9 FA       		.byte	0xfa
 1380 06aa 38040000 		.4byte	0x438
 1381 06ae 93020000 		.4byte	.LLST13
 1382 06b2 18       		.uleb128 0x18
 1383 06b3 36040000 		.4byte	.LASF80
 1384 06b7 01       		.byte	0x1
 1385 06b8 FA       		.byte	0xfa
 1386 06b9 08070000 		.4byte	0x708
 1387 06bd F6020000 		.4byte	.LLST14
 1388 06c1 1A       		.uleb128 0x1a
 1389 06c2 717000   		.ascii	"qp\000"
 1390 06c5 01       		.byte	0x1
 1391 06c6 FB       		.byte	0xfb
 1392 06c7 32040000 		.4byte	0x432
 1393 06cb 14030000 		.4byte	.LLST15
 1394 06cf 1A       		.uleb128 0x1a
 1395 06d0 6E00     		.ascii	"n\000"
 1396 06d2 01       		.byte	0x1
 1397 06d3 FC       		.byte	0xfc
 1398 06d4 2C000000 		.4byte	0x2c
 1399 06d8 74030000 		.4byte	.LLST16
 1400 06dc 1A       		.uleb128 0x1a
 1401 06dd 737A00   		.ascii	"sz\000"
 1402 06e0 01       		.byte	0x1
 1403 06e1 FC       		.byte	0xfc
 1404 06e2 2C000000 		.4byte	0x2c
 1405 06e6 B7030000 		.4byte	.LLST17
 1406 06ea 1B       		.uleb128 0x1b
 1407 06eb 14000000 		.4byte	.LVL45
 1408 06ef 41070000 		.4byte	0x741
 1409 06f3 FE060000 		.4byte	0x6fe
 1410 06f7 17       		.uleb128 0x17
 1411 06f8 01       		.uleb128 0x1
ARM GAS  /tmp/ccsqp6Pb.s 			page 26


 1412 06f9 50       		.byte	0x50
 1413 06fa 02       		.uleb128 0x2
 1414 06fb 74       		.byte	0x74
 1415 06fc 10       		.sleb128 16
 1416 06fd 00       		.byte	0
 1417 06fe 1D       		.uleb128 0x1d
 1418 06ff 30000000 		.4byte	.LVL50
 1419 0703 52070000 		.4byte	0x752
 1420 0707 00       		.byte	0
 1421 0708 09       		.uleb128 0x9
 1422 0709 04       		.byte	0x4
 1423 070a 2C000000 		.4byte	0x2c
 1424 070e 22       		.uleb128 0x22
 1425 070f B8030000 		.4byte	.LASF81
 1426 0713 01       		.byte	0x1
 1427 0714 44       		.byte	0x44
 1428 0715 B6030000 		.4byte	0x3b6
 1429 0719 05       		.uleb128 0x5
 1430 071a 03       		.byte	0x3
 1431 071b 00000000 		.4byte	default_heap
 1432 071f 23       		.uleb128 0x23
 1433 0720 16040000 		.4byte	.LASF82
 1434 0724 09       		.byte	0x9
 1435 0725 38       		.byte	0x38
 1436 0726 30070000 		.4byte	0x730
 1437 072a 0F       		.uleb128 0xf
 1438 072b AA040000 		.4byte	0x4aa
 1439 072f 00       		.byte	0
 1440 0730 23       		.uleb128 0x23
 1441 0731 0E010000 		.4byte	.LASF83
 1442 0735 0C       		.byte	0xc
 1443 0736 F6       		.byte	0xf6
 1444 0737 41070000 		.4byte	0x741
 1445 073b 0F       		.uleb128 0xf
 1446 073c 92040000 		.4byte	0x492
 1447 0740 00       		.byte	0
 1448 0741 23       		.uleb128 0x23
 1449 0742 45020000 		.4byte	.LASF84
 1450 0746 09       		.byte	0x9
 1451 0747 39       		.byte	0x39
 1452 0748 52070000 		.4byte	0x752
 1453 074c 0F       		.uleb128 0xf
 1454 074d AA040000 		.4byte	0x4aa
 1455 0751 00       		.byte	0
 1456 0752 24       		.uleb128 0x24
 1457 0753 1F010000 		.4byte	.LASF89
 1458 0757 09       		.byte	0x9
 1459 0758 3D       		.byte	0x3d
 1460 0759 AA040000 		.4byte	0x4aa
 1461 075d 00       		.byte	0
 1462              		.section	.debug_abbrev,"",%progbits
 1463              	.Ldebug_abbrev0:
 1464 0000 01       		.uleb128 0x1
 1465 0001 11       		.uleb128 0x11
 1466 0002 01       		.byte	0x1
 1467 0003 25       		.uleb128 0x25
 1468 0004 0E       		.uleb128 0xe
ARM GAS  /tmp/ccsqp6Pb.s 			page 27


 1469 0005 13       		.uleb128 0x13
 1470 0006 0B       		.uleb128 0xb
 1471 0007 03       		.uleb128 0x3
 1472 0008 0E       		.uleb128 0xe
 1473 0009 1B       		.uleb128 0x1b
 1474 000a 0E       		.uleb128 0xe
 1475 000b 55       		.uleb128 0x55
 1476 000c 17       		.uleb128 0x17
 1477 000d 11       		.uleb128 0x11
 1478 000e 01       		.uleb128 0x1
 1479 000f 10       		.uleb128 0x10
 1480 0010 17       		.uleb128 0x17
 1481 0011 00       		.byte	0
 1482 0012 00       		.byte	0
 1483 0013 02       		.uleb128 0x2
 1484 0014 24       		.uleb128 0x24
 1485 0015 00       		.byte	0
 1486 0016 0B       		.uleb128 0xb
 1487 0017 0B       		.uleb128 0xb
 1488 0018 3E       		.uleb128 0x3e
 1489 0019 0B       		.uleb128 0xb
 1490 001a 03       		.uleb128 0x3
 1491 001b 08       		.uleb128 0x8
 1492 001c 00       		.byte	0
 1493 001d 00       		.byte	0
 1494 001e 03       		.uleb128 0x3
 1495 001f 16       		.uleb128 0x16
 1496 0020 00       		.byte	0
 1497 0021 03       		.uleb128 0x3
 1498 0022 0E       		.uleb128 0xe
 1499 0023 3A       		.uleb128 0x3a
 1500 0024 0B       		.uleb128 0xb
 1501 0025 3B       		.uleb128 0x3b
 1502 0026 0B       		.uleb128 0xb
 1503 0027 49       		.uleb128 0x49
 1504 0028 13       		.uleb128 0x13
 1505 0029 00       		.byte	0
 1506 002a 00       		.byte	0
 1507 002b 04       		.uleb128 0x4
 1508 002c 24       		.uleb128 0x24
 1509 002d 00       		.byte	0
 1510 002e 0B       		.uleb128 0xb
 1511 002f 0B       		.uleb128 0xb
 1512 0030 3E       		.uleb128 0x3e
 1513 0031 0B       		.uleb128 0xb
 1514 0032 03       		.uleb128 0x3
 1515 0033 0E       		.uleb128 0xe
 1516 0034 00       		.byte	0
 1517 0035 00       		.byte	0
 1518 0036 05       		.uleb128 0x5
 1519 0037 13       		.uleb128 0x13
 1520 0038 01       		.byte	0x1
 1521 0039 03       		.uleb128 0x3
 1522 003a 0E       		.uleb128 0xe
 1523 003b 0B       		.uleb128 0xb
 1524 003c 0B       		.uleb128 0xb
 1525 003d 3A       		.uleb128 0x3a
ARM GAS  /tmp/ccsqp6Pb.s 			page 28


 1526 003e 0B       		.uleb128 0xb
 1527 003f 3B       		.uleb128 0x3b
 1528 0040 0B       		.uleb128 0xb
 1529 0041 01       		.uleb128 0x1
 1530 0042 13       		.uleb128 0x13
 1531 0043 00       		.byte	0
 1532 0044 00       		.byte	0
 1533 0045 06       		.uleb128 0x6
 1534 0046 0D       		.uleb128 0xd
 1535 0047 00       		.byte	0
 1536 0048 03       		.uleb128 0x3
 1537 0049 0E       		.uleb128 0xe
 1538 004a 3A       		.uleb128 0x3a
 1539 004b 0B       		.uleb128 0xb
 1540 004c 3B       		.uleb128 0x3b
 1541 004d 0B       		.uleb128 0xb
 1542 004e 49       		.uleb128 0x49
 1543 004f 13       		.uleb128 0x13
 1544 0050 38       		.uleb128 0x38
 1545 0051 0B       		.uleb128 0xb
 1546 0052 00       		.byte	0
 1547 0053 00       		.byte	0
 1548 0054 07       		.uleb128 0x7
 1549 0055 0D       		.uleb128 0xd
 1550 0056 00       		.byte	0
 1551 0057 03       		.uleb128 0x3
 1552 0058 08       		.uleb128 0x8
 1553 0059 3A       		.uleb128 0x3a
 1554 005a 0B       		.uleb128 0xb
 1555 005b 3B       		.uleb128 0x3b
 1556 005c 0B       		.uleb128 0xb
 1557 005d 49       		.uleb128 0x49
 1558 005e 13       		.uleb128 0x13
 1559 005f 38       		.uleb128 0x38
 1560 0060 0B       		.uleb128 0xb
 1561 0061 00       		.byte	0
 1562 0062 00       		.byte	0
 1563 0063 08       		.uleb128 0x8
 1564 0064 13       		.uleb128 0x13
 1565 0065 01       		.byte	0x1
 1566 0066 0B       		.uleb128 0xb
 1567 0067 0B       		.uleb128 0xb
 1568 0068 3A       		.uleb128 0x3a
 1569 0069 0B       		.uleb128 0xb
 1570 006a 3B       		.uleb128 0x3b
 1571 006b 0B       		.uleb128 0xb
 1572 006c 01       		.uleb128 0x1
 1573 006d 13       		.uleb128 0x13
 1574 006e 00       		.byte	0
 1575 006f 00       		.byte	0
 1576 0070 09       		.uleb128 0x9
 1577 0071 0F       		.uleb128 0xf
 1578 0072 00       		.byte	0
 1579 0073 0B       		.uleb128 0xb
 1580 0074 0B       		.uleb128 0xb
 1581 0075 49       		.uleb128 0x49
 1582 0076 13       		.uleb128 0x13
ARM GAS  /tmp/ccsqp6Pb.s 			page 29


 1583 0077 00       		.byte	0
 1584 0078 00       		.byte	0
 1585 0079 0A       		.uleb128 0xa
 1586 007a 0F       		.uleb128 0xf
 1587 007b 00       		.byte	0
 1588 007c 0B       		.uleb128 0xb
 1589 007d 0B       		.uleb128 0xb
 1590 007e 00       		.byte	0
 1591 007f 00       		.byte	0
 1592 0080 0B       		.uleb128 0xb
 1593 0081 13       		.uleb128 0x13
 1594 0082 01       		.byte	0x1
 1595 0083 03       		.uleb128 0x3
 1596 0084 0E       		.uleb128 0xe
 1597 0085 0B       		.uleb128 0xb
 1598 0086 0B       		.uleb128 0xb
 1599 0087 3A       		.uleb128 0x3a
 1600 0088 0B       		.uleb128 0xb
 1601 0089 3B       		.uleb128 0x3b
 1602 008a 05       		.uleb128 0x5
 1603 008b 01       		.uleb128 0x1
 1604 008c 13       		.uleb128 0x13
 1605 008d 00       		.byte	0
 1606 008e 00       		.byte	0
 1607 008f 0C       		.uleb128 0xc
 1608 0090 0D       		.uleb128 0xd
 1609 0091 00       		.byte	0
 1610 0092 03       		.uleb128 0x3
 1611 0093 08       		.uleb128 0x8
 1612 0094 3A       		.uleb128 0x3a
 1613 0095 0B       		.uleb128 0xb
 1614 0096 3B       		.uleb128 0x3b
 1615 0097 05       		.uleb128 0x5
 1616 0098 49       		.uleb128 0x49
 1617 0099 13       		.uleb128 0x13
 1618 009a 38       		.uleb128 0x38
 1619 009b 0B       		.uleb128 0xb
 1620 009c 00       		.byte	0
 1621 009d 00       		.byte	0
 1622 009e 0D       		.uleb128 0xd
 1623 009f 35       		.uleb128 0x35
 1624 00a0 00       		.byte	0
 1625 00a1 49       		.uleb128 0x49
 1626 00a2 13       		.uleb128 0x13
 1627 00a3 00       		.byte	0
 1628 00a4 00       		.byte	0
 1629 00a5 0E       		.uleb128 0xe
 1630 00a6 15       		.uleb128 0x15
 1631 00a7 01       		.byte	0x1
 1632 00a8 27       		.uleb128 0x27
 1633 00a9 19       		.uleb128 0x19
 1634 00aa 49       		.uleb128 0x49
 1635 00ab 13       		.uleb128 0x13
 1636 00ac 01       		.uleb128 0x1
 1637 00ad 13       		.uleb128 0x13
 1638 00ae 00       		.byte	0
 1639 00af 00       		.byte	0
ARM GAS  /tmp/ccsqp6Pb.s 			page 30


 1640 00b0 0F       		.uleb128 0xf
 1641 00b1 05       		.uleb128 0x5
 1642 00b2 00       		.byte	0
 1643 00b3 49       		.uleb128 0x49
 1644 00b4 13       		.uleb128 0x13
 1645 00b5 00       		.byte	0
 1646 00b6 00       		.byte	0
 1647 00b7 10       		.uleb128 0x10
 1648 00b8 17       		.uleb128 0x17
 1649 00b9 01       		.byte	0x1
 1650 00ba 0B       		.uleb128 0xb
 1651 00bb 0B       		.uleb128 0xb
 1652 00bc 3A       		.uleb128 0x3a
 1653 00bd 0B       		.uleb128 0xb
 1654 00be 3B       		.uleb128 0x3b
 1655 00bf 0B       		.uleb128 0xb
 1656 00c0 01       		.uleb128 0x1
 1657 00c1 13       		.uleb128 0x13
 1658 00c2 00       		.byte	0
 1659 00c3 00       		.byte	0
 1660 00c4 11       		.uleb128 0x11
 1661 00c5 0D       		.uleb128 0xd
 1662 00c6 00       		.byte	0
 1663 00c7 03       		.uleb128 0x3
 1664 00c8 0E       		.uleb128 0xe
 1665 00c9 3A       		.uleb128 0x3a
 1666 00ca 0B       		.uleb128 0xb
 1667 00cb 3B       		.uleb128 0x3b
 1668 00cc 0B       		.uleb128 0xb
 1669 00cd 49       		.uleb128 0x49
 1670 00ce 13       		.uleb128 0x13
 1671 00cf 00       		.byte	0
 1672 00d0 00       		.byte	0
 1673 00d1 12       		.uleb128 0x12
 1674 00d2 17       		.uleb128 0x17
 1675 00d3 01       		.byte	0x1
 1676 00d4 03       		.uleb128 0x3
 1677 00d5 0E       		.uleb128 0xe
 1678 00d6 0B       		.uleb128 0xb
 1679 00d7 0B       		.uleb128 0xb
 1680 00d8 3A       		.uleb128 0x3a
 1681 00d9 0B       		.uleb128 0xb
 1682 00da 3B       		.uleb128 0x3b
 1683 00db 0B       		.uleb128 0xb
 1684 00dc 01       		.uleb128 0x1
 1685 00dd 13       		.uleb128 0x13
 1686 00de 00       		.byte	0
 1687 00df 00       		.byte	0
 1688 00e0 13       		.uleb128 0x13
 1689 00e1 0D       		.uleb128 0xd
 1690 00e2 00       		.byte	0
 1691 00e3 03       		.uleb128 0x3
 1692 00e4 08       		.uleb128 0x8
 1693 00e5 3A       		.uleb128 0x3a
 1694 00e6 0B       		.uleb128 0xb
 1695 00e7 3B       		.uleb128 0x3b
 1696 00e8 0B       		.uleb128 0xb
ARM GAS  /tmp/ccsqp6Pb.s 			page 31


 1697 00e9 49       		.uleb128 0x49
 1698 00ea 13       		.uleb128 0x13
 1699 00eb 00       		.byte	0
 1700 00ec 00       		.byte	0
 1701 00ed 14       		.uleb128 0x14
 1702 00ee 26       		.uleb128 0x26
 1703 00ef 00       		.byte	0
 1704 00f0 49       		.uleb128 0x49
 1705 00f1 13       		.uleb128 0x13
 1706 00f2 00       		.byte	0
 1707 00f3 00       		.byte	0
 1708 00f4 15       		.uleb128 0x15
 1709 00f5 2E       		.uleb128 0x2e
 1710 00f6 01       		.byte	0x1
 1711 00f7 3F       		.uleb128 0x3f
 1712 00f8 19       		.uleb128 0x19
 1713 00f9 03       		.uleb128 0x3
 1714 00fa 0E       		.uleb128 0xe
 1715 00fb 3A       		.uleb128 0x3a
 1716 00fc 0B       		.uleb128 0xb
 1717 00fd 3B       		.uleb128 0x3b
 1718 00fe 0B       		.uleb128 0xb
 1719 00ff 27       		.uleb128 0x27
 1720 0100 19       		.uleb128 0x19
 1721 0101 11       		.uleb128 0x11
 1722 0102 01       		.uleb128 0x1
 1723 0103 12       		.uleb128 0x12
 1724 0104 06       		.uleb128 0x6
 1725 0105 40       		.uleb128 0x40
 1726 0106 18       		.uleb128 0x18
 1727 0107 9742     		.uleb128 0x2117
 1728 0109 19       		.uleb128 0x19
 1729 010a 01       		.uleb128 0x1
 1730 010b 13       		.uleb128 0x13
 1731 010c 00       		.byte	0
 1732 010d 00       		.byte	0
 1733 010e 16       		.uleb128 0x16
 1734 010f 898201   		.uleb128 0x4109
 1735 0112 01       		.byte	0x1
 1736 0113 11       		.uleb128 0x11
 1737 0114 01       		.uleb128 0x1
 1738 0115 9542     		.uleb128 0x2115
 1739 0117 19       		.uleb128 0x19
 1740 0118 31       		.uleb128 0x31
 1741 0119 13       		.uleb128 0x13
 1742 011a 00       		.byte	0
 1743 011b 00       		.byte	0
 1744 011c 17       		.uleb128 0x17
 1745 011d 8A8201   		.uleb128 0x410a
 1746 0120 00       		.byte	0
 1747 0121 02       		.uleb128 0x2
 1748 0122 18       		.uleb128 0x18
 1749 0123 9142     		.uleb128 0x2111
 1750 0125 18       		.uleb128 0x18
 1751 0126 00       		.byte	0
 1752 0127 00       		.byte	0
 1753 0128 18       		.uleb128 0x18
ARM GAS  /tmp/ccsqp6Pb.s 			page 32


 1754 0129 05       		.uleb128 0x5
 1755 012a 00       		.byte	0
 1756 012b 03       		.uleb128 0x3
 1757 012c 0E       		.uleb128 0xe
 1758 012d 3A       		.uleb128 0x3a
 1759 012e 0B       		.uleb128 0xb
 1760 012f 3B       		.uleb128 0x3b
 1761 0130 0B       		.uleb128 0xb
 1762 0131 49       		.uleb128 0x49
 1763 0132 13       		.uleb128 0x13
 1764 0133 02       		.uleb128 0x2
 1765 0134 17       		.uleb128 0x17
 1766 0135 00       		.byte	0
 1767 0136 00       		.byte	0
 1768 0137 19       		.uleb128 0x19
 1769 0138 05       		.uleb128 0x5
 1770 0139 00       		.byte	0
 1771 013a 03       		.uleb128 0x3
 1772 013b 08       		.uleb128 0x8
 1773 013c 3A       		.uleb128 0x3a
 1774 013d 0B       		.uleb128 0xb
 1775 013e 3B       		.uleb128 0x3b
 1776 013f 0B       		.uleb128 0xb
 1777 0140 49       		.uleb128 0x49
 1778 0141 13       		.uleb128 0x13
 1779 0142 02       		.uleb128 0x2
 1780 0143 17       		.uleb128 0x17
 1781 0144 00       		.byte	0
 1782 0145 00       		.byte	0
 1783 0146 1A       		.uleb128 0x1a
 1784 0147 34       		.uleb128 0x34
 1785 0148 00       		.byte	0
 1786 0149 03       		.uleb128 0x3
 1787 014a 08       		.uleb128 0x8
 1788 014b 3A       		.uleb128 0x3a
 1789 014c 0B       		.uleb128 0xb
 1790 014d 3B       		.uleb128 0x3b
 1791 014e 0B       		.uleb128 0xb
 1792 014f 49       		.uleb128 0x49
 1793 0150 13       		.uleb128 0x13
 1794 0151 02       		.uleb128 0x2
 1795 0152 17       		.uleb128 0x17
 1796 0153 00       		.byte	0
 1797 0154 00       		.byte	0
 1798 0155 1B       		.uleb128 0x1b
 1799 0156 898201   		.uleb128 0x4109
 1800 0159 01       		.byte	0x1
 1801 015a 11       		.uleb128 0x11
 1802 015b 01       		.uleb128 0x1
 1803 015c 31       		.uleb128 0x31
 1804 015d 13       		.uleb128 0x13
 1805 015e 01       		.uleb128 0x1
 1806 015f 13       		.uleb128 0x13
 1807 0160 00       		.byte	0
 1808 0161 00       		.byte	0
 1809 0162 1C       		.uleb128 0x1c
 1810 0163 2E       		.uleb128 0x2e
ARM GAS  /tmp/ccsqp6Pb.s 			page 33


 1811 0164 01       		.byte	0x1
 1812 0165 3F       		.uleb128 0x3f
 1813 0166 19       		.uleb128 0x19
 1814 0167 03       		.uleb128 0x3
 1815 0168 0E       		.uleb128 0xe
 1816 0169 3A       		.uleb128 0x3a
 1817 016a 0B       		.uleb128 0xb
 1818 016b 3B       		.uleb128 0x3b
 1819 016c 0B       		.uleb128 0xb
 1820 016d 27       		.uleb128 0x27
 1821 016e 19       		.uleb128 0x19
 1822 016f 49       		.uleb128 0x49
 1823 0170 13       		.uleb128 0x13
 1824 0171 11       		.uleb128 0x11
 1825 0172 01       		.uleb128 0x1
 1826 0173 12       		.uleb128 0x12
 1827 0174 06       		.uleb128 0x6
 1828 0175 40       		.uleb128 0x40
 1829 0176 18       		.uleb128 0x18
 1830 0177 9742     		.uleb128 0x2117
 1831 0179 19       		.uleb128 0x19
 1832 017a 01       		.uleb128 0x1
 1833 017b 13       		.uleb128 0x13
 1834 017c 00       		.byte	0
 1835 017d 00       		.byte	0
 1836 017e 1D       		.uleb128 0x1d
 1837 017f 898201   		.uleb128 0x4109
 1838 0182 00       		.byte	0
 1839 0183 11       		.uleb128 0x11
 1840 0184 01       		.uleb128 0x1
 1841 0185 31       		.uleb128 0x31
 1842 0186 13       		.uleb128 0x13
 1843 0187 00       		.byte	0
 1844 0188 00       		.byte	0
 1845 0189 1E       		.uleb128 0x1e
 1846 018a 898201   		.uleb128 0x4109
 1847 018d 01       		.byte	0x1
 1848 018e 11       		.uleb128 0x11
 1849 018f 01       		.uleb128 0x1
 1850 0190 01       		.uleb128 0x1
 1851 0191 13       		.uleb128 0x13
 1852 0192 00       		.byte	0
 1853 0193 00       		.byte	0
 1854 0194 1F       		.uleb128 0x1f
 1855 0195 34       		.uleb128 0x34
 1856 0196 00       		.byte	0
 1857 0197 03       		.uleb128 0x3
 1858 0198 0E       		.uleb128 0xe
 1859 0199 3A       		.uleb128 0x3a
 1860 019a 0B       		.uleb128 0xb
 1861 019b 3B       		.uleb128 0x3b
 1862 019c 0B       		.uleb128 0xb
 1863 019d 49       		.uleb128 0x49
 1864 019e 13       		.uleb128 0x13
 1865 019f 02       		.uleb128 0x2
 1866 01a0 17       		.uleb128 0x17
 1867 01a1 00       		.byte	0
ARM GAS  /tmp/ccsqp6Pb.s 			page 34


 1868 01a2 00       		.byte	0
 1869 01a3 20       		.uleb128 0x20
 1870 01a4 898201   		.uleb128 0x4109
 1871 01a7 00       		.byte	0
 1872 01a8 11       		.uleb128 0x11
 1873 01a9 01       		.uleb128 0x1
 1874 01aa 9542     		.uleb128 0x2115
 1875 01ac 19       		.uleb128 0x19
 1876 01ad 31       		.uleb128 0x31
 1877 01ae 13       		.uleb128 0x13
 1878 01af 00       		.byte	0
 1879 01b0 00       		.byte	0
 1880 01b1 21       		.uleb128 0x21
 1881 01b2 898201   		.uleb128 0x4109
 1882 01b5 01       		.byte	0x1
 1883 01b6 11       		.uleb128 0x11
 1884 01b7 01       		.uleb128 0x1
 1885 01b8 31       		.uleb128 0x31
 1886 01b9 13       		.uleb128 0x13
 1887 01ba 00       		.byte	0
 1888 01bb 00       		.byte	0
 1889 01bc 22       		.uleb128 0x22
 1890 01bd 34       		.uleb128 0x34
 1891 01be 00       		.byte	0
 1892 01bf 03       		.uleb128 0x3
 1893 01c0 0E       		.uleb128 0xe
 1894 01c1 3A       		.uleb128 0x3a
 1895 01c2 0B       		.uleb128 0xb
 1896 01c3 3B       		.uleb128 0x3b
 1897 01c4 0B       		.uleb128 0xb
 1898 01c5 49       		.uleb128 0x49
 1899 01c6 13       		.uleb128 0x13
 1900 01c7 02       		.uleb128 0x2
 1901 01c8 18       		.uleb128 0x18
 1902 01c9 00       		.byte	0
 1903 01ca 00       		.byte	0
 1904 01cb 23       		.uleb128 0x23
 1905 01cc 2E       		.uleb128 0x2e
 1906 01cd 01       		.byte	0x1
 1907 01ce 3F       		.uleb128 0x3f
 1908 01cf 19       		.uleb128 0x19
 1909 01d0 03       		.uleb128 0x3
 1910 01d1 0E       		.uleb128 0xe
 1911 01d2 3A       		.uleb128 0x3a
 1912 01d3 0B       		.uleb128 0xb
 1913 01d4 3B       		.uleb128 0x3b
 1914 01d5 0B       		.uleb128 0xb
 1915 01d6 27       		.uleb128 0x27
 1916 01d7 19       		.uleb128 0x19
 1917 01d8 3C       		.uleb128 0x3c
 1918 01d9 19       		.uleb128 0x19
 1919 01da 01       		.uleb128 0x1
 1920 01db 13       		.uleb128 0x13
 1921 01dc 00       		.byte	0
 1922 01dd 00       		.byte	0
 1923 01de 24       		.uleb128 0x24
 1924 01df 2E       		.uleb128 0x2e
ARM GAS  /tmp/ccsqp6Pb.s 			page 35


 1925 01e0 00       		.byte	0
 1926 01e1 3F       		.uleb128 0x3f
 1927 01e2 19       		.uleb128 0x19
 1928 01e3 03       		.uleb128 0x3
 1929 01e4 0E       		.uleb128 0xe
 1930 01e5 3A       		.uleb128 0x3a
 1931 01e6 0B       		.uleb128 0xb
 1932 01e7 3B       		.uleb128 0x3b
 1933 01e8 0B       		.uleb128 0xb
 1934 01e9 27       		.uleb128 0x27
 1935 01ea 19       		.uleb128 0x19
 1936 01eb 49       		.uleb128 0x49
 1937 01ec 13       		.uleb128 0x13
 1938 01ed 3C       		.uleb128 0x3c
 1939 01ee 19       		.uleb128 0x19
 1940 01ef 00       		.byte	0
 1941 01f0 00       		.byte	0
 1942 01f1 00       		.byte	0
 1943              		.section	.debug_loc,"",%progbits
 1944              	.Ldebug_loc0:
 1945              	.LLST0:
 1946 0000 00000000 		.4byte	.LVL1
 1947 0004 12000000 		.4byte	.LVL3
 1948 0008 0100     		.2byte	0x1
 1949 000a 50       		.byte	0x50
 1950 000b 12000000 		.4byte	.LVL3
 1951 000f 2C000000 		.4byte	.LVL8
 1952 0013 0100     		.2byte	0x1
 1953 0015 55       		.byte	0x55
 1954 0016 2C000000 		.4byte	.LVL8
 1955 001a 2F000000 		.4byte	.LVL9-1
 1956 001e 0300     		.2byte	0x3
 1957 0020 70       		.byte	0x70
 1958 0021 70       		.sleb128 -16
 1959 0022 9F       		.byte	0x9f
 1960 0023 2F000000 		.4byte	.LVL9-1
 1961 0027 34000000 		.4byte	.LFE8
 1962 002b 0400     		.2byte	0x4
 1963 002d F3       		.byte	0xf3
 1964 002e 01       		.uleb128 0x1
 1965 002f 50       		.byte	0x50
 1966 0030 9F       		.byte	0x9f
 1967 0031 00000000 		.4byte	0
 1968 0035 00000000 		.4byte	0
 1969              	.LLST1:
 1970 0039 00000000 		.4byte	.LVL1
 1971 003d 15000000 		.4byte	.LVL4-1
 1972 0041 0100     		.2byte	0x1
 1973 0043 51       		.byte	0x51
 1974 0044 15000000 		.4byte	.LVL4-1
 1975 0048 2C000000 		.4byte	.LVL8
 1976 004c 0100     		.2byte	0x1
 1977 004e 54       		.byte	0x54
 1978 004f 2C000000 		.4byte	.LVL8
 1979 0053 34000000 		.4byte	.LFE8
 1980 0057 0400     		.2byte	0x4
 1981 0059 F3       		.byte	0xf3
ARM GAS  /tmp/ccsqp6Pb.s 			page 36


 1982 005a 01       		.uleb128 0x1
 1983 005b 51       		.byte	0x51
 1984 005c 9F       		.byte	0x9f
 1985 005d 00000000 		.4byte	0
 1986 0061 00000000 		.4byte	0
 1987              	.LLST2:
 1988 0065 00000000 		.4byte	.LVL1
 1989 0069 06000000 		.4byte	.LVL2
 1990 006d 0100     		.2byte	0x1
 1991 006f 52       		.byte	0x52
 1992 0070 06000000 		.4byte	.LVL2
 1993 0074 1A000000 		.4byte	.LVL5
 1994 0078 0100     		.2byte	0x1
 1995 007a 56       		.byte	0x56
 1996 007b 1A000000 		.4byte	.LVL5
 1997 007f 2C000000 		.4byte	.LVL8
 1998 0083 0300     		.2byte	0x3
 1999 0085 76       		.byte	0x76
 2000 0086 08       		.sleb128 8
 2001 0087 9F       		.byte	0x9f
 2002 0088 2C000000 		.4byte	.LVL8
 2003 008c 2F000000 		.4byte	.LVL9-1
 2004 0090 0900     		.2byte	0x9
 2005 0092 F3       		.byte	0xf3
 2006 0093 01       		.uleb128 0x1
 2007 0094 51       		.byte	0x51
 2008 0095 23       		.byte	0x23
 2009 0096 04       		.uleb128 0x4
 2010 0097 06       		.byte	0x6
 2011 0098 23       		.byte	0x23
 2012 0099 08       		.uleb128 0x8
 2013 009a 9F       		.byte	0x9f
 2014 009b 2F000000 		.4byte	.LVL9-1
 2015 009f 34000000 		.4byte	.LFE8
 2016 00a3 0400     		.2byte	0x4
 2017 00a5 F3       		.byte	0xf3
 2018 00a6 01       		.uleb128 0x1
 2019 00a7 52       		.byte	0x52
 2020 00a8 9F       		.byte	0x9f
 2021 00a9 00000000 		.4byte	0
 2022 00ad 00000000 		.4byte	0
 2023              	.LLST3:
 2024 00b1 1E000000 		.4byte	.LVL6
 2025 00b5 24000000 		.4byte	.LVL7
 2026 00b9 0200     		.2byte	0x2
 2027 00bb 75       		.byte	0x75
 2028 00bc 08       		.sleb128 8
 2029 00bd 24000000 		.4byte	.LVL7
 2030 00c1 2C000000 		.4byte	.LVL8
 2031 00c5 0100     		.2byte	0x1
 2032 00c7 54       		.byte	0x54
 2033 00c8 2C000000 		.4byte	.LVL8
 2034 00cc 34000000 		.4byte	.LFE8
 2035 00d0 0400     		.2byte	0x4
 2036 00d2 F3       		.byte	0xf3
 2037 00d3 01       		.uleb128 0x1
 2038 00d4 51       		.byte	0x51
ARM GAS  /tmp/ccsqp6Pb.s 			page 37


 2039 00d5 9F       		.byte	0x9f
 2040 00d6 00000000 		.4byte	0
 2041 00da 00000000 		.4byte	0
 2042              	.LLST4:
 2043 00de 00000000 		.4byte	.LVL10
 2044 00e2 0A000000 		.4byte	.LVL11
 2045 00e6 0100     		.2byte	0x1
 2046 00e8 50       		.byte	0x50
 2047 00e9 0A000000 		.4byte	.LVL11
 2048 00ed 80000000 		.4byte	.LFE9
 2049 00f1 0100     		.2byte	0x1
 2050 00f3 56       		.byte	0x56
 2051 00f4 00000000 		.4byte	0
 2052 00f8 00000000 		.4byte	0
 2053              	.LLST5:
 2054 00fc 00000000 		.4byte	.LVL10
 2055 0100 0C000000 		.4byte	.LVL12
 2056 0104 0100     		.2byte	0x1
 2057 0106 51       		.byte	0x51
 2058 0107 0C000000 		.4byte	.LVL12
 2059 010b 14000000 		.4byte	.LVL13
 2060 010f 0300     		.2byte	0x3
 2061 0111 71       		.byte	0x71
 2062 0112 79       		.sleb128 -7
 2063 0113 9F       		.byte	0x9f
 2064 0114 14000000 		.4byte	.LVL13
 2065 0118 80000000 		.4byte	.LFE9
 2066 011c 0100     		.2byte	0x1
 2067 011e 55       		.byte	0x55
 2068 011f 00000000 		.4byte	0
 2069 0123 00000000 		.4byte	0
 2070              	.LLST6:
 2071 0127 18000000 		.4byte	.LVL14
 2072 012b 44000000 		.4byte	.LVL21
 2073 012f 0100     		.2byte	0x1
 2074 0131 54       		.byte	0x54
 2075 0132 48000000 		.4byte	.LVL22
 2076 0136 56000000 		.4byte	.LVL23
 2077 013a 0100     		.2byte	0x1
 2078 013c 54       		.byte	0x54
 2079 013d 62000000 		.4byte	.LVL25
 2080 0141 7A000000 		.4byte	.LVL28
 2081 0145 0100     		.2byte	0x1
 2082 0147 54       		.byte	0x54
 2083 0148 00000000 		.4byte	0
 2084 014c 00000000 		.4byte	0
 2085              	.LLST7:
 2086 0150 1E000000 		.4byte	.LVL16
 2087 0154 26000000 		.4byte	.LVL17
 2088 0158 0100     		.2byte	0x1
 2089 015a 50       		.byte	0x50
 2090 015b 28000000 		.4byte	.LVL18
 2091 015f 2F000000 		.4byte	.LVL19-1
 2092 0163 0100     		.2byte	0x1
 2093 0165 50       		.byte	0x50
 2094 0166 3A000000 		.4byte	.LVL20
 2095 016a 44000000 		.4byte	.LVL21
ARM GAS  /tmp/ccsqp6Pb.s 			page 38


 2096 016e 0100     		.2byte	0x1
 2097 0170 50       		.byte	0x50
 2098 0171 48000000 		.4byte	.LVL22
 2099 0175 5D000000 		.4byte	.LVL24-1
 2100 0179 0100     		.2byte	0x1
 2101 017b 50       		.byte	0x50
 2102 017c 5D000000 		.4byte	.LVL24-1
 2103 0180 62000000 		.4byte	.LVL25
 2104 0184 0300     		.2byte	0x3
 2105 0186 74       		.byte	0x74
 2106 0187 78       		.sleb128 -8
 2107 0188 9F       		.byte	0x9f
 2108 0189 62000000 		.4byte	.LVL25
 2109 018d 78000000 		.4byte	.LVL27
 2110 0191 0100     		.2byte	0x1
 2111 0193 50       		.byte	0x50
 2112 0194 00000000 		.4byte	0
 2113 0198 00000000 		.4byte	0
 2114              	.LLST8:
 2115 019c 6A000000 		.4byte	.LVL26
 2116 01a0 78000000 		.4byte	.LVL27
 2117 01a4 0100     		.2byte	0x1
 2118 01a6 57       		.byte	0x57
 2119 01a7 00000000 		.4byte	0
 2120 01ab 00000000 		.4byte	0
 2121              	.LLST9:
 2122 01af 00000000 		.4byte	.LVL29
 2123 01b3 08000000 		.4byte	.LVL30
 2124 01b7 0100     		.2byte	0x1
 2125 01b9 50       		.byte	0x50
 2126 01ba 08000000 		.4byte	.LVL30
 2127 01be 80000000 		.4byte	.LVL37
 2128 01c2 0100     		.2byte	0x1
 2129 01c4 57       		.byte	0x57
 2130 01c5 80000000 		.4byte	.LVL37
 2131 01c9 84000000 		.4byte	.LVL38
 2132 01cd 0400     		.2byte	0x4
 2133 01cf F3       		.byte	0xf3
 2134 01d0 01       		.uleb128 0x1
 2135 01d1 50       		.byte	0x50
 2136 01d2 9F       		.byte	0x9f
 2137 01d3 84000000 		.4byte	.LVL38
 2138 01d7 B0000000 		.4byte	.LVL39
 2139 01db 0100     		.2byte	0x1
 2140 01dd 57       		.byte	0x57
 2141 01de B0000000 		.4byte	.LVL39
 2142 01e2 B4000000 		.4byte	.LVL40
 2143 01e6 0400     		.2byte	0x4
 2144 01e8 F3       		.byte	0xf3
 2145 01e9 01       		.uleb128 0x1
 2146 01ea 50       		.byte	0x50
 2147 01eb 9F       		.byte	0x9f
 2148 01ec B4000000 		.4byte	.LVL40
 2149 01f0 B6000000 		.4byte	.LVL41
 2150 01f4 0100     		.2byte	0x1
 2151 01f6 50       		.byte	0x50
 2152 01f7 B6000000 		.4byte	.LVL41
ARM GAS  /tmp/ccsqp6Pb.s 			page 39


 2153 01fb C4000000 		.4byte	.LFE10
 2154 01ff 0100     		.2byte	0x1
 2155 0201 57       		.byte	0x57
 2156 0202 00000000 		.4byte	0
 2157 0206 00000000 		.4byte	0
 2158              	.LLST10:
 2159 020a 1C000000 		.4byte	.LVL32
 2160 020e 56000000 		.4byte	.LVL35
 2161 0212 0100     		.2byte	0x1
 2162 0214 54       		.byte	0x54
 2163 0215 58000000 		.4byte	.LVL36
 2164 0219 80000000 		.4byte	.LVL37
 2165 021d 0100     		.2byte	0x1
 2166 021f 54       		.byte	0x54
 2167 0220 84000000 		.4byte	.LVL38
 2168 0224 B0000000 		.4byte	.LVL39
 2169 0228 0100     		.2byte	0x1
 2170 022a 54       		.byte	0x54
 2171 022b 00000000 		.4byte	0
 2172 022f 00000000 		.4byte	0
 2173              	.LLST11:
 2174 0233 1C000000 		.4byte	.LVL32
 2175 0237 80000000 		.4byte	.LVL37
 2176 023b 0100     		.2byte	0x1
 2177 023d 55       		.byte	0x55
 2178 023e 80000000 		.4byte	.LVL37
 2179 0242 84000000 		.4byte	.LVL38
 2180 0246 0600     		.2byte	0x6
 2181 0248 F3       		.byte	0xf3
 2182 0249 01       		.uleb128 0x1
 2183 024a 50       		.byte	0x50
 2184 024b 38       		.byte	0x38
 2185 024c 1C       		.byte	0x1c
 2186 024d 9F       		.byte	0x9f
 2187 024e 84000000 		.4byte	.LVL38
 2188 0252 B0000000 		.4byte	.LVL39
 2189 0256 0100     		.2byte	0x1
 2190 0258 55       		.byte	0x55
 2191 0259 B0000000 		.4byte	.LVL39
 2192 025d B4000000 		.4byte	.LVL40
 2193 0261 0600     		.2byte	0x6
 2194 0263 F3       		.byte	0xf3
 2195 0264 01       		.uleb128 0x1
 2196 0265 50       		.byte	0x50
 2197 0266 38       		.byte	0x38
 2198 0267 1C       		.byte	0x1c
 2199 0268 9F       		.byte	0x9f
 2200 0269 00000000 		.4byte	0
 2201 026d 00000000 		.4byte	0
 2202              	.LLST12:
 2203 0271 1C000000 		.4byte	.LVL32
 2204 0275 80000000 		.4byte	.LVL37
 2205 0279 0300     		.2byte	0x3
 2206 027b 76       		.byte	0x76
 2207 027c 78       		.sleb128 -8
 2208 027d 9F       		.byte	0x9f
 2209 027e 84000000 		.4byte	.LVL38
ARM GAS  /tmp/ccsqp6Pb.s 			page 40


 2210 0282 B0000000 		.4byte	.LVL39
 2211 0286 0300     		.2byte	0x3
 2212 0288 76       		.byte	0x76
 2213 0289 78       		.sleb128 -8
 2214 028a 9F       		.byte	0x9f
 2215 028b 00000000 		.4byte	0
 2216 028f 00000000 		.4byte	0
 2217              	.LLST13:
 2218 0293 00000000 		.4byte	.LVL43
 2219 0297 0A000000 		.4byte	.LVL44
 2220 029b 0100     		.2byte	0x1
 2221 029d 50       		.byte	0x50
 2222 029e 0A000000 		.4byte	.LVL44
 2223 02a2 1C000000 		.4byte	.LVL46
 2224 02a6 0100     		.2byte	0x1
 2225 02a8 54       		.byte	0x54
 2226 02a9 1C000000 		.4byte	.LVL46
 2227 02ad 34000000 		.4byte	.LVL51
 2228 02b1 1300     		.2byte	0x13
 2229 02b3 F3       		.byte	0xf3
 2230 02b4 01       		.uleb128 0x1
 2231 02b5 50       		.byte	0x50
 2232 02b6 03       		.byte	0x3
 2233 02b7 00000000 		.4byte	.LANCHOR0
 2234 02bb F3       		.byte	0xf3
 2235 02bc 01       		.uleb128 0x1
 2236 02bd 50       		.byte	0x50
 2237 02be 30       		.byte	0x30
 2238 02bf 2E       		.byte	0x2e
 2239 02c0 28       		.byte	0x28
 2240 02c1 0100     		.2byte	0x1
 2241 02c3 16       		.byte	0x16
 2242 02c4 13       		.byte	0x13
 2243 02c5 9F       		.byte	0x9f
 2244 02c6 34000000 		.4byte	.LVL51
 2245 02ca 38000000 		.4byte	.LVL52
 2246 02ce 0100     		.2byte	0x1
 2247 02d0 54       		.byte	0x54
 2248 02d1 38000000 		.4byte	.LVL52
 2249 02d5 40000000 		.4byte	.LFE11
 2250 02d9 1300     		.2byte	0x13
 2251 02db F3       		.byte	0xf3
 2252 02dc 01       		.uleb128 0x1
 2253 02dd 50       		.byte	0x50
 2254 02de 03       		.byte	0x3
 2255 02df 00000000 		.4byte	.LANCHOR0
 2256 02e3 F3       		.byte	0xf3
 2257 02e4 01       		.uleb128 0x1
 2258 02e5 50       		.byte	0x50
 2259 02e6 30       		.byte	0x30
 2260 02e7 2E       		.byte	0x2e
 2261 02e8 28       		.byte	0x28
 2262 02e9 0100     		.2byte	0x1
 2263 02eb 16       		.byte	0x16
 2264 02ec 13       		.byte	0x13
 2265 02ed 9F       		.byte	0x9f
 2266 02ee 00000000 		.4byte	0
ARM GAS  /tmp/ccsqp6Pb.s 			page 41


 2267 02f2 00000000 		.4byte	0
 2268              	.LLST14:
 2269 02f6 00000000 		.4byte	.LVL43
 2270 02fa 13000000 		.4byte	.LVL45-1
 2271 02fe 0100     		.2byte	0x1
 2272 0300 51       		.byte	0x51
 2273 0301 13000000 		.4byte	.LVL45-1
 2274 0305 40000000 		.4byte	.LFE11
 2275 0309 0100     		.2byte	0x1
 2276 030b 55       		.byte	0x55
 2277 030c 00000000 		.4byte	0
 2278 0310 00000000 		.4byte	0
 2279              	.LLST15:
 2280 0314 14000000 		.4byte	.LVL45
 2281 0318 1C000000 		.4byte	.LVL46
 2282 031c 0300     		.2byte	0x3
 2283 031e 74       		.byte	0x74
 2284 031f 08       		.sleb128 8
 2285 0320 9F       		.byte	0x9f
 2286 0321 1C000000 		.4byte	.LVL46
 2287 0325 24000000 		.4byte	.LVL48
 2288 0329 1500     		.2byte	0x15
 2289 032b F3       		.byte	0xf3
 2290 032c 01       		.uleb128 0x1
 2291 032d 50       		.byte	0x50
 2292 032e 03       		.byte	0x3
 2293 032f 00000000 		.4byte	.LANCHOR0
 2294 0333 F3       		.byte	0xf3
 2295 0334 01       		.uleb128 0x1
 2296 0335 50       		.byte	0x50
 2297 0336 30       		.byte	0x30
 2298 0337 2E       		.byte	0x2e
 2299 0338 28       		.byte	0x28
 2300 0339 0100     		.2byte	0x1
 2301 033b 16       		.byte	0x16
 2302 033c 13       		.byte	0x13
 2303 033d 23       		.byte	0x23
 2304 033e 08       		.uleb128 0x8
 2305 033f 9F       		.byte	0x9f
 2306 0340 34000000 		.4byte	.LVL51
 2307 0344 38000000 		.4byte	.LVL52
 2308 0348 0300     		.2byte	0x3
 2309 034a 74       		.byte	0x74
 2310 034b 08       		.sleb128 8
 2311 034c 9F       		.byte	0x9f
 2312 034d 38000000 		.4byte	.LVL52
 2313 0351 40000000 		.4byte	.LFE11
 2314 0355 1500     		.2byte	0x15
 2315 0357 F3       		.byte	0xf3
 2316 0358 01       		.uleb128 0x1
 2317 0359 50       		.byte	0x50
 2318 035a 03       		.byte	0x3
 2319 035b 00000000 		.4byte	.LANCHOR0
 2320 035f F3       		.byte	0xf3
 2321 0360 01       		.uleb128 0x1
 2322 0361 50       		.byte	0x50
 2323 0362 30       		.byte	0x30
ARM GAS  /tmp/ccsqp6Pb.s 			page 42


 2324 0363 2E       		.byte	0x2e
 2325 0364 28       		.byte	0x28
 2326 0365 0100     		.2byte	0x1
 2327 0367 16       		.byte	0x16
 2328 0368 13       		.byte	0x13
 2329 0369 23       		.byte	0x23
 2330 036a 08       		.uleb128 0x8
 2331 036b 9F       		.byte	0x9f
 2332 036c 00000000 		.4byte	0
 2333 0370 00000000 		.4byte	0
 2334              	.LLST16:
 2335 0374 14000000 		.4byte	.LVL45
 2336 0378 1C000000 		.4byte	.LVL46
 2337 037c 0200     		.2byte	0x2
 2338 037e 30       		.byte	0x30
 2339 037f 9F       		.byte	0x9f
 2340 0380 1C000000 		.4byte	.LVL46
 2341 0384 22000000 		.4byte	.LVL47
 2342 0388 0100     		.2byte	0x1
 2343 038a 54       		.byte	0x54
 2344 038b 22000000 		.4byte	.LVL47
 2345 038f 24000000 		.4byte	.LVL48
 2346 0393 0300     		.2byte	0x3
 2347 0395 74       		.byte	0x74
 2348 0396 7F       		.sleb128 -1
 2349 0397 9F       		.byte	0x9f
 2350 0398 24000000 		.4byte	.LVL48
 2351 039c 28000000 		.4byte	.LVL49
 2352 03a0 0100     		.2byte	0x1
 2353 03a2 54       		.byte	0x54
 2354 03a3 34000000 		.4byte	.LVL51
 2355 03a7 40000000 		.4byte	.LFE11
 2356 03ab 0200     		.2byte	0x2
 2357 03ad 30       		.byte	0x30
 2358 03ae 9F       		.byte	0x9f
 2359 03af 00000000 		.4byte	0
 2360 03b3 00000000 		.4byte	0
 2361              	.LLST17:
 2362 03b7 14000000 		.4byte	.LVL45
 2363 03bb 1C000000 		.4byte	.LVL46
 2364 03bf 0200     		.2byte	0x2
 2365 03c1 30       		.byte	0x30
 2366 03c2 9F       		.byte	0x9f
 2367 03c3 1C000000 		.4byte	.LVL46
 2368 03c7 28000000 		.4byte	.LVL49
 2369 03cb 0100     		.2byte	0x1
 2370 03cd 52       		.byte	0x52
 2371 03ce 34000000 		.4byte	.LVL51
 2372 03d2 40000000 		.4byte	.LFE11
 2373 03d6 0200     		.2byte	0x2
 2374 03d8 30       		.byte	0x30
 2375 03d9 9F       		.byte	0x9f
 2376 03da 00000000 		.4byte	0
 2377 03de 00000000 		.4byte	0
 2378              		.section	.debug_aranges,"",%progbits
 2379 0000 3C000000 		.4byte	0x3c
 2380 0004 0200     		.2byte	0x2
ARM GAS  /tmp/ccsqp6Pb.s 			page 43


 2381 0006 00000000 		.4byte	.Ldebug_info0
 2382 000a 04       		.byte	0x4
 2383 000b 00       		.byte	0
 2384 000c 0000     		.2byte	0
 2385 000e 0000     		.2byte	0
 2386 0010 00000000 		.4byte	.LFB7
 2387 0014 1C000000 		.4byte	.LFE7-.LFB7
 2388 0018 00000000 		.4byte	.LFB8
 2389 001c 34000000 		.4byte	.LFE8-.LFB8
 2390 0020 00000000 		.4byte	.LFB9
 2391 0024 80000000 		.4byte	.LFE9-.LFB9
 2392 0028 00000000 		.4byte	.LFB10
 2393 002c C4000000 		.4byte	.LFE10-.LFB10
 2394 0030 00000000 		.4byte	.LFB11
 2395 0034 40000000 		.4byte	.LFE11-.LFB11
 2396 0038 00000000 		.4byte	0
 2397 003c 00000000 		.4byte	0
 2398              		.section	.debug_ranges,"",%progbits
 2399              	.Ldebug_ranges0:
 2400 0000 00000000 		.4byte	.LFB7
 2401 0004 1C000000 		.4byte	.LFE7
 2402 0008 00000000 		.4byte	.LFB8
 2403 000c 34000000 		.4byte	.LFE8
 2404 0010 00000000 		.4byte	.LFB9
 2405 0014 80000000 		.4byte	.LFE9
 2406 0018 00000000 		.4byte	.LFB10
 2407 001c C4000000 		.4byte	.LFE10
 2408 0020 00000000 		.4byte	.LFB11
 2409 0024 40000000 		.4byte	.LFE11
 2410 0028 00000000 		.4byte	0
 2411 002c 00000000 		.4byte	0
 2412              		.section	.debug_line,"",%progbits
 2413              	.Ldebug_line0:
 2414 0000 9C020000 		.section	.debug_str,"MS",%progbits,1
 2414      02008501 
 2414      00000201 
 2414      FB0E0D00 
 2414      01010101 
 2415              	.LASF43:
 2416 0000 705F6D73 		.ascii	"p_msg\000"
 2416      6700
 2417              	.LASF2:
 2418 0006 73697A65 		.ascii	"size_t\000"
 2418      5F7400
 2419              	.LASF69:
 2420 000d 7264796D 		.ascii	"rdymsg\000"
 2420      736700
 2421              	.LASF17:
 2422 0014 75696E74 		.ascii	"uint64_t\000"
 2422      36345F74 
 2422      00
 2423              	.LASF3:
 2424 001d 5F5F7569 		.ascii	"__uint8_t\000"
 2424      6E74385F 
 2424      7400
 2425              	.LASF59:
 2426 0027 6D656D67 		.ascii	"memgetfunc_t\000"
ARM GAS  /tmp/ccsqp6Pb.s 			page 44


 2426      65746675 
 2426      6E635F74 
 2426      00
 2427              	.LASF13:
 2428 0034 6C6F6E67 		.ascii	"long long unsigned int\000"
 2428      206C6F6E 
 2428      6720756E 
 2428      7369676E 
 2428      65642069 
 2429              	.LASF85:
 2430 004b 474E5520 		.ascii	"GNU C 4.9.3 20150529 (prerelease) -mcpu=cortex-m4 -"
 2430      4320342E 
 2430      392E3320 
 2430      32303135 
 2430      30353239 
 2431 007e 6D6E6F2D 		.ascii	"mno-thumb-interwork -mthumb -ggdb -O2 -fomit-frame-"
 2431      7468756D 
 2431      622D696E 
 2431      74657277 
 2431      6F726B20 
 2432 00b1 706F696E 		.ascii	"pointer -falign-functions=16 -ffunction-sections -f"
 2432      74657220 
 2432      2D66616C 
 2432      69676E2D 
 2432      66756E63 
 2433 00e4 64617461 		.ascii	"data-sections -fno-common\000"
 2433      2D736563 
 2433      74696F6E 
 2433      73202D66 
 2433      6E6F2D63 
 2434              	.LASF70:
 2435 00fe 65786974 		.ascii	"exitcode\000"
 2435      636F6465 
 2435      00
 2436              	.LASF63:
 2437 0107 685F6672 		.ascii	"h_free\000"
 2437      656500
 2438              	.LASF83:
 2439 010e 63684462 		.ascii	"chDbgPanic\000"
 2439      6750616E 
 2439      696300
 2440              	.LASF76:
 2441 0119 68656170 		.ascii	"heapp\000"
 2441      7000
 2442              	.LASF89:
 2443 011f 63684D74 		.ascii	"chMtxUnlock\000"
 2443      78556E6C 
 2443      6F636B00 
 2444              	.LASF75:
 2445 012b 63684865 		.ascii	"chHeapInit\000"
 2445      6170496E 
 2445      697400
 2446              	.LASF65:
 2447 0136 6E657874 		.ascii	"next\000"
 2447      00
 2448              	.LASF30:
 2449 013b 705F7072 		.ascii	"p_prio\000"
ARM GAS  /tmp/ccsqp6Pb.s 			page 45


 2449      696F00
 2450              	.LASF11:
 2451 0142 6C6F6E67 		.ascii	"long long int\000"
 2451      206C6F6E 
 2451      6720696E 
 2451      7400
 2452              	.LASF1:
 2453 0150 7369676E 		.ascii	"signed char\000"
 2453      65642063 
 2453      68617200 
 2454              	.LASF64:
 2455 015c 685F6D74 		.ascii	"h_mtx\000"
 2455      7800
 2456              	.LASF47:
 2457 0162 705F6D70 		.ascii	"p_mpool\000"
 2457      6F6F6C00 
 2458              	.LASF56:
 2459 016a 6D5F7175 		.ascii	"m_queue\000"
 2459      65756500 
 2460              	.LASF77:
 2461 0172 63684865 		.ascii	"chHeapFree\000"
 2461      61704672 
 2461      656500
 2462              	.LASF22:
 2463 017d 74736C69 		.ascii	"tslices_t\000"
 2463      6365735F 
 2463      7400
 2464              	.LASF8:
 2465 0187 6C6F6E67 		.ascii	"long int\000"
 2465      20696E74 
 2465      00
 2466              	.LASF20:
 2467 0190 74737461 		.ascii	"tstate_t\000"
 2467      74655F74 
 2467      00
 2468              	.LASF32:
 2469 0199 705F6E65 		.ascii	"p_newer\000"
 2469      77657200 
 2470              	.LASF9:
 2471 01a1 5F5F7569 		.ascii	"__uint32_t\000"
 2471      6E743332 
 2471      5F7400
 2472              	.LASF50:
 2473 01ac 72656761 		.ascii	"regarm_t\000"
 2473      726D5F74 
 2473      00
 2474              	.LASF67:
 2475 01b5 616C6967 		.ascii	"align\000"
 2475      6E00
 2476              	.LASF35:
 2477 01bb 705F7374 		.ascii	"p_stklimit\000"
 2477      6B6C696D 
 2477      697400
 2478              	.LASF0:
 2479 01c6 756E7369 		.ascii	"unsigned int\000"
 2479      676E6564 
 2479      20696E74 
ARM GAS  /tmp/ccsqp6Pb.s 			page 46


 2479      00
 2480              	.LASF10:
 2481 01d3 6C6F6E67 		.ascii	"long unsigned int\000"
 2481      20756E73 
 2481      69676E65 
 2481      6420696E 
 2481      7400
 2482              	.LASF53:
 2483 01e5 636F6E74 		.ascii	"context\000"
 2483      65787400 
 2484              	.LASF68:
 2485 01ed 73697A65 		.ascii	"size\000"
 2485      00
 2486              	.LASF6:
 2487 01f2 73686F72 		.ascii	"short unsigned int\000"
 2487      7420756E 
 2487      7369676E 
 2487      65642069 
 2487      6E7400
 2488              	.LASF24:
 2489 0205 6D73675F 		.ascii	"msg_t\000"
 2489      7400
 2490              	.LASF19:
 2491 020b 746D6F64 		.ascii	"tmode_t\000"
 2491      655F7400 
 2492              	.LASF49:
 2493 0213 54687265 		.ascii	"ThreadsList\000"
 2493      6164734C 
 2493      69737400 
 2494              	.LASF25:
 2495 021f 6576656E 		.ascii	"eventmask_t\000"
 2495      746D6173 
 2495      6B5F7400 
 2496              	.LASF55:
 2497 022b 4D757465 		.ascii	"Mutex\000"
 2497      7800
 2498              	.LASF51:
 2499 0231 73746B61 		.ascii	"stkalign_t\000"
 2499      6C69676E 
 2499      5F7400
 2500              	.LASF54:
 2501 023c 73697A65 		.ascii	"sizetype\000"
 2501      74797065 
 2501      00
 2502              	.LASF84:
 2503 0245 63684D74 		.ascii	"chMtxLock\000"
 2503      784C6F63 
 2503      6B00
 2504              	.LASF33:
 2505 024f 705F6F6C 		.ascii	"p_older\000"
 2505      64657200 
 2506              	.LASF48:
 2507 0257 54687265 		.ascii	"ThreadsQueue\000"
 2507      61647351 
 2507      75657565 
 2507      00
 2508              	.LASF60:
ARM GAS  /tmp/ccsqp6Pb.s 			page 47


 2509 0264 4D656D6F 		.ascii	"MemoryHeap\000"
 2509      72794865 
 2509      617000
 2510              	.LASF12:
 2511 026f 5F5F7569 		.ascii	"__uint64_t\000"
 2511      6E743634 
 2511      5F7400
 2512              	.LASF21:
 2513 027a 74726566 		.ascii	"trefs_t\000"
 2513      735F7400 
 2514              	.LASF29:
 2515 0282 705F7072 		.ascii	"p_prev\000"
 2515      657600
 2516              	.LASF23:
 2517 0289 74707269 		.ascii	"tprio_t\000"
 2517      6F5F7400 
 2518              	.LASF18:
 2519 0291 5F426F6F 		.ascii	"_Bool\000"
 2519      6C00
 2520              	.LASF15:
 2521 0297 696E7433 		.ascii	"int32_t\000"
 2521      325F7400 
 2522              	.LASF4:
 2523 029f 756E7369 		.ascii	"unsigned char\000"
 2523      676E6564 
 2523      20636861 
 2523      7200
 2524              	.LASF62:
 2525 02ad 685F7072 		.ascii	"h_provider\000"
 2525      6F766964 
 2525      657200
 2526              	.LASF45:
 2527 02b8 705F6D74 		.ascii	"p_mtxlist\000"
 2527      786C6973 
 2527      7400
 2528              	.LASF5:
 2529 02c2 73686F72 		.ascii	"short int\000"
 2529      7420696E 
 2529      7400
 2530              	.LASF36:
 2531 02cc 705F7374 		.ascii	"p_state\000"
 2531      61746500 
 2532              	.LASF39:
 2533 02d4 705F7072 		.ascii	"p_preempt\000"
 2533      65656D70 
 2533      7400
 2534              	.LASF88:
 2535 02de 68656170 		.ascii	"heap_header\000"
 2535      5F686561 
 2535      64657200 
 2536              	.LASF87:
 2537 02ea 2F686F6D 		.ascii	"/home/namv1994/CFSD19/Christian STM32 code/STM32F4/"
 2537      652F6E61 
 2537      6D763139 
 2537      39342F43 
 2537      46534431 
 2538 031d 53544D33 		.ascii	"STM32F4/embedded/ChibiOS/nam-test-USB/USB_CDC\000"
ARM GAS  /tmp/ccsqp6Pb.s 			page 48


 2538      3246342F 
 2538      656D6265 
 2538      64646564 
 2538      2F436869 
 2539              	.LASF72:
 2540 034b 65776D61 		.ascii	"ewmask\000"
 2540      736B00
 2541              	.LASF28:
 2542 0352 705F6E65 		.ascii	"p_next\000"
 2542      787400
 2543              	.LASF37:
 2544 0359 705F666C 		.ascii	"p_flags\000"
 2544      61677300 
 2545              	.LASF86:
 2546 0361 2E2E2F2E 		.ascii	"../../ChibiOS_2.6.5/os/kernel/src/chheap.c\000"
 2546      2E2F4368 
 2546      6962694F 
 2546      535F322E 
 2546      362E352F 
 2547              	.LASF27:
 2548 038c 54687265 		.ascii	"Thread\000"
 2548      616400
 2549              	.LASF78:
 2550 0393 63684865 		.ascii	"chHeapAlloc\000"
 2550      6170416C 
 2550      6C6F6300 
 2551              	.LASF44:
 2552 039f 705F6570 		.ascii	"p_epending\000"
 2552      656E6469 
 2552      6E6700
 2553              	.LASF16:
 2554 03aa 75696E74 		.ascii	"uint32_t\000"
 2554      33325F74 
 2554      00
 2555              	.LASF66:
 2556 03b3 68656170 		.ascii	"heap\000"
 2556      00
 2557              	.LASF81:
 2558 03b8 64656661 		.ascii	"default_heap\000"
 2558      756C745F 
 2558      68656170 
 2558      00
 2559              	.LASF73:
 2560 03c5 63686172 		.ascii	"char\000"
 2560      00
 2561              	.LASF79:
 2562 03ca 63684865 		.ascii	"chHeapStatus\000"
 2562      61705374 
 2562      61747573 
 2562      00
 2563              	.LASF58:
 2564 03d7 6D5F6E65 		.ascii	"m_next\000"
 2564      787400
 2565              	.LASF26:
 2566 03de 73797374 		.ascii	"systime_t\000"
 2566      696D655F 
 2566      7400
ARM GAS  /tmp/ccsqp6Pb.s 			page 49


 2567              	.LASF46:
 2568 03e8 705F7265 		.ascii	"p_realprio\000"
 2568      616C7072 
 2568      696F00
 2569              	.LASF7:
 2570 03f3 5F5F696E 		.ascii	"__int32_t\000"
 2570      7433325F 
 2570      7400
 2571              	.LASF40:
 2572 03fd 705F7469 		.ascii	"p_time\000"
 2572      6D6500
 2573              	.LASF52:
 2574 0404 696E7463 		.ascii	"intctx\000"
 2574      747800
 2575              	.LASF42:
 2576 040b 705F6D73 		.ascii	"p_msgqueue\000"
 2576      67717565 
 2576      756500
 2577              	.LASF82:
 2578 0416 63684D74 		.ascii	"chMtxInit\000"
 2578      78496E69 
 2578      7400
 2579              	.LASF38:
 2580 0420 705F7265 		.ascii	"p_refs\000"
 2580      667300
 2581              	.LASF14:
 2582 0427 75696E74 		.ascii	"uint8_t\000"
 2582      385F7400 
 2583              	.LASF71:
 2584 042f 77746F62 		.ascii	"wtobjp\000"
 2584      6A7000
 2585              	.LASF80:
 2586 0436 73697A65 		.ascii	"sizep\000"
 2586      7000
 2587              	.LASF34:
 2588 043c 705F6E61 		.ascii	"p_name\000"
 2588      6D6500
 2589              	.LASF74:
 2590 0443 5F686561 		.ascii	"_heap_init\000"
 2590      705F696E 
 2590      697400
 2591              	.LASF57:
 2592 044e 6D5F6F77 		.ascii	"m_owner\000"
 2592      6E657200 
 2593              	.LASF31:
 2594 0456 705F6374 		.ascii	"p_ctx\000"
 2594      7800
 2595              	.LASF41:
 2596 045c 705F7761 		.ascii	"p_waiting\000"
 2596      6974696E 
 2596      6700
 2597              	.LASF61:
 2598 0466 6D656D6F 		.ascii	"memory_heap\000"
 2598      72795F68 
 2598      65617000 
 2599              		.ident	"GCC: (15:4.9.3+svn231177-1) 4.9.3 20150529 (prerelease)"
ARM GAS  /tmp/ccsqp6Pb.s 			page 50


DEFINED SYMBOLS
                            *ABS*:0000000000000000 chheap.c
     /tmp/ccsqp6Pb.s:19     .text._heap_init:0000000000000000 $t
     /tmp/ccsqp6Pb.s:25     .text._heap_init:0000000000000000 _heap_init
     /tmp/ccsqp6Pb.s:50     .text._heap_init:0000000000000014 $d
     /tmp/ccsqp6Pb.s:56     .text.chHeapInit:0000000000000000 $t
     /tmp/ccsqp6Pb.s:62     .text.chHeapInit:0000000000000000 chHeapInit
     /tmp/ccsqp6Pb.s:126    .text.chHeapInit:0000000000000030 $d
     /tmp/ccsqp6Pb.s:131    .text.chHeapAlloc:0000000000000000 $t
     /tmp/ccsqp6Pb.s:137    .text.chHeapAlloc:0000000000000000 chHeapAlloc
     /tmp/ccsqp6Pb.s:259    .text.chHeapAlloc:000000000000007c $d
     /tmp/ccsqp6Pb.s:264    .text.chHeapFree:0000000000000000 $t
     /tmp/ccsqp6Pb.s:270    .text.chHeapFree:0000000000000000 chHeapFree
     /tmp/ccsqp6Pb.s:438    .text.chHeapFree:00000000000000bc $d
     /tmp/ccsqp6Pb.s:444    .text.chHeapStatus:0000000000000000 $t
     /tmp/ccsqp6Pb.s:450    .text.chHeapStatus:0000000000000000 chHeapStatus
     /tmp/ccsqp6Pb.s:520    .text.chHeapStatus:000000000000003c $d
     /tmp/ccsqp6Pb.s:525    .rodata.str1.4:0000000000000000 $d
     /tmp/ccsqp6Pb.s:535    .bss.default_heap:0000000000000000 $d
     /tmp/ccsqp6Pb.s:539    .bss.default_heap:0000000000000000 default_heap
                     .debug_frame:0000000000000010 $d

UNDEFINED SYMBOLS
chMtxInit
chCoreAlloc
chDbgPanic
chMtxLock
chMtxUnlock
