ARM GAS  /tmp/ccCcjlHa.s 			page 1


   1              		.syntax unified
   2              		.cpu cortex-m4
   3              		.fpu softvfp
   4              		.eabi_attribute 20, 1
   5              		.eabi_attribute 21, 1
   6              		.eabi_attribute 23, 3
   7              		.eabi_attribute 24, 1
   8              		.eabi_attribute 25, 1
   9              		.eabi_attribute 26, 1
  10              		.eabi_attribute 30, 2
  11              		.eabi_attribute 34, 1
  12              		.eabi_attribute 18, 4
  13              		.thumb
  14              		.file	"chvt.c"
  15              		.text
  16              	.Ltext0:
  17              		.cfi_sections	.debug_frame
  18              		.section	.text._vt_init,"ax",%progbits
  19              		.align	2
  20              		.p2align 4,,15
  21              		.global	_vt_init
  22              		.thumb
  23              		.thumb_func
  24              		.type	_vt_init, %function
  25              	_vt_init:
  26              	.LFB7:
  27              		.file 1 "../../ChibiOS_2.6.5/os/kernel/src/chvt.c"
  28              		.loc 1 50 0
  29              		.cfi_startproc
  30              		@ args = 0, pretend = 0, frame = 0
  31              		@ frame_needed = 0, uses_anonymous_args = 0
  32              		@ link register save eliminated.
  33              		.loc 1 52 0
  34 0000 044B     		ldr	r3, .L2
  35              		.loc 1 53 0
  36 0002 4FF0FF31 		mov	r1, #-1
  37              		.loc 1 54 0
  38 0006 0022     		movs	r2, #0
  39              		.loc 1 52 0
  40 0008 5B60     		str	r3, [r3, #4]
  41 000a 1B60     		str	r3, [r3]
  42              		.loc 1 53 0
  43 000c 9960     		str	r1, [r3, #8]
  44              		.loc 1 54 0
  45 000e DA60     		str	r2, [r3, #12]
  46 0010 7047     		bx	lr
  47              	.L3:
  48 0012 00BF     		.align	2
  49              	.L2:
  50 0014 00000000 		.word	.LANCHOR0
  51              		.cfi_endproc
  52              	.LFE7:
  53              		.size	_vt_init, .-_vt_init
  54              		.section	.text.chVTSetI,"ax",%progbits
  55              		.align	2
  56              		.p2align 4,,15
  57              		.global	chVTSetI
ARM GAS  /tmp/ccCcjlHa.s 			page 2


  58              		.thumb
  59              		.thumb_func
  60              		.type	chVTSetI, %function
  61              	chVTSetI:
  62              	.LFB8:
  63              		.loc 1 76 0
  64              		.cfi_startproc
  65              		@ args = 0, pretend = 0, frame = 0
  66              		@ frame_needed = 0, uses_anonymous_args = 0
  67              	.LVL0:
  68 0000 F8B5     		push	{r3, r4, r5, r6, r7, lr}
  69              		.cfi_def_cfa_offset 24
  70              		.cfi_offset 3, -24
  71              		.cfi_offset 4, -20
  72              		.cfi_offset 5, -16
  73              		.cfi_offset 6, -12
  74              		.cfi_offset 7, -8
  75              		.cfi_offset 14, -4
  76              		.loc 1 76 0
  77 0002 0546     		mov	r5, r0
  78 0004 0C46     		mov	r4, r1
  79 0006 1646     		mov	r6, r2
  80 0008 1F46     		mov	r7, r3
  81              		.loc 1 79 0
  82 000a FFF7FEFF 		bl	chDbgCheckClassI
  83              	.LVL1:
  84              		.loc 1 80 0
  85 000e CDB1     		cbz	r5, .L5
  86              		.loc 1 80 0 is_stmt 0 discriminator 2
  87 0010 C6B1     		cbz	r6, .L5
  88              		.loc 1 80 0 discriminator 4
  89 0012 BCB1     		cbz	r4, .L5
  90              	.L6:
  91              		.loc 1 85 0 is_stmt 1
  92 0014 0D49     		ldr	r1, .L19
  93              		.loc 1 83 0
  94 0016 2F61     		str	r7, [r5, #16]
  95              		.loc 1 85 0
  96 0018 0B68     		ldr	r3, [r1]
  97              	.LVL2:
  98              		.loc 1 84 0
  99 001a EE60     		str	r6, [r5, #12]
 100              		.loc 1 86 0
 101 001c 9A68     		ldr	r2, [r3, #8]
 102 001e 9442     		cmp	r4, r2
 103 0020 04D9     		bls	.L7
 104              	.L8:
 105              		.loc 1 88 0
 106 0022 1B68     		ldr	r3, [r3]
 107              	.LVL3:
 108              		.loc 1 87 0
 109 0024 A41A     		subs	r4, r4, r2
 110              	.LVL4:
 111              		.loc 1 86 0
 112 0026 9A68     		ldr	r2, [r3, #8]
 113 0028 A242     		cmp	r2, r4
 114 002a FAD3     		bcc	.L8
ARM GAS  /tmp/ccCcjlHa.s 			page 3


 115              	.L7:
 116              		.loc 1 91 0
 117 002c 5A68     		ldr	r2, [r3, #4]
 118 002e 6A60     		str	r2, [r5, #4]
 119              		.loc 1 94 0
 120 0030 8B42     		cmp	r3, r1
 121              		.loc 1 91 0
 122 0032 2B60     		str	r3, [r5]
 123              		.loc 1 92 0
 124 0034 5D60     		str	r5, [r3, #4]
 125 0036 1560     		str	r5, [r2]
 126              		.loc 1 93 0
 127 0038 AC60     		str	r4, [r5, #8]
 128              		.loc 1 94 0
 129 003a 02D0     		beq	.L4
 130              		.loc 1 95 0
 131 003c 9968     		ldr	r1, [r3, #8]
 132 003e 091B     		subs	r1, r1, r4
 133 0040 9960     		str	r1, [r3, #8]
 134              	.L4:
 135 0042 F8BD     		pop	{r3, r4, r5, r6, r7, pc}
 136              	.LVL5:
 137              	.L5:
 138              		.loc 1 80 0 discriminator 5
 139 0044 0248     		ldr	r0, .L19+4
 140 0046 FFF7FEFF 		bl	chDbgPanic
 141              	.LVL6:
 142 004a E3E7     		b	.L6
 143              	.L20:
 144              		.align	2
 145              	.L19:
 146 004c 00000000 		.word	.LANCHOR0
 147 0050 00000000 		.word	.LC0
 148              		.cfi_endproc
 149              	.LFE8:
 150              		.size	chVTSetI, .-chVTSetI
 151              		.section	.text.chVTResetI,"ax",%progbits
 152              		.align	2
 153              		.p2align 4,,15
 154              		.global	chVTResetI
 155              		.thumb
 156              		.thumb_func
 157              		.type	chVTResetI, %function
 158              	chVTResetI:
 159              	.LFB9:
 160              		.loc 1 106 0
 161              		.cfi_startproc
 162              		@ args = 0, pretend = 0, frame = 0
 163              		@ frame_needed = 0, uses_anonymous_args = 0
 164              	.LVL7:
 165 0000 10B5     		push	{r4, lr}
 166              		.cfi_def_cfa_offset 8
 167              		.cfi_offset 4, -8
 168              		.cfi_offset 14, -4
 169              		.loc 1 106 0
 170 0002 0446     		mov	r4, r0
 171              		.loc 1 108 0
ARM GAS  /tmp/ccCcjlHa.s 			page 4


 172 0004 FFF7FEFF 		bl	chDbgCheckClassI
 173              	.LVL8:
 174              		.loc 1 109 0
 175 0008 84B1     		cbz	r4, .L26
 176              	.L22:
 177              		.loc 1 110 0
 178 000a E368     		ldr	r3, [r4, #12]
 179 000c 93B1     		cbz	r3, .L27
 180              	.L23:
 181              		.loc 1 114 0
 182 000e 2368     		ldr	r3, [r4]
 183 0010 0A4A     		ldr	r2, .L28
 184 0012 9342     		cmp	r3, r2
 185 0014 03D0     		beq	.L24
 186              		.loc 1 115 0
 187 0016 9968     		ldr	r1, [r3, #8]
 188 0018 A268     		ldr	r2, [r4, #8]
 189 001a 0A44     		add	r2, r2, r1
 190 001c 9A60     		str	r2, [r3, #8]
 191              	.L24:
 192              		.loc 1 116 0
 193 001e 6268     		ldr	r2, [r4, #4]
 194 0020 1360     		str	r3, [r2]
 195              		.loc 1 117 0
 196 0022 2168     		ldr	r1, [r4]
 197              		.loc 1 118 0
 198 0024 0023     		movs	r3, #0
 199              		.loc 1 117 0
 200 0026 4A60     		str	r2, [r1, #4]
 201              		.loc 1 118 0
 202 0028 E360     		str	r3, [r4, #12]
 203 002a 10BD     		pop	{r4, pc}
 204              	.LVL9:
 205              	.L26:
 206              		.loc 1 109 0 discriminator 1
 207 002c 0448     		ldr	r0, .L28+4
 208 002e FFF7FEFF 		bl	chDbgPanic
 209              	.LVL10:
 210 0032 EAE7     		b	.L22
 211              	.L27:
 212              		.loc 1 110 0 discriminator 1
 213 0034 0348     		ldr	r0, .L28+8
 214 0036 FFF7FEFF 		bl	chDbgPanic
 215              	.LVL11:
 216 003a E8E7     		b	.L23
 217              	.L29:
 218              		.align	2
 219              	.L28:
 220 003c 00000000 		.word	.LANCHOR0
 221 0040 10000000 		.word	.LC1
 222 0044 20000000 		.word	.LC2
 223              		.cfi_endproc
 224              	.LFE9:
 225              		.size	chVTResetI, .-chVTResetI
 226              		.global	vtlist
 227              		.section	.bss.vtlist,"aw",%nobits
 228              		.align	2
ARM GAS  /tmp/ccCcjlHa.s 			page 5


 229              		.set	.LANCHOR0,. + 0
 230              		.type	vtlist, %object
 231              		.size	vtlist, 16
 232              	vtlist:
 233 0000 00000000 		.space	16
 233      00000000 
 233      00000000 
 233      00000000 
 234              		.section	.rodata.str1.4,"aMS",%progbits,1
 235              		.align	2
 236              	.LC0:
 237 0000 22636856 		.ascii	"\"chVTSetI\"()\000"
 237      54536574 
 237      49222829 
 237      00
 238 000d 000000   		.space	3
 239              	.LC1:
 240 0010 22636856 		.ascii	"\"chVTResetI\"()\000"
 240      54526573 
 240      65744922 
 240      282900
 241 001f 00       		.space	1
 242              	.LC2:
 243 0020 63685654 		.ascii	"chVTResetI(), #1\000"
 243      52657365 
 243      74492829 
 243      2C202331 
 243      00
 244              		.text
 245              	.Letext0:
 246              		.file 2 "/usr/include/newlib/machine/_default_types.h"
 247              		.file 3 "/usr/include/newlib/sys/_stdint.h"
 248              		.file 4 "../../ChibiOS_2.6.5/os/ports/GCC/ARMCMx/chtypes.h"
 249              		.file 5 "../../ChibiOS_2.6.5/os/kernel/include/chvt.h"
 250              		.file 6 "../../ChibiOS_2.6.5/os/kernel/include/chdebug.h"
 251              		.section	.debug_info,"",%progbits
 252              	.Ldebug_info0:
 253 0000 73020000 		.4byte	0x273
 254 0004 0400     		.2byte	0x4
 255 0006 00000000 		.4byte	.Ldebug_abbrev0
 256 000a 04       		.byte	0x4
 257 000b 01       		.uleb128 0x1
 258 000c DA000000 		.4byte	.LASF28
 259 0010 01       		.byte	0x1
 260 0011 78000000 		.4byte	.LASF29
 261 0015 CB010000 		.4byte	.LASF30
 262 0019 00000000 		.4byte	.Ldebug_ranges0+0
 263 001d 00000000 		.4byte	0
 264 0021 00000000 		.4byte	.Ldebug_line0
 265 0025 02       		.uleb128 0x2
 266 0026 04       		.byte	0x4
 267 0027 05       		.byte	0x5
 268 0028 696E7400 		.ascii	"int\000"
 269 002c 03       		.uleb128 0x3
 270 002d 04       		.byte	0x4
 271 002e 07       		.byte	0x7
 272 002f AF000000 		.4byte	.LASF0
ARM GAS  /tmp/ccCcjlHa.s 			page 6


 273 0033 03       		.uleb128 0x3
 274 0034 01       		.byte	0x1
 275 0035 06       		.byte	0x6
 276 0036 62020000 		.4byte	.LASF1
 277 003a 03       		.uleb128 0x3
 278 003b 01       		.byte	0x1
 279 003c 08       		.byte	0x8
 280 003d A1000000 		.4byte	.LASF2
 281 0041 03       		.uleb128 0x3
 282 0042 02       		.byte	0x2
 283 0043 05       		.byte	0x5
 284 0044 3E020000 		.4byte	.LASF3
 285 0048 03       		.uleb128 0x3
 286 0049 02       		.byte	0x2
 287 004a 07       		.byte	0x7
 288 004b 3F000000 		.4byte	.LASF4
 289 004f 03       		.uleb128 0x3
 290 0050 04       		.byte	0x4
 291 0051 05       		.byte	0x5
 292 0052 59020000 		.4byte	.LASF5
 293 0056 04       		.uleb128 0x4
 294 0057 6D000000 		.4byte	.LASF9
 295 005b 02       		.byte	0x2
 296 005c 41       		.byte	0x41
 297 005d 61000000 		.4byte	0x61
 298 0061 03       		.uleb128 0x3
 299 0062 04       		.byte	0x4
 300 0063 07       		.byte	0x7
 301 0064 2D000000 		.4byte	.LASF6
 302 0068 03       		.uleb128 0x3
 303 0069 08       		.byte	0x8
 304 006a 05       		.byte	0x5
 305 006b A9010000 		.4byte	.LASF7
 306 006f 03       		.uleb128 0x3
 307 0070 08       		.byte	0x8
 308 0071 07       		.byte	0x7
 309 0072 BC000000 		.4byte	.LASF8
 310 0076 04       		.uleb128 0x4
 311 0077 50020000 		.4byte	.LASF10
 312 007b 03       		.byte	0x3
 313 007c 20       		.byte	0x20
 314 007d 56000000 		.4byte	0x56
 315 0081 03       		.uleb128 0x3
 316 0082 01       		.byte	0x1
 317 0083 02       		.byte	0x2
 318 0084 88020000 		.4byte	.LASF11
 319 0088 04       		.uleb128 0x4
 320 0089 09000000 		.4byte	.LASF12
 321 008d 04       		.byte	0x4
 322 008e 35       		.byte	0x35
 323 008f 76000000 		.4byte	0x76
 324 0093 05       		.uleb128 0x5
 325 0094 04       		.byte	0x4
 326 0095 03       		.uleb128 0x3
 327 0096 04       		.byte	0x4
 328 0097 07       		.byte	0x7
 329 0098 95010000 		.4byte	.LASF13
ARM GAS  /tmp/ccCcjlHa.s 			page 7


 330 009c 04       		.uleb128 0x4
 331 009d 24000000 		.4byte	.LASF14
 332 00a1 05       		.byte	0x5
 333 00a2 58       		.byte	0x58
 334 00a3 A7000000 		.4byte	0xa7
 335 00a7 06       		.uleb128 0x6
 336 00a8 04       		.byte	0x4
 337 00a9 AD000000 		.4byte	0xad
 338 00ad 07       		.uleb128 0x7
 339 00ae B8000000 		.4byte	0xb8
 340 00b2 08       		.uleb128 0x8
 341 00b3 93000000 		.4byte	0x93
 342 00b7 00       		.byte	0
 343 00b8 04       		.uleb128 0x4
 344 00b9 52000000 		.4byte	.LASF15
 345 00bd 05       		.byte	0x5
 346 00be 5D       		.byte	0x5d
 347 00bf C3000000 		.4byte	0xc3
 348 00c3 09       		.uleb128 0x9
 349 00c4 52000000 		.4byte	.LASF15
 350 00c8 14       		.byte	0x14
 351 00c9 05       		.byte	0x5
 352 00ca 64       		.byte	0x64
 353 00cb 0C010000 		.4byte	0x10c
 354 00cf 0A       		.uleb128 0xa
 355 00d0 75020000 		.4byte	.LASF16
 356 00d4 05       		.byte	0x5
 357 00d5 65       		.byte	0x65
 358 00d6 0C010000 		.4byte	0x10c
 359 00da 00       		.byte	0
 360 00db 0A       		.uleb128 0xa
 361 00dc 48020000 		.4byte	.LASF17
 362 00e0 05       		.byte	0x5
 363 00e1 67       		.byte	0x67
 364 00e2 0C010000 		.4byte	0x10c
 365 00e6 04       		.byte	0x4
 366 00e7 0A       		.uleb128 0xa
 367 00e8 8D010000 		.4byte	.LASF18
 368 00ec 05       		.byte	0x5
 369 00ed 69       		.byte	0x69
 370 00ee 88000000 		.4byte	0x88
 371 00f2 08       		.byte	0x8
 372 00f3 0A       		.uleb128 0xa
 373 00f4 B7010000 		.4byte	.LASF19
 374 00f8 05       		.byte	0x5
 375 00f9 6A       		.byte	0x6a
 376 00fa 9C000000 		.4byte	0x9c
 377 00fe 0C       		.byte	0xc
 378 00ff 0A       		.uleb128 0xa
 379 0100 37020000 		.4byte	.LASF20
 380 0104 05       		.byte	0x5
 381 0105 6C       		.byte	0x6c
 382 0106 93000000 		.4byte	0x93
 383 010a 10       		.byte	0x10
 384 010b 00       		.byte	0
 385 010c 06       		.uleb128 0x6
 386 010d 04       		.byte	0x4
ARM GAS  /tmp/ccCcjlHa.s 			page 8


 387 010e B8000000 		.4byte	0xb8
 388 0112 0B       		.uleb128 0xb
 389 0113 10       		.byte	0x10
 390 0114 05       		.byte	0x5
 391 0115 76       		.byte	0x76
 392 0116 4B010000 		.4byte	0x14b
 393 011a 0A       		.uleb128 0xa
 394 011b 75020000 		.4byte	.LASF16
 395 011f 05       		.byte	0x5
 396 0120 77       		.byte	0x77
 397 0121 0C010000 		.4byte	0x10c
 398 0125 00       		.byte	0
 399 0126 0A       		.uleb128 0xa
 400 0127 48020000 		.4byte	.LASF17
 401 012b 05       		.byte	0x5
 402 012c 79       		.byte	0x79
 403 012d 0C010000 		.4byte	0x10c
 404 0131 04       		.byte	0x4
 405 0132 0A       		.uleb128 0xa
 406 0133 8D010000 		.4byte	.LASF18
 407 0137 05       		.byte	0x5
 408 0138 7B       		.byte	0x7b
 409 0139 88000000 		.4byte	0x88
 410 013d 08       		.byte	0x8
 411 013e 0A       		.uleb128 0xa
 412 013f 9E010000 		.4byte	.LASF21
 413 0143 05       		.byte	0x5
 414 0144 7C       		.byte	0x7c
 415 0145 4B010000 		.4byte	0x14b
 416 0149 0C       		.byte	0xc
 417 014a 00       		.byte	0
 418 014b 0C       		.uleb128 0xc
 419 014c 88000000 		.4byte	0x88
 420 0150 04       		.uleb128 0x4
 421 0151 6E020000 		.4byte	.LASF22
 422 0155 05       		.byte	0x5
 423 0156 7D       		.byte	0x7d
 424 0157 12010000 		.4byte	0x112
 425 015b 06       		.uleb128 0x6
 426 015c 04       		.byte	0x4
 427 015d 61010000 		.4byte	0x161
 428 0161 0D       		.uleb128 0xd
 429 0162 66010000 		.4byte	0x166
 430 0166 03       		.uleb128 0x3
 431 0167 01       		.byte	0x1
 432 0168 08       		.byte	0x8
 433 0169 C6010000 		.4byte	.LASF23
 434 016d 0E       		.uleb128 0xe
 435 016e 64000000 		.4byte	.LASF31
 436 0172 01       		.byte	0x1
 437 0173 32       		.byte	0x32
 438 0174 00000000 		.4byte	.LFB7
 439 0178 18000000 		.4byte	.LFE7-.LFB7
 440 017c 01       		.uleb128 0x1
 441 017d 9C       		.byte	0x9c
 442 017e 0F       		.uleb128 0xf
 443 017f 00000000 		.4byte	.LASF26
ARM GAS  /tmp/ccCcjlHa.s 			page 9


 444 0183 01       		.byte	0x1
 445 0184 4C       		.byte	0x4c
 446 0185 00000000 		.4byte	.LFB8
 447 0189 54000000 		.4byte	.LFE8-.LFB8
 448 018d 01       		.uleb128 0x1
 449 018e 9C       		.byte	0x9c
 450 018f F9010000 		.4byte	0x1f9
 451 0193 10       		.uleb128 0x10
 452 0194 76747000 		.ascii	"vtp\000"
 453 0198 01       		.byte	0x1
 454 0199 4C       		.byte	0x4c
 455 019a 0C010000 		.4byte	0x10c
 456 019e 00000000 		.4byte	.LLST0
 457 01a2 11       		.uleb128 0x11
 458 01a3 5F000000 		.4byte	.LASF24
 459 01a7 01       		.byte	0x1
 460 01a8 4C       		.byte	0x4c
 461 01a9 88000000 		.4byte	0x88
 462 01ad 1E000000 		.4byte	.LLST1
 463 01b1 11       		.uleb128 0x11
 464 01b2 BF010000 		.4byte	.LASF25
 465 01b6 01       		.byte	0x1
 466 01b7 4C       		.byte	0x4c
 467 01b8 9C000000 		.4byte	0x9c
 468 01bc 3C000000 		.4byte	.LLST2
 469 01c0 10       		.uleb128 0x10
 470 01c1 70617200 		.ascii	"par\000"
 471 01c5 01       		.byte	0x1
 472 01c6 4C       		.byte	0x4c
 473 01c7 93000000 		.4byte	0x93
 474 01cb 5A000000 		.4byte	.LLST3
 475 01cf 12       		.uleb128 0x12
 476 01d0 7000     		.ascii	"p\000"
 477 01d2 01       		.byte	0x1
 478 01d3 4D       		.byte	0x4d
 479 01d4 0C010000 		.4byte	0x10c
 480 01d8 78000000 		.4byte	.LLST4
 481 01dc 13       		.uleb128 0x13
 482 01dd 0E000000 		.4byte	.LVL1
 483 01e1 62020000 		.4byte	0x262
 484 01e5 14       		.uleb128 0x14
 485 01e6 4A000000 		.4byte	.LVL6
 486 01ea 69020000 		.4byte	0x269
 487 01ee 15       		.uleb128 0x15
 488 01ef 01       		.uleb128 0x1
 489 01f0 50       		.byte	0x50
 490 01f1 05       		.uleb128 0x5
 491 01f2 03       		.byte	0x3
 492 01f3 00000000 		.4byte	.LC0
 493 01f7 00       		.byte	0
 494 01f8 00       		.byte	0
 495 01f9 0F       		.uleb128 0xf
 496 01fa 7D020000 		.4byte	.LASF27
 497 01fe 01       		.byte	0x1
 498 01ff 6A       		.byte	0x6a
 499 0200 00000000 		.4byte	.LFB9
 500 0204 48000000 		.4byte	.LFE9-.LFB9
ARM GAS  /tmp/ccCcjlHa.s 			page 10


 501 0208 01       		.uleb128 0x1
 502 0209 9C       		.byte	0x9c
 503 020a 51020000 		.4byte	0x251
 504 020e 10       		.uleb128 0x10
 505 020f 76747000 		.ascii	"vtp\000"
 506 0213 01       		.byte	0x1
 507 0214 6A       		.byte	0x6a
 508 0215 0C010000 		.4byte	0x10c
 509 0219 96000000 		.4byte	.LLST5
 510 021d 13       		.uleb128 0x13
 511 021e 08000000 		.4byte	.LVL8
 512 0222 62020000 		.4byte	0x262
 513 0226 16       		.uleb128 0x16
 514 0227 32000000 		.4byte	.LVL10
 515 022b 69020000 		.4byte	0x269
 516 022f 3D020000 		.4byte	0x23d
 517 0233 15       		.uleb128 0x15
 518 0234 01       		.uleb128 0x1
 519 0235 50       		.byte	0x50
 520 0236 05       		.uleb128 0x5
 521 0237 03       		.byte	0x3
 522 0238 10000000 		.4byte	.LC1
 523 023c 00       		.byte	0
 524 023d 14       		.uleb128 0x14
 525 023e 3A000000 		.4byte	.LVL11
 526 0242 69020000 		.4byte	0x269
 527 0246 15       		.uleb128 0x15
 528 0247 01       		.uleb128 0x1
 529 0248 50       		.byte	0x50
 530 0249 05       		.uleb128 0x5
 531 024a 03       		.byte	0x3
 532 024b 20000000 		.4byte	.LC2
 533 024f 00       		.byte	0
 534 0250 00       		.byte	0
 535 0251 17       		.uleb128 0x17
 536 0252 D3000000 		.4byte	.LASF32
 537 0256 01       		.byte	0x1
 538 0257 2A       		.byte	0x2a
 539 0258 50010000 		.4byte	0x150
 540 025c 05       		.uleb128 0x5
 541 025d 03       		.byte	0x3
 542 025e 00000000 		.4byte	vtlist
 543 0262 18       		.uleb128 0x18
 544 0263 13000000 		.4byte	.LASF33
 545 0267 06       		.byte	0x6
 546 0268 ED       		.byte	0xed
 547 0269 19       		.uleb128 0x19
 548 026a 2C020000 		.4byte	.LASF34
 549 026e 06       		.byte	0x6
 550 026f F6       		.byte	0xf6
 551 0270 08       		.uleb128 0x8
 552 0271 5B010000 		.4byte	0x15b
 553 0275 00       		.byte	0
 554 0276 00       		.byte	0
 555              		.section	.debug_abbrev,"",%progbits
 556              	.Ldebug_abbrev0:
 557 0000 01       		.uleb128 0x1
ARM GAS  /tmp/ccCcjlHa.s 			page 11


 558 0001 11       		.uleb128 0x11
 559 0002 01       		.byte	0x1
 560 0003 25       		.uleb128 0x25
 561 0004 0E       		.uleb128 0xe
 562 0005 13       		.uleb128 0x13
 563 0006 0B       		.uleb128 0xb
 564 0007 03       		.uleb128 0x3
 565 0008 0E       		.uleb128 0xe
 566 0009 1B       		.uleb128 0x1b
 567 000a 0E       		.uleb128 0xe
 568 000b 55       		.uleb128 0x55
 569 000c 17       		.uleb128 0x17
 570 000d 11       		.uleb128 0x11
 571 000e 01       		.uleb128 0x1
 572 000f 10       		.uleb128 0x10
 573 0010 17       		.uleb128 0x17
 574 0011 00       		.byte	0
 575 0012 00       		.byte	0
 576 0013 02       		.uleb128 0x2
 577 0014 24       		.uleb128 0x24
 578 0015 00       		.byte	0
 579 0016 0B       		.uleb128 0xb
 580 0017 0B       		.uleb128 0xb
 581 0018 3E       		.uleb128 0x3e
 582 0019 0B       		.uleb128 0xb
 583 001a 03       		.uleb128 0x3
 584 001b 08       		.uleb128 0x8
 585 001c 00       		.byte	0
 586 001d 00       		.byte	0
 587 001e 03       		.uleb128 0x3
 588 001f 24       		.uleb128 0x24
 589 0020 00       		.byte	0
 590 0021 0B       		.uleb128 0xb
 591 0022 0B       		.uleb128 0xb
 592 0023 3E       		.uleb128 0x3e
 593 0024 0B       		.uleb128 0xb
 594 0025 03       		.uleb128 0x3
 595 0026 0E       		.uleb128 0xe
 596 0027 00       		.byte	0
 597 0028 00       		.byte	0
 598 0029 04       		.uleb128 0x4
 599 002a 16       		.uleb128 0x16
 600 002b 00       		.byte	0
 601 002c 03       		.uleb128 0x3
 602 002d 0E       		.uleb128 0xe
 603 002e 3A       		.uleb128 0x3a
 604 002f 0B       		.uleb128 0xb
 605 0030 3B       		.uleb128 0x3b
 606 0031 0B       		.uleb128 0xb
 607 0032 49       		.uleb128 0x49
 608 0033 13       		.uleb128 0x13
 609 0034 00       		.byte	0
 610 0035 00       		.byte	0
 611 0036 05       		.uleb128 0x5
 612 0037 0F       		.uleb128 0xf
 613 0038 00       		.byte	0
 614 0039 0B       		.uleb128 0xb
ARM GAS  /tmp/ccCcjlHa.s 			page 12


 615 003a 0B       		.uleb128 0xb
 616 003b 00       		.byte	0
 617 003c 00       		.byte	0
 618 003d 06       		.uleb128 0x6
 619 003e 0F       		.uleb128 0xf
 620 003f 00       		.byte	0
 621 0040 0B       		.uleb128 0xb
 622 0041 0B       		.uleb128 0xb
 623 0042 49       		.uleb128 0x49
 624 0043 13       		.uleb128 0x13
 625 0044 00       		.byte	0
 626 0045 00       		.byte	0
 627 0046 07       		.uleb128 0x7
 628 0047 15       		.uleb128 0x15
 629 0048 01       		.byte	0x1
 630 0049 27       		.uleb128 0x27
 631 004a 19       		.uleb128 0x19
 632 004b 01       		.uleb128 0x1
 633 004c 13       		.uleb128 0x13
 634 004d 00       		.byte	0
 635 004e 00       		.byte	0
 636 004f 08       		.uleb128 0x8
 637 0050 05       		.uleb128 0x5
 638 0051 00       		.byte	0
 639 0052 49       		.uleb128 0x49
 640 0053 13       		.uleb128 0x13
 641 0054 00       		.byte	0
 642 0055 00       		.byte	0
 643 0056 09       		.uleb128 0x9
 644 0057 13       		.uleb128 0x13
 645 0058 01       		.byte	0x1
 646 0059 03       		.uleb128 0x3
 647 005a 0E       		.uleb128 0xe
 648 005b 0B       		.uleb128 0xb
 649 005c 0B       		.uleb128 0xb
 650 005d 3A       		.uleb128 0x3a
 651 005e 0B       		.uleb128 0xb
 652 005f 3B       		.uleb128 0x3b
 653 0060 0B       		.uleb128 0xb
 654 0061 01       		.uleb128 0x1
 655 0062 13       		.uleb128 0x13
 656 0063 00       		.byte	0
 657 0064 00       		.byte	0
 658 0065 0A       		.uleb128 0xa
 659 0066 0D       		.uleb128 0xd
 660 0067 00       		.byte	0
 661 0068 03       		.uleb128 0x3
 662 0069 0E       		.uleb128 0xe
 663 006a 3A       		.uleb128 0x3a
 664 006b 0B       		.uleb128 0xb
 665 006c 3B       		.uleb128 0x3b
 666 006d 0B       		.uleb128 0xb
 667 006e 49       		.uleb128 0x49
 668 006f 13       		.uleb128 0x13
 669 0070 38       		.uleb128 0x38
 670 0071 0B       		.uleb128 0xb
 671 0072 00       		.byte	0
ARM GAS  /tmp/ccCcjlHa.s 			page 13


 672 0073 00       		.byte	0
 673 0074 0B       		.uleb128 0xb
 674 0075 13       		.uleb128 0x13
 675 0076 01       		.byte	0x1
 676 0077 0B       		.uleb128 0xb
 677 0078 0B       		.uleb128 0xb
 678 0079 3A       		.uleb128 0x3a
 679 007a 0B       		.uleb128 0xb
 680 007b 3B       		.uleb128 0x3b
 681 007c 0B       		.uleb128 0xb
 682 007d 01       		.uleb128 0x1
 683 007e 13       		.uleb128 0x13
 684 007f 00       		.byte	0
 685 0080 00       		.byte	0
 686 0081 0C       		.uleb128 0xc
 687 0082 35       		.uleb128 0x35
 688 0083 00       		.byte	0
 689 0084 49       		.uleb128 0x49
 690 0085 13       		.uleb128 0x13
 691 0086 00       		.byte	0
 692 0087 00       		.byte	0
 693 0088 0D       		.uleb128 0xd
 694 0089 26       		.uleb128 0x26
 695 008a 00       		.byte	0
 696 008b 49       		.uleb128 0x49
 697 008c 13       		.uleb128 0x13
 698 008d 00       		.byte	0
 699 008e 00       		.byte	0
 700 008f 0E       		.uleb128 0xe
 701 0090 2E       		.uleb128 0x2e
 702 0091 00       		.byte	0
 703 0092 3F       		.uleb128 0x3f
 704 0093 19       		.uleb128 0x19
 705 0094 03       		.uleb128 0x3
 706 0095 0E       		.uleb128 0xe
 707 0096 3A       		.uleb128 0x3a
 708 0097 0B       		.uleb128 0xb
 709 0098 3B       		.uleb128 0x3b
 710 0099 0B       		.uleb128 0xb
 711 009a 27       		.uleb128 0x27
 712 009b 19       		.uleb128 0x19
 713 009c 11       		.uleb128 0x11
 714 009d 01       		.uleb128 0x1
 715 009e 12       		.uleb128 0x12
 716 009f 06       		.uleb128 0x6
 717 00a0 40       		.uleb128 0x40
 718 00a1 18       		.uleb128 0x18
 719 00a2 9742     		.uleb128 0x2117
 720 00a4 19       		.uleb128 0x19
 721 00a5 00       		.byte	0
 722 00a6 00       		.byte	0
 723 00a7 0F       		.uleb128 0xf
 724 00a8 2E       		.uleb128 0x2e
 725 00a9 01       		.byte	0x1
 726 00aa 3F       		.uleb128 0x3f
 727 00ab 19       		.uleb128 0x19
 728 00ac 03       		.uleb128 0x3
ARM GAS  /tmp/ccCcjlHa.s 			page 14


 729 00ad 0E       		.uleb128 0xe
 730 00ae 3A       		.uleb128 0x3a
 731 00af 0B       		.uleb128 0xb
 732 00b0 3B       		.uleb128 0x3b
 733 00b1 0B       		.uleb128 0xb
 734 00b2 27       		.uleb128 0x27
 735 00b3 19       		.uleb128 0x19
 736 00b4 11       		.uleb128 0x11
 737 00b5 01       		.uleb128 0x1
 738 00b6 12       		.uleb128 0x12
 739 00b7 06       		.uleb128 0x6
 740 00b8 40       		.uleb128 0x40
 741 00b9 18       		.uleb128 0x18
 742 00ba 9742     		.uleb128 0x2117
 743 00bc 19       		.uleb128 0x19
 744 00bd 01       		.uleb128 0x1
 745 00be 13       		.uleb128 0x13
 746 00bf 00       		.byte	0
 747 00c0 00       		.byte	0
 748 00c1 10       		.uleb128 0x10
 749 00c2 05       		.uleb128 0x5
 750 00c3 00       		.byte	0
 751 00c4 03       		.uleb128 0x3
 752 00c5 08       		.uleb128 0x8
 753 00c6 3A       		.uleb128 0x3a
 754 00c7 0B       		.uleb128 0xb
 755 00c8 3B       		.uleb128 0x3b
 756 00c9 0B       		.uleb128 0xb
 757 00ca 49       		.uleb128 0x49
 758 00cb 13       		.uleb128 0x13
 759 00cc 02       		.uleb128 0x2
 760 00cd 17       		.uleb128 0x17
 761 00ce 00       		.byte	0
 762 00cf 00       		.byte	0
 763 00d0 11       		.uleb128 0x11
 764 00d1 05       		.uleb128 0x5
 765 00d2 00       		.byte	0
 766 00d3 03       		.uleb128 0x3
 767 00d4 0E       		.uleb128 0xe
 768 00d5 3A       		.uleb128 0x3a
 769 00d6 0B       		.uleb128 0xb
 770 00d7 3B       		.uleb128 0x3b
 771 00d8 0B       		.uleb128 0xb
 772 00d9 49       		.uleb128 0x49
 773 00da 13       		.uleb128 0x13
 774 00db 02       		.uleb128 0x2
 775 00dc 17       		.uleb128 0x17
 776 00dd 00       		.byte	0
 777 00de 00       		.byte	0
 778 00df 12       		.uleb128 0x12
 779 00e0 34       		.uleb128 0x34
 780 00e1 00       		.byte	0
 781 00e2 03       		.uleb128 0x3
 782 00e3 08       		.uleb128 0x8
 783 00e4 3A       		.uleb128 0x3a
 784 00e5 0B       		.uleb128 0xb
 785 00e6 3B       		.uleb128 0x3b
ARM GAS  /tmp/ccCcjlHa.s 			page 15


 786 00e7 0B       		.uleb128 0xb
 787 00e8 49       		.uleb128 0x49
 788 00e9 13       		.uleb128 0x13
 789 00ea 02       		.uleb128 0x2
 790 00eb 17       		.uleb128 0x17
 791 00ec 00       		.byte	0
 792 00ed 00       		.byte	0
 793 00ee 13       		.uleb128 0x13
 794 00ef 898201   		.uleb128 0x4109
 795 00f2 00       		.byte	0
 796 00f3 11       		.uleb128 0x11
 797 00f4 01       		.uleb128 0x1
 798 00f5 31       		.uleb128 0x31
 799 00f6 13       		.uleb128 0x13
 800 00f7 00       		.byte	0
 801 00f8 00       		.byte	0
 802 00f9 14       		.uleb128 0x14
 803 00fa 898201   		.uleb128 0x4109
 804 00fd 01       		.byte	0x1
 805 00fe 11       		.uleb128 0x11
 806 00ff 01       		.uleb128 0x1
 807 0100 31       		.uleb128 0x31
 808 0101 13       		.uleb128 0x13
 809 0102 00       		.byte	0
 810 0103 00       		.byte	0
 811 0104 15       		.uleb128 0x15
 812 0105 8A8201   		.uleb128 0x410a
 813 0108 00       		.byte	0
 814 0109 02       		.uleb128 0x2
 815 010a 18       		.uleb128 0x18
 816 010b 9142     		.uleb128 0x2111
 817 010d 18       		.uleb128 0x18
 818 010e 00       		.byte	0
 819 010f 00       		.byte	0
 820 0110 16       		.uleb128 0x16
 821 0111 898201   		.uleb128 0x4109
 822 0114 01       		.byte	0x1
 823 0115 11       		.uleb128 0x11
 824 0116 01       		.uleb128 0x1
 825 0117 31       		.uleb128 0x31
 826 0118 13       		.uleb128 0x13
 827 0119 01       		.uleb128 0x1
 828 011a 13       		.uleb128 0x13
 829 011b 00       		.byte	0
 830 011c 00       		.byte	0
 831 011d 17       		.uleb128 0x17
 832 011e 34       		.uleb128 0x34
 833 011f 00       		.byte	0
 834 0120 03       		.uleb128 0x3
 835 0121 0E       		.uleb128 0xe
 836 0122 3A       		.uleb128 0x3a
 837 0123 0B       		.uleb128 0xb
 838 0124 3B       		.uleb128 0x3b
 839 0125 0B       		.uleb128 0xb
 840 0126 49       		.uleb128 0x49
 841 0127 13       		.uleb128 0x13
 842 0128 3F       		.uleb128 0x3f
ARM GAS  /tmp/ccCcjlHa.s 			page 16


 843 0129 19       		.uleb128 0x19
 844 012a 02       		.uleb128 0x2
 845 012b 18       		.uleb128 0x18
 846 012c 00       		.byte	0
 847 012d 00       		.byte	0
 848 012e 18       		.uleb128 0x18
 849 012f 2E       		.uleb128 0x2e
 850 0130 00       		.byte	0
 851 0131 3F       		.uleb128 0x3f
 852 0132 19       		.uleb128 0x19
 853 0133 03       		.uleb128 0x3
 854 0134 0E       		.uleb128 0xe
 855 0135 3A       		.uleb128 0x3a
 856 0136 0B       		.uleb128 0xb
 857 0137 3B       		.uleb128 0x3b
 858 0138 0B       		.uleb128 0xb
 859 0139 27       		.uleb128 0x27
 860 013a 19       		.uleb128 0x19
 861 013b 3C       		.uleb128 0x3c
 862 013c 19       		.uleb128 0x19
 863 013d 00       		.byte	0
 864 013e 00       		.byte	0
 865 013f 19       		.uleb128 0x19
 866 0140 2E       		.uleb128 0x2e
 867 0141 01       		.byte	0x1
 868 0142 3F       		.uleb128 0x3f
 869 0143 19       		.uleb128 0x19
 870 0144 03       		.uleb128 0x3
 871 0145 0E       		.uleb128 0xe
 872 0146 3A       		.uleb128 0x3a
 873 0147 0B       		.uleb128 0xb
 874 0148 3B       		.uleb128 0x3b
 875 0149 0B       		.uleb128 0xb
 876 014a 27       		.uleb128 0x27
 877 014b 19       		.uleb128 0x19
 878 014c 3C       		.uleb128 0x3c
 879 014d 19       		.uleb128 0x19
 880 014e 00       		.byte	0
 881 014f 00       		.byte	0
 882 0150 00       		.byte	0
 883              		.section	.debug_loc,"",%progbits
 884              	.Ldebug_loc0:
 885              	.LLST0:
 886 0000 00000000 		.4byte	.LVL0
 887 0004 0D000000 		.4byte	.LVL1-1
 888 0008 0100     		.2byte	0x1
 889 000a 50       		.byte	0x50
 890 000b 0D000000 		.4byte	.LVL1-1
 891 000f 54000000 		.4byte	.LFE8
 892 0013 0100     		.2byte	0x1
 893 0015 55       		.byte	0x55
 894 0016 00000000 		.4byte	0
 895 001a 00000000 		.4byte	0
 896              	.LLST1:
 897 001e 00000000 		.4byte	.LVL0
 898 0022 0D000000 		.4byte	.LVL1-1
 899 0026 0100     		.2byte	0x1
ARM GAS  /tmp/ccCcjlHa.s 			page 17


 900 0028 51       		.byte	0x51
 901 0029 0D000000 		.4byte	.LVL1-1
 902 002d 54000000 		.4byte	.LFE8
 903 0031 0100     		.2byte	0x1
 904 0033 54       		.byte	0x54
 905 0034 00000000 		.4byte	0
 906 0038 00000000 		.4byte	0
 907              	.LLST2:
 908 003c 00000000 		.4byte	.LVL0
 909 0040 0D000000 		.4byte	.LVL1-1
 910 0044 0100     		.2byte	0x1
 911 0046 52       		.byte	0x52
 912 0047 0D000000 		.4byte	.LVL1-1
 913 004b 54000000 		.4byte	.LFE8
 914 004f 0100     		.2byte	0x1
 915 0051 56       		.byte	0x56
 916 0052 00000000 		.4byte	0
 917 0056 00000000 		.4byte	0
 918              	.LLST3:
 919 005a 00000000 		.4byte	.LVL0
 920 005e 0D000000 		.4byte	.LVL1-1
 921 0062 0100     		.2byte	0x1
 922 0064 53       		.byte	0x53
 923 0065 0D000000 		.4byte	.LVL1-1
 924 0069 54000000 		.4byte	.LFE8
 925 006d 0100     		.2byte	0x1
 926 006f 57       		.byte	0x57
 927 0070 00000000 		.4byte	0
 928 0074 00000000 		.4byte	0
 929              	.LLST4:
 930 0078 1A000000 		.4byte	.LVL2
 931 007c 24000000 		.4byte	.LVL3
 932 0080 0100     		.2byte	0x1
 933 0082 53       		.byte	0x53
 934 0083 26000000 		.4byte	.LVL4
 935 0087 44000000 		.4byte	.LVL5
 936 008b 0100     		.2byte	0x1
 937 008d 53       		.byte	0x53
 938 008e 00000000 		.4byte	0
 939 0092 00000000 		.4byte	0
 940              	.LLST5:
 941 0096 00000000 		.4byte	.LVL7
 942 009a 07000000 		.4byte	.LVL8-1
 943 009e 0100     		.2byte	0x1
 944 00a0 50       		.byte	0x50
 945 00a1 07000000 		.4byte	.LVL8-1
 946 00a5 48000000 		.4byte	.LFE9
 947 00a9 0100     		.2byte	0x1
 948 00ab 54       		.byte	0x54
 949 00ac 00000000 		.4byte	0
 950 00b0 00000000 		.4byte	0
 951              		.section	.debug_aranges,"",%progbits
 952 0000 2C000000 		.4byte	0x2c
 953 0004 0200     		.2byte	0x2
 954 0006 00000000 		.4byte	.Ldebug_info0
 955 000a 04       		.byte	0x4
 956 000b 00       		.byte	0
ARM GAS  /tmp/ccCcjlHa.s 			page 18


 957 000c 0000     		.2byte	0
 958 000e 0000     		.2byte	0
 959 0010 00000000 		.4byte	.LFB7
 960 0014 18000000 		.4byte	.LFE7-.LFB7
 961 0018 00000000 		.4byte	.LFB8
 962 001c 54000000 		.4byte	.LFE8-.LFB8
 963 0020 00000000 		.4byte	.LFB9
 964 0024 48000000 		.4byte	.LFE9-.LFB9
 965 0028 00000000 		.4byte	0
 966 002c 00000000 		.4byte	0
 967              		.section	.debug_ranges,"",%progbits
 968              	.Ldebug_ranges0:
 969 0000 00000000 		.4byte	.LFB7
 970 0004 18000000 		.4byte	.LFE7
 971 0008 00000000 		.4byte	.LFB8
 972 000c 54000000 		.4byte	.LFE8
 973 0010 00000000 		.4byte	.LFB9
 974 0014 48000000 		.4byte	.LFE9
 975 0018 00000000 		.4byte	0
 976 001c 00000000 		.4byte	0
 977              		.section	.debug_line,"",%progbits
 978              	.Ldebug_line0:
 979 0000 7D010000 		.section	.debug_str,"MS",%progbits,1
 979      02000601 
 979      00000201 
 979      FB0E0D00 
 979      01010101 
 980              	.LASF26:
 981 0000 63685654 		.ascii	"chVTSetI\000"
 981      53657449 
 981      00
 982              	.LASF12:
 983 0009 73797374 		.ascii	"systime_t\000"
 983      696D655F 
 983      7400
 984              	.LASF33:
 985 0013 63684462 		.ascii	"chDbgCheckClassI\000"
 985      67436865 
 985      636B436C 
 985      61737349 
 985      00
 986              	.LASF14:
 987 0024 76746675 		.ascii	"vtfunc_t\000"
 987      6E635F74 
 987      00
 988              	.LASF6:
 989 002d 6C6F6E67 		.ascii	"long unsigned int\000"
 989      20756E73 
 989      69676E65 
 989      6420696E 
 989      7400
 990              	.LASF4:
 991 003f 73686F72 		.ascii	"short unsigned int\000"
 991      7420756E 
 991      7369676E 
 991      65642069 
 991      6E7400
ARM GAS  /tmp/ccCcjlHa.s 			page 19


 992              	.LASF15:
 993 0052 56697274 		.ascii	"VirtualTimer\000"
 993      75616C54 
 993      696D6572 
 993      00
 994              	.LASF24:
 995 005f 74696D65 		.ascii	"time\000"
 995      00
 996              	.LASF31:
 997 0064 5F76745F 		.ascii	"_vt_init\000"
 997      696E6974 
 997      00
 998              	.LASF9:
 999 006d 5F5F7569 		.ascii	"__uint32_t\000"
 999      6E743332 
 999      5F7400
 1000              	.LASF29:
 1001 0078 2E2E2F2E 		.ascii	"../../ChibiOS_2.6.5/os/kernel/src/chvt.c\000"
 1001      2E2F4368 
 1001      6962694F 
 1001      535F322E 
 1001      362E352F 
 1002              	.LASF2:
 1003 00a1 756E7369 		.ascii	"unsigned char\000"
 1003      676E6564 
 1003      20636861 
 1003      7200
 1004              	.LASF0:
 1005 00af 756E7369 		.ascii	"unsigned int\000"
 1005      676E6564 
 1005      20696E74 
 1005      00
 1006              	.LASF8:
 1007 00bc 6C6F6E67 		.ascii	"long long unsigned int\000"
 1007      206C6F6E 
 1007      6720756E 
 1007      7369676E 
 1007      65642069 
 1008              	.LASF32:
 1009 00d3 76746C69 		.ascii	"vtlist\000"
 1009      737400
 1010              	.LASF28:
 1011 00da 474E5520 		.ascii	"GNU C 4.9.3 20150529 (prerelease) -mcpu=cortex-m4 -"
 1011      4320342E 
 1011      392E3320 
 1011      32303135 
 1011      30353239 
 1012 010d 6D6E6F2D 		.ascii	"mno-thumb-interwork -mthumb -ggdb -O2 -fomit-frame-"
 1012      7468756D 
 1012      622D696E 
 1012      74657277 
 1012      6F726B20 
 1013 0140 706F696E 		.ascii	"pointer -falign-functions=16 -ffunction-sections -f"
 1013      74657220 
 1013      2D66616C 
 1013      69676E2D 
 1013      66756E63 
ARM GAS  /tmp/ccCcjlHa.s 			page 20


 1014 0173 64617461 		.ascii	"data-sections -fno-common\000"
 1014      2D736563 
 1014      74696F6E 
 1014      73202D66 
 1014      6E6F2D63 
 1015              	.LASF18:
 1016 018d 76745F74 		.ascii	"vt_time\000"
 1016      696D6500 
 1017              	.LASF13:
 1018 0195 73697A65 		.ascii	"sizetype\000"
 1018      74797065 
 1018      00
 1019              	.LASF21:
 1020 019e 76745F73 		.ascii	"vt_systime\000"
 1020      79737469 
 1020      6D6500
 1021              	.LASF7:
 1022 01a9 6C6F6E67 		.ascii	"long long int\000"
 1022      206C6F6E 
 1022      6720696E 
 1022      7400
 1023              	.LASF19:
 1024 01b7 76745F66 		.ascii	"vt_func\000"
 1024      756E6300 
 1025              	.LASF25:
 1026 01bf 76746675 		.ascii	"vtfunc\000"
 1026      6E6300
 1027              	.LASF23:
 1028 01c6 63686172 		.ascii	"char\000"
 1028      00
 1029              	.LASF30:
 1030 01cb 2F686F6D 		.ascii	"/home/namv1994/CFSD19/Christian STM32 code/STM32F4/"
 1030      652F6E61 
 1030      6D763139 
 1030      39342F43 
 1030      46534431 
 1031 01fe 53544D33 		.ascii	"STM32F4/embedded/ChibiOS/nam-test-USB/USB_CDC\000"
 1031      3246342F 
 1031      656D6265 
 1031      64646564 
 1031      2F436869 
 1032              	.LASF34:
 1033 022c 63684462 		.ascii	"chDbgPanic\000"
 1033      6750616E 
 1033      696300
 1034              	.LASF20:
 1035 0237 76745F70 		.ascii	"vt_par\000"
 1035      617200
 1036              	.LASF3:
 1037 023e 73686F72 		.ascii	"short int\000"
 1037      7420696E 
 1037      7400
 1038              	.LASF17:
 1039 0248 76745F70 		.ascii	"vt_prev\000"
 1039      72657600 
 1040              	.LASF10:
 1041 0250 75696E74 		.ascii	"uint32_t\000"
ARM GAS  /tmp/ccCcjlHa.s 			page 21


 1041      33325F74 
 1041      00
 1042              	.LASF5:
 1043 0259 6C6F6E67 		.ascii	"long int\000"
 1043      20696E74 
 1043      00
 1044              	.LASF1:
 1045 0262 7369676E 		.ascii	"signed char\000"
 1045      65642063 
 1045      68617200 
 1046              	.LASF22:
 1047 026e 56544C69 		.ascii	"VTList\000"
 1047      737400
 1048              	.LASF16:
 1049 0275 76745F6E 		.ascii	"vt_next\000"
 1049      65787400 
 1050              	.LASF27:
 1051 027d 63685654 		.ascii	"chVTResetI\000"
 1051      52657365 
 1051      744900
 1052              	.LASF11:
 1053 0288 5F426F6F 		.ascii	"_Bool\000"
 1053      6C00
 1054              		.ident	"GCC: (15:4.9.3+svn231177-1) 4.9.3 20150529 (prerelease)"
ARM GAS  /tmp/ccCcjlHa.s 			page 22


DEFINED SYMBOLS
                            *ABS*:0000000000000000 chvt.c
     /tmp/ccCcjlHa.s:19     .text._vt_init:0000000000000000 $t
     /tmp/ccCcjlHa.s:25     .text._vt_init:0000000000000000 _vt_init
     /tmp/ccCcjlHa.s:50     .text._vt_init:0000000000000014 $d
     /tmp/ccCcjlHa.s:55     .text.chVTSetI:0000000000000000 $t
     /tmp/ccCcjlHa.s:61     .text.chVTSetI:0000000000000000 chVTSetI
     /tmp/ccCcjlHa.s:146    .text.chVTSetI:000000000000004c $d
     /tmp/ccCcjlHa.s:152    .text.chVTResetI:0000000000000000 $t
     /tmp/ccCcjlHa.s:158    .text.chVTResetI:0000000000000000 chVTResetI
     /tmp/ccCcjlHa.s:220    .text.chVTResetI:000000000000003c $d
     /tmp/ccCcjlHa.s:232    .bss.vtlist:0000000000000000 vtlist
     /tmp/ccCcjlHa.s:228    .bss.vtlist:0000000000000000 $d
     /tmp/ccCcjlHa.s:235    .rodata.str1.4:0000000000000000 $d
                     .debug_frame:0000000000000010 $d

UNDEFINED SYMBOLS
chDbgCheckClassI
chDbgPanic
