ARM GAS  /tmp/ccXtNsFl.s 			page 1


   1              		.syntax unified
   2              		.cpu cortex-m4
   3              		.fpu softvfp
   4              		.eabi_attribute 20, 1
   5              		.eabi_attribute 21, 1
   6              		.eabi_attribute 23, 3
   7              		.eabi_attribute 24, 1
   8              		.eabi_attribute 25, 1
   9              		.eabi_attribute 26, 1
  10              		.eabi_attribute 30, 2
  11              		.eabi_attribute 34, 1
  12              		.eabi_attribute 18, 4
  13              		.thumb
  14              		.file	"i2c_lld.c"
  15              		.text
  16              	.Ltext0:
  17              		.cfi_sections	.debug_frame
  18              	.Letext0:
  19              		.file 1 "/usr/include/newlib/machine/_default_types.h"
  20              		.file 2 "/usr/include/newlib/sys/_stdint.h"
  21              		.file 3 "../../ChibiOS_2.6.5/os/ports/common/ARMCMx/CMSIS/include/core_cm4.h"
  22              		.section	.debug_info,"",%progbits
  23              	.Ldebug_info0:
  24 0000 9C000000 		.4byte	0x9c
  25 0004 0400     		.2byte	0x4
  26 0006 00000000 		.4byte	.Ldebug_abbrev0
  27 000a 04       		.byte	0x4
  28 000b 01       		.uleb128 0x1
  29 000c B8000000 		.4byte	.LASF14
  30 0010 01       		.byte	0x1
  31 0011 87010000 		.4byte	.LASF15
  32 0015 2E000000 		.4byte	.LASF16
  33 0019 00000000 		.4byte	.Ldebug_line0
  34 001d 02       		.uleb128 0x2
  35 001e 04       		.byte	0x4
  36 001f 05       		.byte	0x5
  37 0020 696E7400 		.ascii	"int\000"
  38 0024 03       		.uleb128 0x3
  39 0025 04       		.byte	0x4
  40 0026 07       		.byte	0x7
  41 0027 21000000 		.4byte	.LASF0
  42 002b 03       		.uleb128 0x3
  43 002c 01       		.byte	0x1
  44 002d 06       		.byte	0x6
  45 002e D5010000 		.4byte	.LASF1
  46 0032 03       		.uleb128 0x3
  47 0033 01       		.byte	0x1
  48 0034 08       		.byte	0x8
  49 0035 6B010000 		.4byte	.LASF2
  50 0039 03       		.uleb128 0x3
  51 003a 02       		.byte	0x2
  52 003b 05       		.byte	0x5
  53 003c EB010000 		.4byte	.LASF3
  54 0040 03       		.uleb128 0x3
  55 0041 02       		.byte	0x2
  56 0042 07       		.byte	0x7
  57 0043 0E000000 		.4byte	.LASF4
ARM GAS  /tmp/ccXtNsFl.s 			page 2


  58 0047 04       		.uleb128 0x4
  59 0048 E1010000 		.4byte	.LASF9
  60 004c 01       		.byte	0x1
  61 004d 3F       		.byte	0x3f
  62 004e 52000000 		.4byte	0x52
  63 0052 03       		.uleb128 0x3
  64 0053 04       		.byte	0x4
  65 0054 05       		.byte	0x5
  66 0055 7E010000 		.4byte	.LASF5
  67 0059 03       		.uleb128 0x3
  68 005a 04       		.byte	0x4
  69 005b 07       		.byte	0x7
  70 005c 8F000000 		.4byte	.LASF6
  71 0060 03       		.uleb128 0x3
  72 0061 08       		.byte	0x8
  73 0062 05       		.byte	0x5
  74 0063 00000000 		.4byte	.LASF7
  75 0067 03       		.uleb128 0x3
  76 0068 08       		.byte	0x8
  77 0069 07       		.byte	0x7
  78 006a A1000000 		.4byte	.LASF8
  79 006e 04       		.uleb128 0x4
  80 006f F5010000 		.4byte	.LASF10
  81 0073 02       		.byte	0x2
  82 0074 1F       		.byte	0x1f
  83 0075 47000000 		.4byte	0x47
  84 0079 03       		.uleb128 0x3
  85 007a 01       		.byte	0x1
  86 007b 02       		.byte	0x2
  87 007c C2010000 		.4byte	.LASF11
  88 0080 03       		.uleb128 0x3
  89 0081 04       		.byte	0x4
  90 0082 07       		.byte	0x7
  91 0083 FD010000 		.4byte	.LASF12
  92 0087 03       		.uleb128 0x3
  93 0088 01       		.byte	0x1
  94 0089 08       		.byte	0x8
  95 008a 79010000 		.4byte	.LASF13
  96 008e 05       		.uleb128 0x5
  97 008f 6E000000 		.4byte	0x6e
  98 0093 06       		.uleb128 0x6
  99 0094 C8010000 		.4byte	.LASF17
 100 0098 03       		.byte	0x3
 101 0099 9806     		.2byte	0x698
 102 009b 8E000000 		.4byte	0x8e
 103 009f 00       		.byte	0
 104              		.section	.debug_abbrev,"",%progbits
 105              	.Ldebug_abbrev0:
 106 0000 01       		.uleb128 0x1
 107 0001 11       		.uleb128 0x11
 108 0002 01       		.byte	0x1
 109 0003 25       		.uleb128 0x25
 110 0004 0E       		.uleb128 0xe
 111 0005 13       		.uleb128 0x13
 112 0006 0B       		.uleb128 0xb
 113 0007 03       		.uleb128 0x3
 114 0008 0E       		.uleb128 0xe
ARM GAS  /tmp/ccXtNsFl.s 			page 3


 115 0009 1B       		.uleb128 0x1b
 116 000a 0E       		.uleb128 0xe
 117 000b 10       		.uleb128 0x10
 118 000c 17       		.uleb128 0x17
 119 000d 00       		.byte	0
 120 000e 00       		.byte	0
 121 000f 02       		.uleb128 0x2
 122 0010 24       		.uleb128 0x24
 123 0011 00       		.byte	0
 124 0012 0B       		.uleb128 0xb
 125 0013 0B       		.uleb128 0xb
 126 0014 3E       		.uleb128 0x3e
 127 0015 0B       		.uleb128 0xb
 128 0016 03       		.uleb128 0x3
 129 0017 08       		.uleb128 0x8
 130 0018 00       		.byte	0
 131 0019 00       		.byte	0
 132 001a 03       		.uleb128 0x3
 133 001b 24       		.uleb128 0x24
 134 001c 00       		.byte	0
 135 001d 0B       		.uleb128 0xb
 136 001e 0B       		.uleb128 0xb
 137 001f 3E       		.uleb128 0x3e
 138 0020 0B       		.uleb128 0xb
 139 0021 03       		.uleb128 0x3
 140 0022 0E       		.uleb128 0xe
 141 0023 00       		.byte	0
 142 0024 00       		.byte	0
 143 0025 04       		.uleb128 0x4
 144 0026 16       		.uleb128 0x16
 145 0027 00       		.byte	0
 146 0028 03       		.uleb128 0x3
 147 0029 0E       		.uleb128 0xe
 148 002a 3A       		.uleb128 0x3a
 149 002b 0B       		.uleb128 0xb
 150 002c 3B       		.uleb128 0x3b
 151 002d 0B       		.uleb128 0xb
 152 002e 49       		.uleb128 0x49
 153 002f 13       		.uleb128 0x13
 154 0030 00       		.byte	0
 155 0031 00       		.byte	0
 156 0032 05       		.uleb128 0x5
 157 0033 35       		.uleb128 0x35
 158 0034 00       		.byte	0
 159 0035 49       		.uleb128 0x49
 160 0036 13       		.uleb128 0x13
 161 0037 00       		.byte	0
 162 0038 00       		.byte	0
 163 0039 06       		.uleb128 0x6
 164 003a 34       		.uleb128 0x34
 165 003b 00       		.byte	0
 166 003c 03       		.uleb128 0x3
 167 003d 0E       		.uleb128 0xe
 168 003e 3A       		.uleb128 0x3a
 169 003f 0B       		.uleb128 0xb
 170 0040 3B       		.uleb128 0x3b
 171 0041 05       		.uleb128 0x5
ARM GAS  /tmp/ccXtNsFl.s 			page 4


 172 0042 49       		.uleb128 0x49
 173 0043 13       		.uleb128 0x13
 174 0044 3F       		.uleb128 0x3f
 175 0045 19       		.uleb128 0x19
 176 0046 3C       		.uleb128 0x3c
 177 0047 19       		.uleb128 0x19
 178 0048 00       		.byte	0
 179 0049 00       		.byte	0
 180 004a 00       		.byte	0
 181              		.section	.debug_aranges,"",%progbits
 182 0000 14000000 		.4byte	0x14
 183 0004 0200     		.2byte	0x2
 184 0006 00000000 		.4byte	.Ldebug_info0
 185 000a 04       		.byte	0x4
 186 000b 00       		.byte	0
 187 000c 0000     		.2byte	0
 188 000e 0000     		.2byte	0
 189 0010 00000000 		.4byte	0
 190 0014 00000000 		.4byte	0
 191              		.section	.debug_line,"",%progbits
 192              	.Ldebug_line0:
 193 0000 B5000000 		.section	.debug_str,"MS",%progbits,1
 193      0200AF00 
 193      00000201 
 193      FB0E0D00 
 193      01010101 
 194              	.LASF7:
 195 0000 6C6F6E67 		.ascii	"long long int\000"
 195      206C6F6E 
 195      6720696E 
 195      7400
 196              	.LASF4:
 197 000e 73686F72 		.ascii	"short unsigned int\000"
 197      7420756E 
 197      7369676E 
 197      65642069 
 197      6E7400
 198              	.LASF0:
 199 0021 756E7369 		.ascii	"unsigned int\000"
 199      676E6564 
 199      20696E74 
 199      00
 200              	.LASF16:
 201 002e 2F686F6D 		.ascii	"/home/namv1994/CFSD19/Christian STM32 code/STM32F4/"
 201      652F6E61 
 201      6D763139 
 201      39342F43 
 201      46534431 
 202 0061 53544D33 		.ascii	"STM32F4/embedded/ChibiOS/nam-test-USB/USB_CDC\000"
 202      3246342F 
 202      656D6265 
 202      64646564 
 202      2F436869 
 203              	.LASF6:
 204 008f 6C6F6E67 		.ascii	"long unsigned int\000"
 204      20756E73 
 204      69676E65 
ARM GAS  /tmp/ccXtNsFl.s 			page 5


 204      6420696E 
 204      7400
 205              	.LASF8:
 206 00a1 6C6F6E67 		.ascii	"long long unsigned int\000"
 206      206C6F6E 
 206      6720756E 
 206      7369676E 
 206      65642069 
 207              	.LASF14:
 208 00b8 474E5520 		.ascii	"GNU C 4.9.3 20150529 (prerelease) -mcpu=cortex-m4 -"
 208      4320342E 
 208      392E3320 
 208      32303135 
 208      30353239 
 209 00eb 6D6E6F2D 		.ascii	"mno-thumb-interwork -mthumb -ggdb -O2 -fomit-frame-"
 209      7468756D 
 209      622D696E 
 209      74657277 
 209      6F726B20 
 210 011e 706F696E 		.ascii	"pointer -falign-functions=16 -ffunction-sections -f"
 210      74657220 
 210      2D66616C 
 210      69676E2D 
 210      66756E63 
 211 0151 64617461 		.ascii	"data-sections -fno-common\000"
 211      2D736563 
 211      74696F6E 
 211      73202D66 
 211      6E6F2D63 
 212              	.LASF2:
 213 016b 756E7369 		.ascii	"unsigned char\000"
 213      676E6564 
 213      20636861 
 213      7200
 214              	.LASF13:
 215 0179 63686172 		.ascii	"char\000"
 215      00
 216              	.LASF5:
 217 017e 6C6F6E67 		.ascii	"long int\000"
 217      20696E74 
 217      00
 218              	.LASF15:
 219 0187 2E2E2F2E 		.ascii	"../../ChibiOS_2.6.5/os/hal/platforms/STM32/I2Cv1/i2"
 219      2E2F4368 
 219      6962694F 
 219      535F322E 
 219      362E352F 
 220 01ba 635F6C6C 		.ascii	"c_lld.c\000"
 220      642E6300 
 221              	.LASF11:
 222 01c2 5F426F6F 		.ascii	"_Bool\000"
 222      6C00
 223              	.LASF17:
 224 01c8 49544D5F 		.ascii	"ITM_RxBuffer\000"
 224      52784275 
 224      66666572 
 224      00
ARM GAS  /tmp/ccXtNsFl.s 			page 6


 225              	.LASF1:
 226 01d5 7369676E 		.ascii	"signed char\000"
 226      65642063 
 226      68617200 
 227              	.LASF9:
 228 01e1 5F5F696E 		.ascii	"__int32_t\000"
 228      7433325F 
 228      7400
 229              	.LASF3:
 230 01eb 73686F72 		.ascii	"short int\000"
 230      7420696E 
 230      7400
 231              	.LASF10:
 232 01f5 696E7433 		.ascii	"int32_t\000"
 232      325F7400 
 233              	.LASF12:
 234 01fd 73697A65 		.ascii	"sizetype\000"
 234      74797065 
 234      00
 235              		.ident	"GCC: (15:4.9.3+svn231177-1) 4.9.3 20150529 (prerelease)"
ARM GAS  /tmp/ccXtNsFl.s 			page 7


DEFINED SYMBOLS
                            *ABS*:0000000000000000 i2c_lld.c

NO UNDEFINED SYMBOLS
